======================================================================
TASK A: Prepare 100M English corpus from BabyLM 2026 Strict
======================================================================

Step 1: Download official corpus...
Loading BabyLM 2026 Strict dataset from HuggingFace...
Writing 11601896 examples to data/corpora/strict/english_base.txt...
  10000/11601896 examples (116,016 words so far)
  20000/11601896 examples (320,461 words so far)
  30000/11601896 examples (395,249 words so far)
  40000/11601896 examples (469,116 words so far)
  50000/11601896 examples (573,838 words so far)
  60000/11601896 examples (683,244 words so far)
  70000/11601896 examples (815,511 words so far)
  80000/11601896 examples (887,675 words so far)
  90000/11601896 examples (955,802 words so far)
  100000/11601896 examples (1,123,340 words so far)
  110000/11601896 examples (1,203,723 words so far)
  120000/11601896 examples (1,309,460 words so far)
  130000/11601896 examples (1,424,968 words so far)
  140000/11601896 examples (1,526,244 words so far)
  150000/11601896 examples (1,649,286 words so far)
  160000/11601896 examples (1,701,742 words so far)
  170000/11601896 examples (1,810,319 words so far)
  180000/11601896 examples (1,903,718 words so far)
  190000/11601896 examples (2,019,359 words so far)
  200000/11601896 examples (2,117,648 words so far)
  210000/11601896 examples (2,203,675 words so far)
  220000/11601896 examples (2,294,855 words so far)
  230000/11601896 examples (2,413,939 words so far)
  240000/11601896 examples (2,522,343 words so far)
  250000/11601896 examples (2,603,214 words so far)
  260000/11601896 examples (2,684,516 words so far)
  270000/11601896 examples (2,792,696 words so far)
  280000/11601896 examples (2,859,015 words so far)
  290000/11601896 examples (2,962,335 words so far)
  300000/11601896 examples (3,026,144 words so far)
  310000/11601896 examples (3,116,878 words so far)
  320000/11601896 examples (3,199,464 words so far)
  330000/11601896 examples (3,259,782 words so far)
  340000/11601896 examples (3,380,877 words so far)
  350000/11601896 examples (3,465,168 words so far)
  360000/11601896 examples (3,547,981 words so far)
  370000/11601896 examples (3,601,126 words so far)
  380000/11601896 examples (3,723,606 words so far)
  390000/11601896 examples (3,792,204 words so far)
  400000/11601896 examples (3,854,835 words so far)
  410000/11601896 examples (3,923,122 words so far)
  420000/11601896 examples (4,041,354 words so far)
  430000/11601896 examples (4,157,712 words so far)
  440000/11601896 examples (4,226,706 words so far)
  450000/11601896 examples (4,293,973 words so far)
  460000/11601896 examples (4,370,046 words so far)
  470000/11601896 examples (4,482,763 words so far)
  480000/11601896 examples (4,560,502 words so far)
  490000/11601896 examples (4,613,259 words so far)
  500000/11601896 examples (4,679,486 words so far)
  510000/11601896 examples (4,745,658 words so far)
  520000/11601896 examples (4,874,943 words so far)
  530000/11601896 examples (4,998,419 words so far)
  540000/11601896 examples (5,095,777 words so far)
  550000/11601896 examples (5,152,199 words so far)
  560000/11601896 examples (5,215,751 words so far)
  570000/11601896 examples (5,287,492 words so far)
  580000/11601896 examples (5,387,472 words so far)
  590000/11601896 examples (5,532,118 words so far)
  600000/11601896 examples (5,629,335 words so far)
  610000/11601896 examples (5,746,325 words so far)
  620000/11601896 examples (5,811,754 words so far)
  630000/11601896 examples (5,988,285 words so far)
  640000/11601896 examples (6,065,378 words so far)
  650000/11601896 examples (6,154,157 words so far)
  660000/11601896 examples (6,275,880 words so far)
  670000/11601896 examples (6,390,869 words so far)
  680000/11601896 examples (6,506,836 words so far)
  690000/11601896 examples (6,578,287 words so far)
  700000/11601896 examples (6,656,555 words so far)
  710000/11601896 examples (6,766,826 words so far)
  720000/11601896 examples (6,828,366 words so far)
  730000/11601896 examples (6,925,478 words so far)
  740000/11601896 examples (7,067,212 words so far)
  750000/11601896 examples (7,181,594 words so far)
  760000/11601896 examples (7,237,098 words so far)
  770000/11601896 examples (7,317,680 words so far)
  780000/11601896 examples (7,386,685 words so far)
  790000/11601896 examples (7,459,655 words so far)
  800000/11601896 examples (7,595,185 words so far)
  810000/11601896 examples (7,649,670 words so far)
  820000/11601896 examples (7,695,852 words so far)
  830000/11601896 examples (7,744,272 words so far)
  840000/11601896 examples (7,794,528 words so far)
  850000/11601896 examples (7,844,534 words so far)
  860000/11601896 examples (7,893,895 words so far)
  870000/11601896 examples (7,941,739 words so far)
  880000/11601896 examples (7,992,091 words so far)
  890000/11601896 examples (8,039,061 words so far)
  900000/11601896 examples (8,087,570 words so far)
  910000/11601896 examples (8,134,030 words so far)
  920000/11601896 examples (8,179,646 words so far)
  930000/11601896 examples (8,227,459 words so far)
  940000/11601896 examples (8,275,975 words so far)
  950000/11601896 examples (8,334,900 words so far)
  960000/11601896 examples (8,400,848 words so far)
  970000/11601896 examples (8,469,355 words so far)
  980000/11601896 examples (8,528,682 words so far)
  990000/11601896 examples (8,578,605 words so far)
  1000000/11601896 examples (8,627,055 words so far)
  1010000/11601896 examples (8,674,375 words so far)
  1020000/11601896 examples (8,720,118 words so far)
  1030000/11601896 examples (8,771,944 words so far)
  1040000/11601896 examples (8,831,586 words so far)
  1050000/11601896 examples (8,886,865 words so far)
  1060000/11601896 examples (8,938,664 words so far)
  1070000/11601896 examples (8,986,710 words so far)
  1080000/11601896 examples (9,035,225 words so far)
  1090000/11601896 examples (9,087,724 words so far)
  1100000/11601896 examples (9,140,812 words so far)
  1110000/11601896 examples (9,196,669 words so far)
  1120000/11601896 examples (9,250,858 words so far)
  1130000/11601896 examples (9,300,548 words so far)
  1140000/11601896 examples (9,355,950 words so far)
  1150000/11601896 examples (9,420,907 words so far)
  1160000/11601896 examples (9,485,770 words so far)
  1170000/11601896 examples (9,539,218 words so far)
  1180000/11601896 examples (9,592,321 words so far)
  1190000/11601896 examples (9,643,469 words so far)
  1200000/11601896 examples (9,688,565 words so far)
  1210000/11601896 examples (9,737,389 words so far)
  1220000/11601896 examples (9,794,915 words so far)
  1230000/11601896 examples (9,854,049 words so far)
  1240000/11601896 examples (9,912,409 words so far)
  1250000/11601896 examples (9,971,508 words so far)
  1260000/11601896 examples (10,029,151 words so far)
  1270000/11601896 examples (10,085,181 words so far)
  1280000/11601896 examples (10,143,979 words so far)
  1290000/11601896 examples (10,206,784 words so far)
  1300000/11601896 examples (10,263,839 words so far)
  1310000/11601896 examples (10,318,776 words so far)
  1320000/11601896 examples (10,376,283 words so far)
  1330000/11601896 examples (10,435,558 words so far)
  1340000/11601896 examples (10,492,178 words so far)
  1350000/11601896 examples (10,537,891 words so far)
  1360000/11601896 examples (10,577,050 words so far)
  1370000/11601896 examples (10,614,720 words so far)
  1380000/11601896 examples (10,653,121 words so far)
  1390000/11601896 examples (10,692,764 words so far)
  1400000/11601896 examples (10,731,913 words so far)
  1410000/11601896 examples (10,769,907 words so far)
  1420000/11601896 examples (10,805,810 words so far)
  1430000/11601896 examples (10,850,499 words so far)
  1440000/11601896 examples (10,898,327 words so far)
  1450000/11601896 examples (10,947,080 words so far)
  1460000/11601896 examples (10,990,310 words so far)
  1470000/11601896 examples (11,032,552 words so far)
  1480000/11601896 examples (11,079,067 words so far)
  1490000/11601896 examples (11,129,696 words so far)
  1500000/11601896 examples (11,175,683 words so far)
  1510000/11601896 examples (11,222,902 words so far)
  1520000/11601896 examples (11,270,349 words so far)
  1530000/11601896 examples (11,317,314 words so far)
  1540000/11601896 examples (11,362,169 words so far)
  1550000/11601896 examples (11,409,601 words so far)
  1560000/11601896 examples (11,456,919 words so far)
  1570000/11601896 examples (11,506,461 words so far)
  1580000/11601896 examples (11,552,727 words so far)
  1590000/11601896 examples (11,600,459 words so far)
  1600000/11601896 examples (11,646,527 words so far)
  1610000/11601896 examples (11,692,939 words so far)
  1620000/11601896 examples (11,739,151 words so far)
  1630000/11601896 examples (11,785,974 words so far)
  1640000/11601896 examples (11,830,081 words so far)
  1650000/11601896 examples (11,877,223 words so far)
  1660000/11601896 examples (11,926,001 words so far)
  1670000/11601896 examples (11,977,368 words so far)
  1680000/11601896 examples (12,023,576 words so far)
  1690000/11601896 examples (12,067,210 words so far)
  1700000/11601896 examples (12,110,685 words so far)
  1710000/11601896 examples (12,154,510 words so far)
  1720000/11601896 examples (12,199,967 words so far)
  1730000/11601896 examples (12,243,942 words so far)
  1740000/11601896 examples (12,289,475 words so far)
  1750000/11601896 examples (12,335,869 words so far)
  1760000/11601896 examples (12,381,289 words so far)
  1770000/11601896 examples (12,425,954 words so far)
  1780000/11601896 examples (12,470,422 words so far)
  1790000/11601896 examples (12,514,552 words so far)
  1800000/11601896 examples (12,558,216 words so far)
  1810000/11601896 examples (12,603,872 words so far)
  1820000/11601896 examples (12,669,015 words so far)
  1830000/11601896 examples (12,738,739 words so far)
  1840000/11601896 examples (12,814,655 words so far)
  1850000/11601896 examples (12,888,243 words so far)
  1860000/11601896 examples (12,973,863 words so far)
  1870000/11601896 examples (13,061,062 words so far)
  1880000/11601896 examples (13,131,199 words so far)
  1890000/11601896 examples (13,175,215 words so far)
  1900000/11601896 examples (13,217,744 words so far)
  1910000/11601896 examples (13,266,536 words so far)
  1920000/11601896 examples (13,356,858 words so far)
  1930000/11601896 examples (13,423,447 words so far)
  1940000/11601896 examples (13,472,156 words so far)
  1950000/11601896 examples (13,524,063 words so far)
  1960000/11601896 examples (13,575,329 words so far)
  1970000/11601896 examples (13,626,971 words so far)
  1980000/11601896 examples (13,688,433 words so far)
  1990000/11601896 examples (13,733,872 words so far)
  2000000/11601896 examples (13,784,559 words so far)
  2010000/11601896 examples (13,833,382 words so far)
  2020000/11601896 examples (13,886,698 words so far)
  2030000/11601896 examples (13,944,743 words so far)
  2040000/11601896 examples (14,001,289 words so far)
  2050000/11601896 examples (14,057,274 words so far)
  2060000/11601896 examples (14,113,184 words so far)
  2070000/11601896 examples (14,161,507 words so far)
  2080000/11601896 examples (14,208,761 words so far)
  2090000/11601896 examples (14,254,508 words so far)
  2100000/11601896 examples (14,300,566 words so far)
  2110000/11601896 examples (14,346,854 words so far)
  2120000/11601896 examples (14,393,288 words so far)
  2130000/11601896 examples (14,441,849 words so far)
  2140000/11601896 examples (14,491,210 words so far)
  2150000/11601896 examples (14,537,133 words so far)
  2160000/11601896 examples (14,585,391 words so far)
  2170000/11601896 examples (14,635,025 words so far)
  2180000/11601896 examples (14,683,433 words so far)
  2190000/11601896 examples (14,734,644 words so far)
  2200000/11601896 examples (14,786,302 words so far)
  2210000/11601896 examples (14,831,635 words so far)
  2220000/11601896 examples (14,877,647 words so far)
  2230000/11601896 examples (14,930,830 words so far)
  2240000/11601896 examples (14,985,911 words so far)
  2250000/11601896 examples (15,040,688 words so far)
  2260000/11601896 examples (15,089,205 words so far)
  2270000/11601896 examples (15,139,771 words so far)
  2280000/11601896 examples (15,195,289 words so far)
  2290000/11601896 examples (15,254,398 words so far)
  2300000/11601896 examples (15,313,997 words so far)
  2310000/11601896 examples (15,372,819 words so far)
  2320000/11601896 examples (15,435,830 words so far)
  2330000/11601896 examples (15,496,094 words so far)
  2340000/11601896 examples (15,554,861 words so far)
  2350000/11601896 examples (15,615,632 words so far)
  2360000/11601896 examples (15,680,301 words so far)
  2370000/11601896 examples (15,744,485 words so far)
  2380000/11601896 examples (15,803,265 words so far)
  2390000/11601896 examples (15,869,136 words so far)
  2400000/11601896 examples (15,944,083 words so far)
  2410000/11601896 examples (16,013,611 words so far)
  2420000/11601896 examples (16,086,017 words so far)
  2430000/11601896 examples (16,138,072 words so far)
  2440000/11601896 examples (16,191,110 words so far)
  2450000/11601896 examples (16,243,911 words so far)
  2460000/11601896 examples (16,298,786 words so far)
  2470000/11601896 examples (16,353,622 words so far)
  2480000/11601896 examples (16,411,955 words so far)
  2490000/11601896 examples (16,467,731 words so far)
  2500000/11601896 examples (16,516,930 words so far)
  2510000/11601896 examples (16,560,116 words so far)
  2520000/11601896 examples (16,599,868 words so far)
  2530000/11601896 examples (16,654,310 words so far)
  2540000/11601896 examples (16,710,735 words so far)
  2550000/11601896 examples (16,758,767 words so far)
  2560000/11601896 examples (16,806,051 words so far)
  2570000/11601896 examples (16,854,330 words so far)
  2580000/11601896 examples (16,902,624 words so far)
  2590000/11601896 examples (16,949,455 words so far)
  2600000/11601896 examples (17,016,785 words so far)
  2610000/11601896 examples (17,072,521 words so far)
  2620000/11601896 examples (17,117,587 words so far)
  2630000/11601896 examples (17,161,967 words so far)
  2640000/11601896 examples (17,208,929 words so far)
  2650000/11601896 examples (17,250,500 words so far)
  2660000/11601896 examples (17,299,086 words so far)
  2670000/11601896 examples (17,346,958 words so far)
  2680000/11601896 examples (17,391,748 words so far)
  2690000/11601896 examples (17,434,779 words so far)
  2700000/11601896 examples (17,481,977 words so far)
  2710000/11601896 examples (17,527,567 words so far)
  2720000/11601896 examples (17,567,282 words so far)
  2730000/11601896 examples (17,597,169 words so far)
  2740000/11601896 examples (17,626,731 words so far)
  2750000/11601896 examples (17,655,772 words so far)
  2760000/11601896 examples (17,714,437 words so far)
  2770000/11601896 examples (17,773,088 words so far)
  2780000/11601896 examples (17,833,514 words so far)
  2790000/11601896 examples (17,896,294 words so far)
  2800000/11601896 examples (17,956,902 words so far)
  2810000/11601896 examples (18,020,299 words so far)
  2820000/11601896 examples (18,080,700 words so far)
  2830000/11601896 examples (18,142,439 words so far)
  2840000/11601896 examples (18,205,210 words so far)
  2850000/11601896 examples (18,272,756 words so far)
  2860000/11601896 examples (18,334,619 words so far)
  2870000/11601896 examples (18,385,596 words so far)
  2880000/11601896 examples (18,437,981 words so far)
  2890000/11601896 examples (18,496,201 words so far)
  2900000/11601896 examples (18,554,518 words so far)
  2910000/11601896 examples (18,611,910 words so far)
  2920000/11601896 examples (18,670,127 words so far)
  2930000/11601896 examples (18,727,936 words so far)
  2940000/11601896 examples (18,780,936 words so far)
  2950000/11601896 examples (18,830,384 words so far)
  2960000/11601896 examples (18,870,348 words so far)
  2970000/11601896 examples (18,913,320 words so far)
  2980000/11601896 examples (18,971,290 words so far)
  2990000/11601896 examples (19,030,304 words so far)
  3000000/11601896 examples (19,087,064 words so far)
  3010000/11601896 examples (19,147,470 words so far)
  3020000/11601896 examples (19,191,333 words so far)
  3030000/11601896 examples (19,234,615 words so far)
  3040000/11601896 examples (19,281,722 words so far)
  3050000/11601896 examples (19,333,670 words so far)
  3060000/11601896 examples (19,384,096 words so far)
  3070000/11601896 examples (19,432,286 words so far)
  3080000/11601896 examples (19,475,236 words so far)
  3090000/11601896 examples (19,518,951 words so far)
  3100000/11601896 examples (19,563,917 words so far)
  3110000/11601896 examples (19,604,530 words so far)
  3120000/11601896 examples (19,645,659 words so far)
  3130000/11601896 examples (19,688,003 words so far)
  3140000/11601896 examples (19,735,053 words so far)
  3150000/11601896 examples (19,781,820 words so far)
  3160000/11601896 examples (19,826,954 words so far)
  3170000/11601896 examples (19,875,469 words so far)
  3180000/11601896 examples (19,921,188 words so far)
  3190000/11601896 examples (19,971,657 words so far)
  3200000/11601896 examples (20,021,216 words so far)
  3210000/11601896 examples (20,070,814 words so far)
  3220000/11601896 examples (20,127,719 words so far)
  3230000/11601896 examples (20,184,898 words so far)
  3240000/11601896 examples (20,239,200 words so far)
  3250000/11601896 examples (20,298,391 words so far)
  3260000/11601896 examples (20,357,634 words so far)
  3270000/11601896 examples (20,419,696 words so far)
  3280000/11601896 examples (20,482,564 words so far)
  3290000/11601896 examples (20,541,725 words so far)
  3300000/11601896 examples (20,598,060 words so far)
  3310000/11601896 examples (20,656,523 words so far)
  3320000/11601896 examples (20,710,377 words so far)
  3330000/11601896 examples (20,768,750 words so far)
  3340000/11601896 examples (20,828,092 words so far)
  3350000/11601896 examples (20,884,400 words so far)
  3360000/11601896 examples (20,938,882 words so far)
  3370000/11601896 examples (20,992,610 words so far)
  3380000/11601896 examples (21,045,324 words so far)
  3390000/11601896 examples (21,098,463 words so far)
  3400000/11601896 examples (21,151,326 words so far)
  3410000/11601896 examples (21,203,188 words so far)
  3420000/11601896 examples (21,255,618 words so far)
  3430000/11601896 examples (21,321,867 words so far)
  3440000/11601896 examples (21,402,123 words so far)
  3450000/11601896 examples (21,460,304 words so far)
  3460000/11601896 examples (21,519,659 words so far)
  3470000/11601896 examples (21,577,347 words so far)
  3480000/11601896 examples (21,636,903 words so far)
  3490000/11601896 examples (21,697,301 words so far)
  3500000/11601896 examples (21,756,307 words so far)
  3510000/11601896 examples (21,809,552 words so far)
  3520000/11601896 examples (21,862,005 words so far)
  3530000/11601896 examples (21,912,581 words so far)
  3540000/11601896 examples (21,964,873 words so far)
  3550000/11601896 examples (22,018,865 words so far)
  3560000/11601896 examples (22,070,373 words so far)
  3570000/11601896 examples (22,121,963 words so far)
  3580000/11601896 examples (22,176,692 words so far)
  3590000/11601896 examples (22,233,252 words so far)
  3600000/11601896 examples (22,289,309 words so far)
  3610000/11601896 examples (22,347,049 words so far)
  3620000/11601896 examples (22,404,607 words so far)
  3630000/11601896 examples (22,466,715 words so far)
  3640000/11601896 examples (22,528,985 words so far)
  3650000/11601896 examples (22,585,071 words so far)
  3660000/11601896 examples (22,644,910 words so far)
  3670000/11601896 examples (22,702,272 words so far)
  3680000/11601896 examples (22,756,361 words so far)
  3690000/11601896 examples (22,815,185 words so far)
  3700000/11601896 examples (22,873,759 words so far)
  3710000/11601896 examples (22,930,346 words so far)
  3720000/11601896 examples (22,986,418 words so far)
  3730000/11601896 examples (23,039,904 words so far)
  3740000/11601896 examples (23,093,217 words so far)
  3750000/11601896 examples (23,145,538 words so far)
  3760000/11601896 examples (23,197,576 words so far)
  3770000/11601896 examples (23,245,726 words so far)
  3780000/11601896 examples (23,289,599 words so far)
  3790000/11601896 examples (23,332,987 words so far)
  3800000/11601896 examples (23,377,289 words so far)
  3810000/11601896 examples (23,420,451 words so far)
  3820000/11601896 examples (23,461,591 words so far)
  3830000/11601896 examples (23,502,960 words so far)
  3840000/11601896 examples (23,544,084 words so far)
  3850000/11601896 examples (23,587,682 words so far)
  3860000/11601896 examples (23,633,284 words so far)
  3870000/11601896 examples (23,678,548 words so far)
  3880000/11601896 examples (23,736,775 words so far)
  3890000/11601896 examples (23,791,567 words so far)
  3900000/11601896 examples (23,837,842 words so far)
  3910000/11601896 examples (23,882,760 words so far)
  3920000/11601896 examples (23,930,431 words so far)
  3930000/11601896 examples (23,976,286 words so far)
  3940000/11601896 examples (24,022,222 words so far)
  3950000/11601896 examples (24,070,109 words so far)
  3960000/11601896 examples (24,117,107 words so far)
  3970000/11601896 examples (24,163,928 words so far)
  3980000/11601896 examples (24,210,965 words so far)
  3990000/11601896 examples (24,258,151 words so far)
  4000000/11601896 examples (24,303,153 words so far)
  4010000/11601896 examples (24,348,918 words so far)
  4020000/11601896 examples (24,393,446 words so far)
  4030000/11601896 examples (24,433,756 words so far)
  4040000/11601896 examples (24,475,040 words so far)
  4050000/11601896 examples (24,515,900 words so far)
  4060000/11601896 examples (24,559,816 words so far)
  4070000/11601896 examples (24,601,448 words so far)
  4080000/11601896 examples (24,646,427 words so far)
  4090000/11601896 examples (24,688,086 words so far)
  4100000/11601896 examples (24,730,778 words so far)
  4110000/11601896 examples (24,775,416 words so far)
  4120000/11601896 examples (24,817,344 words so far)
  4130000/11601896 examples (24,860,375 words so far)
  4140000/11601896 examples (24,902,555 words so far)
  4150000/11601896 examples (24,945,632 words so far)
  4160000/11601896 examples (24,988,404 words so far)
  4170000/11601896 examples (25,030,770 words so far)
  4180000/11601896 examples (25,075,901 words so far)
  4190000/11601896 examples (25,118,871 words so far)
  4200000/11601896 examples (25,160,570 words so far)
  4210000/11601896 examples (25,203,469 words so far)
  4220000/11601896 examples (25,246,162 words so far)
  4230000/11601896 examples (25,288,070 words so far)
  4240000/11601896 examples (25,329,040 words so far)
  4250000/11601896 examples (25,373,757 words so far)
  4260000/11601896 examples (25,417,286 words so far)
  4270000/11601896 examples (25,461,533 words so far)
  4280000/11601896 examples (25,504,408 words so far)
  4290000/11601896 examples (25,548,713 words so far)
  4300000/11601896 examples (25,595,116 words so far)
  4310000/11601896 examples (25,643,008 words so far)
  4320000/11601896 examples (25,688,712 words so far)
  4330000/11601896 examples (25,731,670 words so far)
  4340000/11601896 examples (25,778,952 words so far)
  4350000/11601896 examples (25,825,053 words so far)
  4360000/11601896 examples (25,869,336 words so far)
  4370000/11601896 examples (25,915,065 words so far)
  4380000/11601896 examples (25,963,391 words so far)
  4390000/11601896 examples (26,010,988 words so far)
  4400000/11601896 examples (26,058,244 words so far)
  4410000/11601896 examples (26,108,375 words so far)
  4420000/11601896 examples (26,156,798 words so far)
  4430000/11601896 examples (26,202,202 words so far)
  4440000/11601896 examples (26,248,987 words so far)
  4450000/11601896 examples (26,296,317 words so far)
  4460000/11601896 examples (26,343,276 words so far)
  4470000/11601896 examples (26,387,973 words so far)
  4480000/11601896 examples (26,434,134 words so far)
  4490000/11601896 examples (26,480,809 words so far)
  4500000/11601896 examples (26,525,502 words so far)
  4510000/11601896 examples (26,572,749 words so far)
  4520000/11601896 examples (26,618,521 words so far)
  4530000/11601896 examples (26,659,571 words so far)
  4540000/11601896 examples (26,704,539 words so far)
  4550000/11601896 examples (26,748,058 words so far)
  4560000/11601896 examples (26,792,601 words so far)
  4570000/11601896 examples (26,837,747 words so far)
  4580000/11601896 examples (26,883,540 words so far)
  4590000/11601896 examples (26,927,484 words so far)
  4600000/11601896 examples (26,970,160 words so far)
  4610000/11601896 examples (27,013,104 words so far)
  4620000/11601896 examples (27,054,097 words so far)
  4630000/11601896 examples (27,095,938 words so far)
  4640000/11601896 examples (27,139,506 words so far)
  4650000/11601896 examples (27,181,300 words so far)
  4660000/11601896 examples (27,222,613 words so far)
  4670000/11601896 examples (27,264,858 words so far)
  4680000/11601896 examples (27,307,585 words so far)
  4690000/11601896 examples (27,348,711 words so far)
  4700000/11601896 examples (27,388,764 words so far)
  4710000/11601896 examples (27,427,833 words so far)
  4720000/11601896 examples (27,470,406 words so far)
  4730000/11601896 examples (27,510,802 words so far)
  4740000/11601896 examples (27,551,484 words so far)
  4750000/11601896 examples (27,594,593 words so far)
  4760000/11601896 examples (27,633,202 words so far)
  4770000/11601896 examples (27,673,836 words so far)
  4780000/11601896 examples (27,716,258 words so far)
  4790000/11601896 examples (27,757,438 words so far)
  4800000/11601896 examples (27,800,823 words so far)
  4810000/11601896 examples (27,848,763 words so far)
  4820000/11601896 examples (27,909,799 words so far)
  4830000/11601896 examples (27,971,115 words so far)
  4840000/11601896 examples (28,030,491 words so far)
  4850000/11601896 examples (28,083,972 words so far)
  4860000/11601896 examples (28,144,603 words so far)
  4870000/11601896 examples (28,201,666 words so far)
  4880000/11601896 examples (28,261,537 words so far)
  4890000/11601896 examples (28,320,045 words so far)
  4900000/11601896 examples (28,376,794 words so far)
  4910000/11601896 examples (28,442,884 words so far)
  4920000/11601896 examples (28,497,035 words so far)
  4930000/11601896 examples (28,548,380 words so far)
  4940000/11601896 examples (28,598,159 words so far)
  4950000/11601896 examples (28,638,569 words so far)
  4960000/11601896 examples (28,683,086 words so far)
  4970000/11601896 examples (28,758,573 words so far)
  4980000/11601896 examples (28,803,078 words so far)
  4990000/11601896 examples (28,846,584 words so far)
  5000000/11601896 examples (28,892,962 words so far)
  5010000/11601896 examples (28,934,642 words so far)
  5020000/11601896 examples (28,980,443 words so far)
  5030000/11601896 examples (29,025,172 words so far)
  5040000/11601896 examples (29,071,606 words so far)
  5050000/11601896 examples (29,117,485 words so far)
  5060000/11601896 examples (29,163,624 words so far)
  5070000/11601896 examples (29,210,128 words so far)
  5080000/11601896 examples (29,256,956 words so far)
  5090000/11601896 examples (29,302,642 words so far)
  5100000/11601896 examples (29,351,119 words so far)
  5110000/11601896 examples (29,397,824 words so far)
  5120000/11601896 examples (29,444,991 words so far)
  5130000/11601896 examples (29,496,198 words so far)
  5140000/11601896 examples (29,544,250 words so far)
  5150000/11601896 examples (29,596,015 words so far)
  5160000/11601896 examples (29,645,271 words so far)
  5170000/11601896 examples (29,692,583 words so far)
  5180000/11601896 examples (29,742,047 words so far)
  5190000/11601896 examples (29,790,202 words so far)
  5200000/11601896 examples (29,840,754 words so far)
  5210000/11601896 examples (29,897,034 words so far)
  5220000/11601896 examples (29,947,758 words so far)
  5230000/11601896 examples (30,000,312 words so far)
  5240000/11601896 examples (30,057,645 words so far)
  5250000/11601896 examples (30,110,596 words so far)
  5260000/11601896 examples (30,159,527 words so far)
  5270000/11601896 examples (30,215,548 words so far)
  5280000/11601896 examples (30,268,320 words so far)
  5290000/11601896 examples (30,318,914 words so far)
  5300000/11601896 examples (30,371,426 words so far)
  5310000/11601896 examples (30,427,880 words so far)
  5320000/11601896 examples (30,478,982 words so far)
  5330000/11601896 examples (30,532,735 words so far)
  5340000/11601896 examples (30,588,733 words so far)
  5350000/11601896 examples (30,641,312 words so far)
  5360000/11601896 examples (30,690,987 words so far)
  5370000/11601896 examples (30,742,626 words so far)
  5380000/11601896 examples (30,795,902 words so far)
  5390000/11601896 examples (30,848,975 words so far)
  5400000/11601896 examples (30,900,618 words so far)
  5410000/11601896 examples (30,955,063 words so far)
  5420000/11601896 examples (31,012,443 words so far)
  5430000/11601896 examples (31,064,844 words so far)
  5440000/11601896 examples (31,117,474 words so far)
  5450000/11601896 examples (31,169,962 words so far)
  5460000/11601896 examples (31,223,348 words so far)
  5470000/11601896 examples (31,276,105 words so far)
  5480000/11601896 examples (31,327,853 words so far)
  5490000/11601896 examples (31,383,156 words so far)
  5500000/11601896 examples (31,436,624 words so far)
  5510000/11601896 examples (31,487,669 words so far)
  5520000/11601896 examples (31,540,273 words so far)
  5530000/11601896 examples (31,591,423 words so far)
  5540000/11601896 examples (31,644,479 words so far)
  5550000/11601896 examples (31,694,603 words so far)
  5560000/11601896 examples (31,748,577 words so far)
  5570000/11601896 examples (31,800,777 words so far)
  5580000/11601896 examples (31,852,654 words so far)
  5590000/11601896 examples (31,900,789 words so far)
  5600000/11601896 examples (31,957,321 words so far)
  5610000/11601896 examples (32,011,208 words so far)
  5620000/11601896 examples (32,063,197 words so far)
  5630000/11601896 examples (32,117,248 words so far)
  5640000/11601896 examples (32,171,158 words so far)
  5650000/11601896 examples (32,223,089 words so far)
  5660000/11601896 examples (32,275,403 words so far)
  5670000/11601896 examples (32,325,859 words so far)
  5680000/11601896 examples (32,378,996 words so far)
  5690000/11601896 examples (32,432,448 words so far)
  5700000/11601896 examples (32,486,101 words so far)
  5710000/11601896 examples (32,541,925 words so far)
  5720000/11601896 examples (32,594,076 words so far)
  5730000/11601896 examples (32,641,149 words so far)
  5740000/11601896 examples (32,680,280 words so far)
  5750000/11601896 examples (32,720,077 words so far)
  5760000/11601896 examples (32,764,826 words so far)
  5770000/11601896 examples (32,807,493 words so far)
  5780000/11601896 examples (32,847,349 words so far)
  5790000/11601896 examples (32,887,011 words so far)
  5800000/11601896 examples (32,927,510 words so far)
  5810000/11601896 examples (32,966,944 words so far)
  5820000/11601896 examples (33,006,111 words so far)
  5830000/11601896 examples (33,044,089 words so far)
  5840000/11601896 examples (33,085,166 words so far)
  5850000/11601896 examples (33,125,603 words so far)
  5860000/11601896 examples (33,166,485 words so far)
  5870000/11601896 examples (33,206,372 words so far)
  5880000/11601896 examples (33,245,662 words so far)
  5890000/11601896 examples (33,287,140 words so far)
  5900000/11601896 examples (33,329,651 words so far)
  5910000/11601896 examples (33,370,826 words so far)
  5920000/11601896 examples (33,413,175 words so far)
  5930000/11601896 examples (33,456,192 words so far)
  5940000/11601896 examples (33,496,506 words so far)
  5950000/11601896 examples (33,538,787 words so far)
  5960000/11601896 examples (33,579,736 words so far)
  5970000/11601896 examples (33,620,022 words so far)
  5980000/11601896 examples (33,661,381 words so far)
  5990000/11601896 examples (33,701,192 words so far)
  6000000/11601896 examples (33,741,850 words so far)
  6010000/11601896 examples (33,783,632 words so far)
  6020000/11601896 examples (33,824,952 words so far)
  6030000/11601896 examples (33,866,193 words so far)
  6040000/11601896 examples (33,906,474 words so far)
  6050000/11601896 examples (33,947,583 words so far)
  6060000/11601896 examples (33,988,770 words so far)
  6070000/11601896 examples (34,030,302 words so far)
  6080000/11601896 examples (34,083,569 words so far)
  6090000/11601896 examples (34,136,878 words so far)
  6100000/11601896 examples (34,189,770 words so far)
  6110000/11601896 examples (34,244,222 words so far)
  6120000/11601896 examples (34,286,987 words so far)
  6130000/11601896 examples (34,330,020 words so far)
  6140000/11601896 examples (34,372,809 words so far)
  6150000/11601896 examples (34,414,960 words so far)
  6160000/11601896 examples (34,457,796 words so far)
  6170000/11601896 examples (34,498,823 words so far)
  6180000/11601896 examples (34,541,727 words so far)
  6190000/11601896 examples (34,585,749 words so far)
  6200000/11601896 examples (34,628,933 words so far)
  6210000/11601896 examples (34,671,258 words so far)
  6220000/11601896 examples (34,712,652 words so far)
  6230000/11601896 examples (34,755,040 words so far)
  6240000/11601896 examples (34,796,677 words so far)
  6250000/11601896 examples (34,839,486 words so far)
  6260000/11601896 examples (34,884,234 words so far)
  6270000/11601896 examples (34,933,193 words so far)
  6280000/11601896 examples (34,982,540 words so far)
  6290000/11601896 examples (35,032,806 words so far)
  6300000/11601896 examples (35,077,468 words so far)
  6310000/11601896 examples (35,121,590 words so far)
  6320000/11601896 examples (35,165,281 words so far)
  6330000/11601896 examples (35,206,216 words so far)
  6340000/11601896 examples (35,250,304 words so far)
  6350000/11601896 examples (35,293,511 words so far)
  6360000/11601896 examples (35,337,701 words so far)
  6370000/11601896 examples (35,380,983 words so far)
  6380000/11601896 examples (35,424,131 words so far)
  6390000/11601896 examples (35,465,784 words so far)
  6400000/11601896 examples (35,508,576 words so far)
  6410000/11601896 examples (35,550,815 words so far)
  6420000/11601896 examples (35,593,839 words so far)
  6430000/11601896 examples (35,637,154 words so far)
  6440000/11601896 examples (35,934,982 words so far)
  6450000/11601896 examples (36,262,189 words so far)
  6460000/11601896 examples (36,649,099 words so far)
  6470000/11601896 examples (37,151,818 words so far)
  6480000/11601896 examples (37,671,975 words so far)
  6490000/11601896 examples (38,025,616 words so far)
  6500000/11601896 examples (38,522,875 words so far)
  6510000/11601896 examples (38,920,425 words so far)
  6520000/11601896 examples (39,434,822 words so far)
  6530000/11601896 examples (39,821,171 words so far)
  6540000/11601896 examples (40,198,454 words so far)
  6550000/11601896 examples (40,582,100 words so far)
  6560000/11601896 examples (41,010,903 words so far)
  6570000/11601896 examples (41,457,548 words so far)
  6580000/11601896 examples (42,040,424 words so far)
  6590000/11601896 examples (42,440,987 words so far)
  6600000/11601896 examples (42,841,169 words so far)
  6610000/11601896 examples (43,221,088 words so far)
  6620000/11601896 examples (43,531,103 words so far)
  6630000/11601896 examples (43,854,966 words so far)
  6640000/11601896 examples (44,201,577 words so far)
  6650000/11601896 examples (44,584,182 words so far)
  6660000/11601896 examples (44,990,706 words so far)
  6670000/11601896 examples (45,390,225 words so far)
  6680000/11601896 examples (45,789,066 words so far)
  6690000/11601896 examples (46,149,311 words so far)
  6700000/11601896 examples (46,558,446 words so far)
  6710000/11601896 examples (46,899,762 words so far)
  6720000/11601896 examples (47,277,337 words so far)
  6730000/11601896 examples (47,670,699 words so far)
  6740000/11601896 examples (48,092,577 words so far)
  6750000/11601896 examples (48,491,986 words so far)
  6760000/11601896 examples (48,961,775 words so far)
  6770000/11601896 examples (49,446,420 words so far)
  6780000/11601896 examples (49,839,316 words so far)
  6790000/11601896 examples (50,224,545 words so far)
  6800000/11601896 examples (50,707,810 words so far)
  6810000/11601896 examples (51,076,717 words so far)
  6820000/11601896 examples (51,356,476 words so far)
  6830000/11601896 examples (51,777,415 words so far)
  6840000/11601896 examples (52,137,413 words so far)
  6850000/11601896 examples (52,513,060 words so far)
  6860000/11601896 examples (52,905,960 words so far)
  6870000/11601896 examples (53,417,960 words so far)
  6880000/11601896 examples (53,849,089 words so far)
  6890000/11601896 examples (54,249,700 words so far)
  6900000/11601896 examples (54,655,839 words so far)
  6910000/11601896 examples (54,962,281 words so far)
  6920000/11601896 examples (55,235,601 words so far)
  6930000/11601896 examples (55,559,985 words so far)
  6940000/11601896 examples (55,840,591 words so far)
  6950000/11601896 examples (56,260,898 words so far)
  6960000/11601896 examples (56,500,039 words so far)
  6970000/11601896 examples (56,830,316 words so far)
  6980000/11601896 examples (57,116,917 words so far)
  6990000/11601896 examples (57,530,608 words so far)
  7000000/11601896 examples (57,881,138 words so far)
  7010000/11601896 examples (58,276,350 words so far)
  7020000/11601896 examples (58,700,149 words so far)
  7030000/11601896 examples (58,990,279 words so far)
  7040000/11601896 examples (59,264,659 words so far)
  7050000/11601896 examples (59,719,051 words so far)
  7060000/11601896 examples (60,202,558 words so far)
  7070000/11601896 examples (60,612,204 words so far)
  7080000/11601896 examples (61,017,423 words so far)
  7090000/11601896 examples (61,406,576 words so far)
  7100000/11601896 examples (61,589,072 words so far)
  7110000/11601896 examples (61,640,295 words so far)
  7120000/11601896 examples (61,695,823 words so far)
  7130000/11601896 examples (61,757,113 words so far)
  7140000/11601896 examples (61,812,621 words so far)
  7150000/11601896 examples (61,877,967 words so far)
  7160000/11601896 examples (61,934,997 words so far)
  7170000/11601896 examples (61,992,251 words so far)
  7180000/11601896 examples (62,052,318 words so far)
  7190000/11601896 examples (62,116,901 words so far)
  7200000/11601896 examples (62,176,390 words so far)
  7210000/11601896 examples (62,231,611 words so far)
  7220000/11601896 examples (62,279,985 words so far)
  7230000/11601896 examples (62,340,093 words so far)
  7240000/11601896 examples (62,397,486 words so far)
  7250000/11601896 examples (62,451,598 words so far)
  7260000/11601896 examples (62,511,551 words so far)
  7270000/11601896 examples (62,564,140 words so far)
  7280000/11601896 examples (62,624,923 words so far)
  7290000/11601896 examples (62,678,572 words so far)
  7300000/11601896 examples (62,732,347 words so far)
  7310000/11601896 examples (62,790,795 words so far)
  7320000/11601896 examples (62,849,357 words so far)
  7330000/11601896 examples (62,922,999 words so far)
  7340000/11601896 examples (62,983,028 words so far)
  7350000/11601896 examples (63,033,111 words so far)
  7360000/11601896 examples (63,090,628 words so far)
  7370000/11601896 examples (63,155,336 words so far)
  7380000/11601896 examples (63,218,770 words so far)
  7390000/11601896 examples (63,276,365 words so far)
  7400000/11601896 examples (63,334,062 words so far)
  7410000/11601896 examples (63,388,875 words so far)
  7420000/11601896 examples (63,440,925 words so far)
  7430000/11601896 examples (63,492,559 words so far)
  7440000/11601896 examples (63,547,194 words so far)
  7450000/11601896 examples (63,608,478 words so far)
  7460000/11601896 examples (63,667,065 words so far)
  7470000/11601896 examples (63,723,350 words so far)
  7480000/11601896 examples (63,776,282 words so far)
  7490000/11601896 examples (63,828,003 words so far)
  7500000/11601896 examples (63,887,168 words so far)
  7510000/11601896 examples (63,948,152 words so far)
  7520000/11601896 examples (64,000,766 words so far)
  7530000/11601896 examples (64,052,285 words so far)
  7540000/11601896 examples (64,102,399 words so far)
  7550000/11601896 examples (64,157,256 words so far)
  7560000/11601896 examples (64,209,355 words so far)
  7570000/11601896 examples (64,263,682 words so far)
  7580000/11601896 examples (64,328,996 words so far)
  7590000/11601896 examples (64,389,761 words so far)
  7600000/11601896 examples (64,444,387 words so far)
  7610000/11601896 examples (64,502,140 words so far)
  7620000/11601896 examples (64,558,237 words so far)
  7630000/11601896 examples (64,619,670 words so far)
  7640000/11601896 examples (64,672,407 words so far)
  7650000/11601896 examples (64,733,601 words so far)
  7660000/11601896 examples (64,790,826 words so far)
  7670000/11601896 examples (64,848,153 words so far)
  7680000/11601896 examples (64,899,917 words so far)
  7690000/11601896 examples (64,956,343 words so far)
  7700000/11601896 examples (65,012,891 words so far)
  7710000/11601896 examples (65,062,451 words so far)
  7720000/11601896 examples (65,130,162 words so far)
  7730000/11601896 examples (65,185,830 words so far)
  7740000/11601896 examples (65,241,680 words so far)
  7750000/11601896 examples (65,297,502 words so far)
  7760000/11601896 examples (65,357,592 words so far)
  7770000/11601896 examples (65,410,181 words so far)
  7780000/11601896 examples (65,464,053 words so far)
  7790000/11601896 examples (65,558,444 words so far)
  7800000/11601896 examples (65,619,279 words so far)
  7810000/11601896 examples (65,678,137 words so far)
  7820000/11601896 examples (65,732,659 words so far)
  7830000/11601896 examples (65,786,963 words so far)
  7840000/11601896 examples (65,845,907 words so far)
  7850000/11601896 examples (65,903,108 words so far)
  7860000/11601896 examples (65,962,123 words so far)
  7870000/11601896 examples (66,021,274 words so far)
  7880000/11601896 examples (66,076,180 words so far)
  7890000/11601896 examples (66,131,329 words so far)
  7900000/11601896 examples (66,183,319 words so far)
  7910000/11601896 examples (66,239,541 words so far)
  7920000/11601896 examples (66,298,221 words so far)
  7930000/11601896 examples (66,353,143 words so far)
  7940000/11601896 examples (66,408,127 words so far)
  7950000/11601896 examples (66,466,153 words so far)
  7960000/11601896 examples (66,521,874 words so far)
  7970000/11601896 examples (66,574,383 words so far)
  7980000/11601896 examples (66,626,876 words so far)
  7990000/11601896 examples (66,681,545 words so far)
  8000000/11601896 examples (66,738,786 words so far)
  8010000/11601896 examples (66,796,876 words so far)
  8020000/11601896 examples (66,850,747 words so far)
  8030000/11601896 examples (66,908,147 words so far)
  8040000/11601896 examples (66,971,837 words so far)
  8050000/11601896 examples (67,026,473 words so far)
  8060000/11601896 examples (67,077,848 words so far)
  8070000/11601896 examples (67,139,893 words so far)
  8080000/11601896 examples (67,198,011 words so far)
  8090000/11601896 examples (67,252,629 words so far)
  8100000/11601896 examples (67,308,677 words so far)
  8110000/11601896 examples (67,358,616 words so far)
  8120000/11601896 examples (67,412,871 words so far)
  8130000/11601896 examples (67,468,180 words so far)
  8140000/11601896 examples (67,516,087 words so far)
  8150000/11601896 examples (67,573,705 words so far)
  8160000/11601896 examples (67,637,692 words so far)
  8170000/11601896 examples (67,691,018 words so far)
  8180000/11601896 examples (67,746,683 words so far)
  8190000/11601896 examples (67,807,747 words so far)
  8200000/11601896 examples (67,864,996 words so far)
  8210000/11601896 examples (67,923,199 words so far)
  8220000/11601896 examples (67,986,430 words so far)
  8230000/11601896 examples (68,036,906 words so far)
  8240000/11601896 examples (68,093,782 words so far)
  8250000/11601896 examples (68,143,218 words so far)
  8260000/11601896 examples (68,194,825 words so far)
  8270000/11601896 examples (68,246,729 words so far)
  8280000/11601896 examples (68,310,288 words so far)
  8290000/11601896 examples (68,369,229 words so far)
  8300000/11601896 examples (68,429,062 words so far)
  8310000/11601896 examples (68,481,344 words so far)
  8320000/11601896 examples (68,535,394 words so far)
  8330000/11601896 examples (68,592,330 words so far)
  8340000/11601896 examples (68,653,388 words so far)
  8350000/11601896 examples (68,710,457 words so far)
  8360000/11601896 examples (68,762,448 words so far)
  8370000/11601896 examples (68,816,151 words so far)
  8380000/11601896 examples (68,872,046 words so far)
  8390000/11601896 examples (68,929,411 words so far)
  8400000/11601896 examples (68,983,346 words so far)
  8410000/11601896 examples (69,062,807 words so far)
  8420000/11601896 examples (69,127,689 words so far)
  8430000/11601896 examples (69,188,384 words so far)
  8440000/11601896 examples (69,248,634 words so far)
  8450000/11601896 examples (69,307,226 words so far)
  8460000/11601896 examples (69,362,043 words so far)
  8470000/11601896 examples (69,418,329 words so far)
  8480000/11601896 examples (69,479,486 words so far)
  8490000/11601896 examples (69,540,886 words so far)
  8500000/11601896 examples (69,596,782 words so far)
  8510000/11601896 examples (69,655,373 words so far)
  8520000/11601896 examples (69,708,712 words so far)
  8530000/11601896 examples (69,768,751 words so far)
  8540000/11601896 examples (69,825,434 words so far)
  8550000/11601896 examples (69,892,568 words so far)
  8560000/11601896 examples (69,949,788 words so far)
  8570000/11601896 examples (70,007,222 words so far)
  8580000/11601896 examples (70,063,781 words so far)
  8590000/11601896 examples (70,123,570 words so far)
  8600000/11601896 examples (70,168,358 words so far)
  8610000/11601896 examples (70,226,045 words so far)
  8620000/11601896 examples (70,276,699 words so far)
  8630000/11601896 examples (70,331,992 words so far)
  8640000/11601896 examples (70,385,472 words so far)
  8650000/11601896 examples (70,436,528 words so far)
  8660000/11601896 examples (70,491,426 words so far)
  8670000/11601896 examples (70,546,856 words so far)
  8680000/11601896 examples (70,600,782 words so far)
  8690000/11601896 examples (70,657,480 words so far)
  8700000/11601896 examples (70,713,196 words so far)
  8710000/11601896 examples (70,773,304 words so far)
  8720000/11601896 examples (70,826,393 words so far)
  8730000/11601896 examples (70,876,788 words so far)
  8740000/11601896 examples (70,947,730 words so far)
  8750000/11601896 examples (71,006,786 words so far)
  8760000/11601896 examples (71,060,861 words so far)
  8770000/11601896 examples (71,115,182 words so far)
  8780000/11601896 examples (71,171,305 words so far)
  8790000/11601896 examples (71,226,502 words so far)
  8800000/11601896 examples (71,278,507 words so far)
  8810000/11601896 examples (71,335,515 words so far)
  8820000/11601896 examples (71,388,342 words so far)
  8830000/11601896 examples (71,445,924 words so far)
  8840000/11601896 examples (71,499,617 words so far)
  8850000/11601896 examples (71,553,832 words so far)
  8860000/11601896 examples (71,611,212 words so far)
  8870000/11601896 examples (71,670,182 words so far)
  8880000/11601896 examples (71,725,795 words so far)
  8890000/11601896 examples (71,786,125 words so far)
  8900000/11601896 examples (71,847,053 words so far)
  8910000/11601896 examples (71,903,582 words so far)
  8920000/11601896 examples (71,959,736 words so far)
  8930000/11601896 examples (72,019,313 words so far)
  8940000/11601896 examples (72,080,327 words so far)
  8950000/11601896 examples (72,135,704 words so far)
  8960000/11601896 examples (72,193,926 words so far)
  8970000/11601896 examples (72,255,588 words so far)
  8980000/11601896 examples (72,317,479 words so far)
  8990000/11601896 examples (72,368,699 words so far)
  9000000/11601896 examples (72,426,290 words so far)
  9010000/11601896 examples (72,481,668 words so far)
  9020000/11601896 examples (72,538,439 words so far)
  9030000/11601896 examples (72,594,538 words so far)
  9040000/11601896 examples (72,645,804 words so far)
  9050000/11601896 examples (72,706,327 words so far)
  9060000/11601896 examples (72,763,869 words so far)
  9070000/11601896 examples (72,814,466 words so far)
  9080000/11601896 examples (72,867,660 words so far)
  9090000/11601896 examples (72,921,522 words so far)
  9100000/11601896 examples (72,977,966 words so far)
  9110000/11601896 examples (73,033,447 words so far)
  9120000/11601896 examples (73,084,032 words so far)
  9130000/11601896 examples (73,139,370 words so far)
  9140000/11601896 examples (73,200,552 words so far)
  9150000/11601896 examples (73,257,046 words so far)
  9160000/11601896 examples (73,317,603 words so far)
  9170000/11601896 examples (73,372,890 words so far)
  9180000/11601896 examples (73,431,237 words so far)
  9190000/11601896 examples (73,484,327 words so far)
  9200000/11601896 examples (73,542,954 words so far)
  9210000/11601896 examples (73,600,104 words so far)
  9220000/11601896 examples (73,653,602 words so far)
  9230000/11601896 examples (73,711,443 words so far)
  9240000/11601896 examples (73,769,202 words so far)
  9250000/11601896 examples (73,822,157 words so far)
  9260000/11601896 examples (73,880,557 words so far)
  9270000/11601896 examples (73,927,426 words so far)
  9280000/11601896 examples (73,992,677 words so far)
  9290000/11601896 examples (74,045,746 words so far)
  9300000/11601896 examples (74,102,747 words so far)
  9310000/11601896 examples (74,154,425 words so far)
  9320000/11601896 examples (74,207,554 words so far)
  9330000/11601896 examples (74,269,584 words so far)
  9340000/11601896 examples (74,319,372 words so far)
  9350000/11601896 examples (74,375,570 words so far)
  9360000/11601896 examples (74,428,153 words so far)
  9370000/11601896 examples (74,479,564 words so far)
  9380000/11601896 examples (74,530,434 words so far)
  9390000/11601896 examples (74,596,019 words so far)
  9400000/11601896 examples (74,654,343 words so far)
  9410000/11601896 examples (74,707,033 words so far)
  9420000/11601896 examples (74,766,271 words so far)
  9430000/11601896 examples (74,823,511 words so far)
  9440000/11601896 examples (74,877,677 words so far)
  9450000/11601896 examples (74,942,308 words so far)
  9460000/11601896 examples (75,002,463 words so far)
  9470000/11601896 examples (75,059,406 words so far)
  9480000/11601896 examples (75,118,456 words so far)
  9490000/11601896 examples (75,179,786 words so far)
  9500000/11601896 examples (75,230,402 words so far)
  9510000/11601896 examples (75,287,178 words so far)
  9520000/11601896 examples (75,341,424 words so far)
  9530000/11601896 examples (75,395,080 words so far)
  9540000/11601896 examples (75,454,776 words so far)
  9550000/11601896 examples (75,507,675 words so far)
  9560000/11601896 examples (75,565,977 words so far)
  9570000/11601896 examples (75,621,877 words so far)
  9580000/11601896 examples (75,673,907 words so far)
  9590000/11601896 examples (75,730,397 words so far)
  9600000/11601896 examples (75,784,305 words so far)
  9610000/11601896 examples (75,837,305 words so far)
  9620000/11601896 examples (75,890,210 words so far)
  9630000/11601896 examples (75,946,810 words so far)
  9640000/11601896 examples (75,997,280 words so far)
  9650000/11601896 examples (76,054,011 words so far)
  9660000/11601896 examples (76,110,746 words so far)
  9670000/11601896 examples (76,168,516 words so far)
  9680000/11601896 examples (76,220,472 words so far)
  9690000/11601896 examples (76,278,184 words so far)
  9700000/11601896 examples (76,329,235 words so far)
  9710000/11601896 examples (76,380,259 words so far)
  9720000/11601896 examples (76,439,317 words so far)
  9730000/11601896 examples (76,498,277 words so far)
  9740000/11601896 examples (76,553,836 words so far)
  9750000/11601896 examples (76,608,398 words so far)
  9760000/11601896 examples (76,675,263 words so far)
  9770000/11601896 examples (76,736,829 words so far)
  9780000/11601896 examples (76,791,917 words so far)
  9790000/11601896 examples (76,851,371 words so far)
  9800000/11601896 examples (76,906,971 words so far)
  9810000/11601896 examples (76,962,688 words so far)
  9820000/11601896 examples (77,019,650 words so far)
  9830000/11601896 examples (77,074,078 words so far)
  9840000/11601896 examples (77,128,177 words so far)
  9850000/11601896 examples (77,185,913 words so far)
  9860000/11601896 examples (77,242,967 words so far)
  9870000/11601896 examples (77,294,590 words so far)
  9880000/11601896 examples (77,347,462 words so far)
  9890000/11601896 examples (77,410,208 words so far)
  9900000/11601896 examples (77,468,031 words so far)
  9910000/11601896 examples (77,528,667 words so far)
  9920000/11601896 examples (77,582,703 words so far)
  9930000/11601896 examples (77,641,047 words so far)
  9940000/11601896 examples (77,694,926 words so far)
  9950000/11601896 examples (77,755,367 words so far)
  9960000/11601896 examples (77,821,761 words so far)
  9970000/11601896 examples (77,878,723 words so far)
  9980000/11601896 examples (77,934,477 words so far)
  9990000/11601896 examples (77,992,231 words so far)
  10000000/11601896 examples (78,053,685 words so far)
  10010000/11601896 examples (78,106,433 words so far)
  10020000/11601896 examples (78,169,580 words so far)
  10030000/11601896 examples (78,223,154 words so far)
  10040000/11601896 examples (78,278,173 words so far)
  10050000/11601896 examples (78,328,161 words so far)
  10060000/11601896 examples (78,390,876 words so far)
  10070000/11601896 examples (78,451,077 words so far)
  10080000/11601896 examples (78,511,923 words so far)
  10090000/11601896 examples (78,564,474 words so far)
  10100000/11601896 examples (78,614,700 words so far)
  10110000/11601896 examples (78,669,624 words so far)
  10120000/11601896 examples (78,728,059 words so far)
  10130000/11601896 examples (78,786,996 words so far)
  10140000/11601896 examples (78,834,291 words so far)
  10150000/11601896 examples (78,884,865 words so far)
  10160000/11601896 examples (78,938,957 words so far)
  10170000/11601896 examples (78,991,564 words so far)
  10180000/11601896 examples (79,047,319 words so far)
  10190000/11601896 examples (79,102,225 words so far)
  10200000/11601896 examples (79,155,874 words so far)
  10210000/11601896 examples (79,212,601 words so far)
  10220000/11601896 examples (79,264,495 words so far)
  10230000/11601896 examples (79,323,586 words so far)
  10240000/11601896 examples (79,381,082 words so far)
  10250000/11601896 examples (79,439,543 words so far)
  10260000/11601896 examples (79,498,430 words so far)
  10270000/11601896 examples (79,554,757 words so far)
  10280000/11601896 examples (79,612,698 words so far)
  10290000/11601896 examples (79,673,891 words so far)
  10300000/11601896 examples (79,730,348 words so far)
  10310000/11601896 examples (79,781,101 words so far)
  10320000/11601896 examples (79,835,750 words so far)
  10330000/11601896 examples (79,889,967 words so far)
  10340000/11601896 examples (79,951,314 words so far)
  10350000/11601896 examples (80,007,483 words so far)
  10360000/11601896 examples (80,062,052 words so far)
  10370000/11601896 examples (80,117,288 words so far)
  10380000/11601896 examples (80,171,928 words so far)
  10390000/11601896 examples (80,230,055 words so far)
  10400000/11601896 examples (80,288,882 words so far)
  10410000/11601896 examples (80,346,878 words so far)
  10420000/11601896 examples (80,404,695 words so far)
  10430000/11601896 examples (80,605,613 words so far)
  10440000/11601896 examples (80,829,419 words so far)
  10450000/11601896 examples (80,900,126 words so far)
  10460000/11601896 examples (80,969,271 words so far)
  10470000/11601896 examples (81,035,430 words so far)
  10480000/11601896 examples (81,105,047 words so far)
  10490000/11601896 examples (81,167,735 words so far)
  10500000/11601896 examples (81,233,542 words so far)
  10510000/11601896 examples (81,306,454 words so far)
  10520000/11601896 examples (81,378,652 words so far)
  10530000/11601896 examples (81,448,304 words so far)
  10540000/11601896 examples (81,515,639 words so far)
  10550000/11601896 examples (81,582,630 words so far)
  10560000/11601896 examples (81,667,768 words so far)
  10570000/11601896 examples (81,744,823 words so far)
  10580000/11601896 examples (81,833,545 words so far)
  10590000/11601896 examples (81,916,721 words so far)
  10600000/11601896 examples (82,001,362 words so far)
  10610000/11601896 examples (82,077,211 words so far)
  10620000/11601896 examples (82,151,011 words so far)
  10630000/11601896 examples (82,224,302 words so far)
  10640000/11601896 examples (82,297,147 words so far)
  10650000/11601896 examples (82,373,240 words so far)
  10660000/11601896 examples (82,452,503 words so far)
  10670000/11601896 examples (82,521,362 words so far)
  10680000/11601896 examples (82,596,326 words so far)
  10690000/11601896 examples (82,670,796 words so far)
  10700000/11601896 examples (82,743,936 words so far)
  10710000/11601896 examples (82,818,765 words so far)
  10720000/11601896 examples (82,891,407 words so far)
  10730000/11601896 examples (82,964,493 words so far)
  10740000/11601896 examples (83,044,788 words so far)
  10750000/11601896 examples (83,118,522 words so far)
  10760000/11601896 examples (83,189,813 words so far)
  10770000/11601896 examples (83,265,534 words so far)
  10780000/11601896 examples (83,337,703 words so far)
  10790000/11601896 examples (83,407,728 words so far)
  10800000/11601896 examples (83,479,303 words so far)
  10810000/11601896 examples (83,550,558 words so far)
  10820000/11601896 examples (83,623,156 words so far)
  10830000/11601896 examples (83,697,157 words so far)
  10840000/11601896 examples (83,771,400 words so far)
  10850000/11601896 examples (83,844,357 words so far)
  10860000/11601896 examples (83,924,591 words so far)
  10870000/11601896 examples (84,001,556 words so far)
  10880000/11601896 examples (84,076,178 words so far)
  10890000/11601896 examples (84,148,022 words so far)
  10900000/11601896 examples (84,219,921 words so far)
  10910000/11601896 examples (84,300,154 words so far)
  10920000/11601896 examples (84,373,725 words so far)
  10930000/11601896 examples (84,480,583 words so far)
  10940000/11601896 examples (84,740,595 words so far)
  10950000/11601896 examples (84,995,259 words so far)
  10960000/11601896 examples (85,260,108 words so far)
  10970000/11601896 examples (85,531,051 words so far)
  10980000/11601896 examples (85,793,468 words so far)
  10990000/11601896 examples (86,038,561 words so far)
  11000000/11601896 examples (86,310,878 words so far)
  11010000/11601896 examples (86,580,166 words so far)
  11020000/11601896 examples (86,852,514 words so far)
  11030000/11601896 examples (87,102,742 words so far)
  11040000/11601896 examples (87,393,114 words so far)
  11050000/11601896 examples (87,683,517 words so far)
  11060000/11601896 examples (87,946,329 words so far)
  11070000/11601896 examples (88,211,793 words so far)
  11080000/11601896 examples (88,446,466 words so far)
  11090000/11601896 examples (88,684,582 words so far)
  11100000/11601896 examples (88,940,528 words so far)
  11110000/11601896 examples (89,194,848 words so far)
  11120000/11601896 examples (89,435,500 words so far)
  11130000/11601896 examples (89,663,879 words so far)
  11140000/11601896 examples (89,893,158 words so far)
  11150000/11601896 examples (90,155,033 words so far)
  11160000/11601896 examples (90,427,776 words so far)
  11170000/11601896 examples (90,669,597 words so far)
  11180000/11601896 examples (90,897,115 words so far)
  11190000/11601896 examples (91,154,124 words so far)
  11200000/11601896 examples (91,427,344 words so far)
  11210000/11601896 examples (91,744,145 words so far)
  11220000/11601896 examples (92,034,828 words so far)
  11230000/11601896 examples (92,383,305 words so far)
  11240000/11601896 examples (92,708,870 words so far)
  11250000/11601896 examples (92,989,885 words so far)
  11260000/11601896 examples (93,324,715 words so far)
  11270000/11601896 examples (93,639,527 words so far)
  11280000/11601896 examples (93,879,847 words so far)
  11290000/11601896 examples (94,197,014 words so far)
  11300000/11601896 examples (94,479,685 words so far)
  11310000/11601896 examples (94,754,913 words so far)
  11320000/11601896 examples (94,997,819 words so far)
  11330000/11601896 examples (95,336,550 words so far)
  11340000/11601896 examples (95,669,617 words so far)
  11350000/11601896 examples (95,969,405 words so far)
  11360000/11601896 examples (96,281,293 words so far)
  11370000/11601896 examples (96,581,346 words so far)
  11380000/11601896 examples (96,887,723 words so far)
  11390000/11601896 examples (97,211,403 words so far)
  11400000/11601896 examples (97,462,345 words so far)
  11410000/11601896 examples (97,753,529 words so far)
  11420000/11601896 examples (98,029,468 words so far)
  11430000/11601896 examples (98,296,612 words so far)
  11440000/11601896 examples (98,637,549 words so far)
  11450000/11601896 examples (98,748,945 words so far)
  11460000/11601896 examples (98,833,251 words so far)
  11470000/11601896 examples (98,916,802 words so far)
  11480000/11601896 examples (98,999,311 words so far)
  11490000/11601896 examples (99,082,320 words so far)
  11500000/11601896 examples (99,165,051 words so far)
  11510000/11601896 examples (99,245,621 words so far)
  11520000/11601896 examples (99,324,982 words so far)
  11530000/11601896 examples (99,409,463 words so far)
  11540000/11601896 examples (99,493,014 words so far)
  11550000/11601896 examples (99,576,919 words so far)
  11560000/11601896 examples (99,661,342 words so far)
  11570000/11601896 examples (99,740,126 words so far)
  11580000/11601896 examples (99,823,128 words so far)
  11590000/11601896 examples (99,903,133 words so far)
  11600000/11601896 examples (99,984,460 words so far)

Dataset saved to data/corpora/strict/english_base.txt
Total word count: 100,000,000

Word count (compliance check): 100,000,000
✓ Compliant with BabyLM Strict track (≤100M words)

Step 2: Tokenize corpus...
Loaded SentencePiece tokenizer (vocab_size=20000)
Tokenizing data/corpora/strict/english_base.txt -> data/corpora/strict/english_base.bin...
  tokenized 100,000 lines, 1,490,777 tokens
  tokenized 200,000 lines, 2,815,332 tokens
  tokenized 300,000 lines, 4,037,481 tokens
  tokenized 400,000 lines, 5,151,993 tokens
  tokenized 500,000 lines, 6,270,443 tokens
  tokenized 600,000 lines, 7,537,029 tokens
  tokenized 700,000 lines, 8,905,755 tokens
  tokenized 800,000 lines, 10,162,526 tokens
  tokenized 900,000 lines, 11,019,351 tokens
  tokenized 1,000,000 lines, 11,944,337 tokens
  tokenized 1,100,000 lines, 12,827,198 tokens
  tokenized 1,200,000 lines, 13,748,783 tokens
  tokenized 1,300,000 lines, 14,708,978 tokens
  tokenized 1,400,000 lines, 15,567,696 tokens
  tokenized 1,500,000 lines, 16,402,659 tokens
  tokenized 1,600,000 lines, 17,233,032 tokens
  tokenized 1,700,000 lines, 18,083,766 tokens
  tokenized 1,800,000 lines, 18,938,441 tokens
  tokenized 1,900,000 lines, 20,013,814 tokens
  tokenized 2,000,000 lines, 20,996,595 tokens
  tokenized 2,100,000 lines, 21,901,887 tokens
  tokenized 2,200,000 lines, 22,820,372 tokens
  tokenized 2,300,000 lines, 23,774,798 tokens
  tokenized 2,400,000 lines, 24,875,970 tokens
  tokenized 2,500,000 lines, 25,906,723 tokens
  tokenized 2,600,000 lines, 26,782,218 tokens
  tokenized 2,700,000 lines, 27,624,102 tokens
  tokenized 2,800,000 lines, 28,494,174 tokens
  tokenized 2,900,000 lines, 29,511,083 tokens
  tokenized 3,000,000 lines, 30,459,425 tokens
  tokenized 3,100,000 lines, 31,348,027 tokens
  tokenized 3,200,000 lines, 32,218,717 tokens
  tokenized 3,300,000 lines, 33,254,589 tokens
  tokenized 3,400,000 lines, 34,245,997 tokens
  tokenized 3,500,000 lines, 35,284,969 tokens
  tokenized 3,600,000 lines, 36,346,996 tokens
  tokenized 3,700,000 lines, 37,379,855 tokens
  tokenized 3,800,000 lines, 38,307,343 tokens
  tokenized 3,900,000 lines, 39,170,850 tokens
  tokenized 4,000,000 lines, 40,019,450 tokens
  tokenized 4,100,000 lines, 40,841,474 tokens
  tokenized 4,200,000 lines, 41,667,039 tokens
  tokenized 4,300,000 lines, 42,499,779 tokens
  tokenized 4,400,000 lines, 43,355,663 tokens
  tokenized 4,500,000 lines, 44,216,573 tokens
  tokenized 4,600,000 lines, 45,049,223 tokens
  tokenized 4,700,000 lines, 45,849,519 tokens
  tokenized 4,800,000 lines, 46,648,994 tokens
  tokenized 4,900,000 lines, 47,639,375 tokens
  tokenized 5,000,000 lines, 48,617,899 tokens
  tokenized 5,100,000 lines, 49,456,124 tokens
  tokenized 5,200,000 lines, 50,390,306 tokens
  tokenized 5,300,000 lines, 51,323,387 tokens
  tokenized 5,400,000 lines, 52,257,179 tokens
  tokenized 5,500,000 lines, 53,202,183 tokens
  tokenized 5,600,000 lines, 54,127,610 tokens
  tokenized 5,700,000 lines, 55,064,129 tokens
  tokenized 5,800,000 lines, 55,891,486 tokens
  tokenized 5,900,000 lines, 56,664,072 tokens
  tokenized 6,000,000 lines, 57,456,339 tokens
  tokenized 6,100,000 lines, 58,277,811 tokens
  tokenized 6,200,000 lines, 59,089,799 tokens
  tokenized 6,300,000 lines, 59,920,738 tokens
  tokenized 6,400,000 lines, 60,762,084 tokens
  tokenized 6,500,000 lines, 65,027,530 tokens
  tokenized 6,600,000 lines, 71,239,015 tokens
  tokenized 6,700,000 lines, 76,562,053 tokens
  tokenized 6,800,000 lines, 82,415,229 tokens
  tokenized 6,900,000 lines, 88,002,041 tokens
  tokenized 7,000,000 lines, 92,615,802 tokens
  tokenized 7,100,000 lines, 97,877,408 tokens
  tokenized 7,200,000 lines, 98,769,564 tokens
  tokenized 7,300,000 lines, 99,633,707 tokens
  tokenized 7,400,000 lines, 100,544,442 tokens
  tokenized 7,500,000 lines, 101,383,819 tokens
  tokenized 7,600,000 lines, 102,241,093 tokens
  tokenized 7,700,000 lines, 103,117,945 tokens
  tokenized 7,800,000 lines, 104,041,755 tokens
  tokenized 7,900,000 lines, 104,904,694 tokens
  tokenized 8,000,000 lines, 105,754,933 tokens
  tokenized 8,100,000 lines, 106,608,928 tokens
  tokenized 8,200,000 lines, 107,465,473 tokens
  tokenized 8,300,000 lines, 108,321,308 tokens
  tokenized 8,400,000 lines, 109,168,896 tokens
  tokenized 8,500,000 lines, 110,104,930 tokens
  tokenized 8,600,000 lines, 110,975,420 tokens
  tokenized 8,700,000 lines, 111,818,590 tokens
  tokenized 8,800,000 lines, 112,699,503 tokens
  tokenized 8,900,000 lines, 113,573,628 tokens
  tokenized 9,000,000 lines, 114,448,273 tokens
  tokenized 9,100,000 lines, 115,305,482 tokens
  tokenized 9,200,000 lines, 116,164,916 tokens
  tokenized 9,300,000 lines, 117,014,775 tokens
  tokenized 9,400,000 lines, 117,857,598 tokens
  tokenized 9,500,000 lines, 118,743,963 tokens
  tokenized 9,600,000 lines, 119,585,998 tokens
  tokenized 9,700,000 lines, 120,423,985 tokens
  tokenized 9,800,000 lines, 121,296,843 tokens
  tokenized 9,900,000 lines, 122,159,646 tokens
  tokenized 10,000,000 lines, 123,042,365 tokens
  tokenized 10,100,000 lines, 123,898,803 tokens
  tokenized 10,200,000 lines, 124,733,616 tokens
  tokenized 10,300,000 lines, 125,625,344 tokens
  tokenized 10,400,000 lines, 126,478,364 tokens
  tokenized 10,500,000 lines, 127,929,304 tokens
  tokenized 10,600,000 lines, 129,094,469 tokens
  tokenized 10,700,000 lines, 130,212,464 tokens
  tokenized 10,800,000 lines, 131,319,048 tokens
  tokenized 10,900,000 lines, 132,439,624 tokens
  tokenized 11,000,000 lines, 135,641,263 tokens
  tokenized 11,100,000 lines, 139,738,598 tokens
  tokenized 11,200,000 lines, 143,602,713 tokens
  tokenized 11,300,000 lines, 148,280,198 tokens
  tokenized 11,400,000 lines, 152,908,791 tokens
  tokenized 11,500,000 lines, 155,531,332 tokens
  tokenized 11,600,000 lines, 156,810,447 tokens
  wrote 156,834,671 tokens to data/corpora/strict/english_base.bin

======================================================================
TASK A COMPLETE
======================================================================
Text file:     data/corpora/strict/english_base.txt
  Word count:  100,000,000
Binary file:   data/corpora/strict/english_base.bin
  Token count: 156,834,671
  Size on disk: 0.31 GB

Tokenizer: data/tokenizer/strict_small/spm.model (vocab_size=20000)

Next: Run TASK B to generate grammar-based dose corpus
