[h2] Loaded 2000 NLI examples from data/nyaya_generated/nli_examples.jsonl
[h2] LoRA applied: 14 layers replaced, 688,128 adapter params
[h2] Trainable: 690,435 / 115,394,503 (0.60%)
[h2] Train: 1600, Test: 400, epochs: 15
[h2] epoch  1/15  train_loss=0.7402  test_acc=0.5275  best=0.5275
[h2] epoch  2/15  train_loss=0.6991  test_acc=0.4725  best=0.5275
[h2] epoch  3/15  train_loss=0.7034  test_acc=0.4725  best=0.5275
[h2] epoch  4/15  train_loss=0.6977  test_acc=0.5275  best=0.5275
[h2] epoch  5/15  train_loss=0.7004  test_acc=0.5275  best=0.5275
[h2] epoch  6/15  train_loss=0.7024  test_acc=0.4725  best=0.5275
[h2] epoch  7/15  train_loss=0.7026  test_acc=0.4725  best=0.5275
[h2] epoch  8/15  train_loss=0.6994  test_acc=0.5275  best=0.5275
[h2] epoch  9/15  train_loss=0.7025  test_acc=0.4725  best=0.5275
[h2] epoch 10/15  train_loss=0.7045  test_acc=0.4725  best=0.5275
[h2] epoch 11/15  train_loss=0.6969  test_acc=0.5275  best=0.5275
[h2] epoch 12/15  train_loss=0.6962  test_acc=0.4725  best=0.5275
[h2] epoch 13/15  train_loss=0.6964  test_acc=0.4725  best=0.5275
[h2] epoch 14/15  train_loss=0.6979  test_acc=0.5275  best=0.5275
[h2] epoch 15/15  train_loss=0.7015  test_acc=0.4725  best=0.5275

[h2] Results written to /home/sharaths/projects/PSALM-integration/results/h2_nyaya_lora/h2_results.json
[h2] Best test accuracy: 0.5275
[h2] H2 threshold (80%): NOT MET
