Using device: cuda
GPU: NVIDIA GB10
Loaded tokenizer: vocab_size=20000
Starting hyperparameter search: 16 trials on cuda
Steps per trial: 500
[Trial 0] Starting with config: {'trial_idx': 0, 'mask_prob_start': 0.45, 'mask_prob_end': 0.1, 'nhot_embeddings': True, 'optimizer': 'adamw', 'peak_lr': 0.0005, 'progressive_seq': True}
  step 55/166 loss=4.8773 ema=5.2971 lr=4.97e-04 47.38 step/s eta=0.0min
  step 110/166 loss=4.0624 ema=4.7086 lr=4.69e-04 83.03 step/s eta=0.0min
  step 165/166 loss=4.1379 ema=4.2414 lr=4.16e-04 109.71 step/s eta=0.0min
  step 277/500 loss=3.4706 ema=3.3453 lr=2.58e-04 309.55 step/s eta=0.0min
  step 388/500 loss=2.6084 ema=3.0516 lr=1.11e-04 316.64 step/s eta=0.0min
  step 499/500 loss=3.2148 ema=2.9457 lr=5.00e-05 322.94 step/s eta=0.0min
ELC two-stage done: steps=500 tokens=512000 final_loss=2.4909
[Trial 0] Complete: final_loss=2.4909 best_loss=2.4719 wall_seconds=3.2s
Results saved to data/hp_search/results.jsonl
[Trial 1] Starting with config: {'trial_idx': 1, 'mask_prob_start': 0.3, 'mask_prob_end': 0.15, 'nhot_embeddings': True, 'optimizer': 'adamw', 'peak_lr': 0.001, 'progressive_seq': True}
  step 55/166 loss=4.4107 ema=5.1146 lr=9.94e-04 327.21 step/s eta=0.0min
  step 110/166 loss=3.5112 ema=4.3326 lr=9.39e-04 320.80 step/s eta=0.0min
  step 165/166 loss=4.0794 ema=3.9201 lr=8.31e-04 321.58 step/s eta=0.0min
  step 277/500 loss=3.3383 ema=2.9508 lr=5.17e-04 316.66 step/s eta=0.0min
  step 388/500 loss=1.7412 ema=2.5622 lr=2.22e-04 321.01 step/s eta=0.0min
  step 499/500 loss=3.0677 ema=2.4508 lr=1.00e-04 323.43 step/s eta=0.0min
ELC two-stage done: steps=500 tokens=512000 final_loss=1.6669
[Trial 1] Complete: final_loss=1.6669 best_loss=1.6418 wall_seconds=1.6s
Results saved to data/hp_search/results.jsonl
[Trial 2] Starting with config: {'trial_idx': 2, 'mask_prob_start': 0.4, 'mask_prob_end': 0.2, 'nhot_embeddings': True, 'optimizer': 'muon', 'peak_lr': 0.001, 'progressive_seq': True}
unknown optimizer kind 'muon'; using plain AdamW
  step 55/166 loss=4.4107 ema=5.1146 lr=9.94e-04 330.26 step/s eta=0.0min
  step 110/166 loss=3.5112 ema=4.3326 lr=9.39e-04 336.83 step/s eta=0.0min
  step 165/166 loss=4.0794 ema=3.9201 lr=8.31e-04 332.30 step/s eta=0.0min
  step 277/500 loss=3.3383 ema=2.9508 lr=5.17e-04 316.88 step/s eta=0.0min
  step 388/500 loss=1.7412 ema=2.5622 lr=2.22e-04 320.65 step/s eta=0.0min
  step 499/500 loss=3.0677 ema=2.4508 lr=1.00e-04 320.76 step/s eta=0.0min
ELC two-stage done: steps=500 tokens=512000 final_loss=1.6669
[Trial 2] Complete: final_loss=1.6669 best_loss=1.6418 wall_seconds=1.5s
Results saved to data/hp_search/results.jsonl
[Trial 3] Starting with config: {'trial_idx': 3, 'mask_prob_start': 0.4, 'mask_prob_end': 0.15, 'nhot_embeddings': False, 'optimizer': 'adamw', 'peak_lr': 0.0005, 'progressive_seq': False}
  step 55/166 loss=4.8773 ema=5.2971 lr=4.97e-04 323.82 step/s eta=0.0min
  step 110/166 loss=4.0624 ema=4.7086 lr=4.69e-04 321.62 step/s eta=0.0min
  step 165/166 loss=4.1379 ema=4.2414 lr=4.16e-04 318.85 step/s eta=0.0min
  step 277/500 loss=3.4706 ema=3.3453 lr=2.58e-04 317.28 step/s eta=0.0min
  step 388/500 loss=2.6084 ema=3.0516 lr=1.11e-04 315.70 step/s eta=0.0min
  step 499/500 loss=3.2148 ema=2.9457 lr=5.00e-05 317.72 step/s eta=0.0min
ELC two-stage done: steps=500 tokens=512000 final_loss=2.4909
[Trial 3] Complete: final_loss=2.4909 best_loss=2.4719 wall_seconds=1.6s
Results saved to data/hp_search/results.jsonl
[Trial 4] Starting with config: {'trial_idx': 4, 'mask_prob_start': 0.3, 'mask_prob_end': 0.15, 'nhot_embeddings': True, 'optimizer': 'muon', 'peak_lr': 0.002, 'progressive_seq': True}
unknown optimizer kind 'muon'; using plain AdamW
  step 55/166 loss=4.0517 ema=4.8765 lr=1.99e-03 338.32 step/s eta=0.0min
  step 110/166 loss=3.0784 ema=4.0985 lr=1.88e-03 333.75 step/s eta=0.0min
  step 165/166 loss=4.0501 ema=3.6499 lr=1.66e-03 328.46 step/s eta=0.0min
  step 277/500 loss=3.2316 ema=2.6061 lr=1.03e-03 317.86 step/s eta=0.0min
  step 388/500 loss=1.3814 ema=2.3015 lr=4.45e-04 318.42 step/s eta=0.0min
  step 499/500 loss=3.0053 ema=2.2445 lr=2.00e-04 324.26 step/s eta=0.0min
ELC two-stage done: steps=500 tokens=512000 final_loss=1.3369
[Trial 4] Complete: final_loss=1.3369 best_loss=1.3097 wall_seconds=1.5s
Results saved to data/hp_search/results.jsonl
[Trial 5] Starting with config: {'trial_idx': 5, 'mask_prob_start': 0.4, 'mask_prob_end': 0.1, 'nhot_embeddings': False, 'optimizer': 'adamw', 'peak_lr': 0.002, 'progressive_seq': False}
  step 55/166 loss=4.0517 ema=4.8765 lr=1.99e-03 324.81 step/s eta=0.0min
  step 110/166 loss=3.0784 ema=4.0985 lr=1.88e-03 321.39 step/s eta=0.0min
  step 165/166 loss=4.0501 ema=3.6499 lr=1.66e-03 320.03 step/s eta=0.0min
  step 277/500 loss=3.2316 ema=2.6061 lr=1.03e-03 317.73 step/s eta=0.0min
  step 388/500 loss=1.3814 ema=2.3015 lr=4.45e-04 323.15 step/s eta=0.0min
  step 499/500 loss=3.0053 ema=2.2445 lr=2.00e-04 320.82 step/s eta=0.0min
ELC two-stage done: steps=500 tokens=512000 final_loss=1.3369
[Trial 5] Complete: final_loss=1.3369 best_loss=1.3097 wall_seconds=1.6s
Results saved to data/hp_search/results.jsonl
[Trial 6] Starting with config: {'trial_idx': 6, 'mask_prob_start': 0.45, 'mask_prob_end': 0.15, 'nhot_embeddings': True, 'optimizer': 'adamw', 'peak_lr': 0.002, 'progressive_seq': True}
  step 55/166 loss=4.0517 ema=4.8765 lr=1.99e-03 328.06 step/s eta=0.0min
  step 110/166 loss=3.0784 ema=4.0985 lr=1.88e-03 328.55 step/s eta=0.0min
  step 165/166 loss=4.0501 ema=3.6499 lr=1.66e-03 325.29 step/s eta=0.0min
  step 277/500 loss=3.2316 ema=2.6061 lr=1.03e-03 319.85 step/s eta=0.0min
  step 388/500 loss=1.3814 ema=2.3015 lr=4.45e-04 320.03 step/s eta=0.0min
  step 499/500 loss=3.0053 ema=2.2445 lr=2.00e-04 317.64 step/s eta=0.0min
ELC two-stage done: steps=500 tokens=512000 final_loss=1.3369
[Trial 6] Complete: final_loss=1.3369 best_loss=1.3097 wall_seconds=1.6s
Results saved to data/hp_search/results.jsonl
[Trial 7] Starting with config: {'trial_idx': 7, 'mask_prob_start': 0.3, 'mask_prob_end': 0.15, 'nhot_embeddings': False, 'optimizer': 'muon', 'peak_lr': 0.001, 'progressive_seq': True}
unknown optimizer kind 'muon'; using plain AdamW
  step 55/166 loss=4.4107 ema=5.1146 lr=9.94e-04 327.04 step/s eta=0.0min
  step 110/166 loss=3.5112 ema=4.3326 lr=9.39e-04 322.67 step/s eta=0.0min
  step 165/166 loss=4.0794 ema=3.9201 lr=8.31e-04 321.53 step/s eta=0.0min
  step 277/500 loss=3.3383 ema=2.9508 lr=5.17e-04 317.04 step/s eta=0.0min
  step 388/500 loss=1.7412 ema=2.5622 lr=2.22e-04 317.95 step/s eta=0.0min
  step 499/500 loss=3.0677 ema=2.4508 lr=1.00e-04 321.14 step/s eta=0.0min
ELC two-stage done: steps=500 tokens=512000 final_loss=1.6669
[Trial 7] Complete: final_loss=1.6669 best_loss=1.6418 wall_seconds=1.6s
Results saved to data/hp_search/results.jsonl
[Trial 8] Starting with config: {'trial_idx': 8, 'mask_prob_start': 0.4, 'mask_prob_end': 0.15, 'nhot_embeddings': False, 'optimizer': 'muon', 'peak_lr': 0.002, 'progressive_seq': False}
unknown optimizer kind 'muon'; using plain AdamW
  step 55/166 loss=4.0517 ema=4.8765 lr=1.99e-03 328.01 step/s eta=0.0min
  step 110/166 loss=3.0784 ema=4.0985 lr=1.88e-03 323.13 step/s eta=0.0min
  step 165/166 loss=4.0501 ema=3.6499 lr=1.66e-03 323.71 step/s eta=0.0min
  step 277/500 loss=3.2316 ema=2.6061 lr=1.03e-03 323.46 step/s eta=0.0min
  step 388/500 loss=1.3814 ema=2.3015 lr=4.45e-04 327.96 step/s eta=0.0min
  step 499/500 loss=3.0053 ema=2.2445 lr=2.00e-04 325.69 step/s eta=0.0min
ELC two-stage done: steps=500 tokens=512000 final_loss=1.3369
[Trial 8] Complete: final_loss=1.3369 best_loss=1.3097 wall_seconds=1.5s
Results saved to data/hp_search/results.jsonl
[Trial 9] Starting with config: {'trial_idx': 9, 'mask_prob_start': 0.3, 'mask_prob_end': 0.2, 'nhot_embeddings': True, 'optimizer': 'muon', 'peak_lr': 0.0005, 'progressive_seq': False}
unknown optimizer kind 'muon'; using plain AdamW
  step 55/166 loss=4.8773 ema=5.2971 lr=4.97e-04 329.08 step/s eta=0.0min
  step 110/166 loss=4.0624 ema=4.7086 lr=4.69e-04 331.97 step/s eta=0.0min
  step 165/166 loss=4.1379 ema=4.2414 lr=4.16e-04 331.11 step/s eta=0.0min
  step 277/500 loss=3.4706 ema=3.3453 lr=2.58e-04 319.63 step/s eta=0.0min
  step 388/500 loss=2.6084 ema=3.0516 lr=1.11e-04 318.84 step/s eta=0.0min
  step 499/500 loss=3.2148 ema=2.9457 lr=5.00e-05 323.08 step/s eta=0.0min
ELC two-stage done: steps=500 tokens=512000 final_loss=2.4909
[Trial 9] Complete: final_loss=2.4909 best_loss=2.4719 wall_seconds=1.5s
Results saved to data/hp_search/results.jsonl
[Trial 10] Starting with config: {'trial_idx': 10, 'mask_prob_start': 0.4, 'mask_prob_end': 0.1, 'nhot_embeddings': False, 'optimizer': 'adamw', 'peak_lr': 0.001, 'progressive_seq': True}
  step 55/166 loss=4.4107 ema=5.1146 lr=9.94e-04 328.75 step/s eta=0.0min
  step 110/166 loss=3.5112 ema=4.3326 lr=9.39e-04 318.14 step/s eta=0.0min
  step 165/166 loss=4.0794 ema=3.9201 lr=8.31e-04 318.08 step/s eta=0.0min
  step 277/500 loss=3.3383 ema=2.9508 lr=5.17e-04 311.68 step/s eta=0.0min
  step 388/500 loss=1.7412 ema=2.5622 lr=2.22e-04 315.18 step/s eta=0.0min
  step 499/500 loss=3.0677 ema=2.4508 lr=1.00e-04 313.52 step/s eta=0.0min
ELC two-stage done: steps=500 tokens=512000 final_loss=1.6669
[Trial 10] Complete: final_loss=1.6669 best_loss=1.6418 wall_seconds=1.6s
Results saved to data/hp_search/results.jsonl
[Trial 11] Starting with config: {'trial_idx': 11, 'mask_prob_start': 0.45, 'mask_prob_end': 0.1, 'nhot_embeddings': False, 'optimizer': 'adamw', 'peak_lr': 0.002, 'progressive_seq': False}
  step 55/166 loss=4.0517 ema=4.8765 lr=1.99e-03 325.92 step/s eta=0.0min
  step 110/166 loss=3.0784 ema=4.0985 lr=1.88e-03 332.19 step/s eta=0.0min
  step 165/166 loss=4.0501 ema=3.6499 lr=1.66e-03 327.00 step/s eta=0.0min
  step 277/500 loss=3.2316 ema=2.6061 lr=1.03e-03 314.13 step/s eta=0.0min
  step 388/500 loss=1.3814 ema=2.3015 lr=4.45e-04 317.46 step/s eta=0.0min
  step 499/500 loss=3.0053 ema=2.2445 lr=2.00e-04 242.05 step/s eta=0.0min
ELC two-stage done: steps=500 tokens=512000 final_loss=1.3369
[Trial 11] Complete: final_loss=1.3369 best_loss=1.3097 wall_seconds=1.9s
Results saved to data/hp_search/results.jsonl
[Trial 12] Starting with config: {'trial_idx': 12, 'mask_prob_start': 0.3, 'mask_prob_end': 0.15, 'nhot_embeddings': False, 'optimizer': 'adamw', 'peak_lr': 0.001, 'progressive_seq': False}
  step 55/166 loss=4.4107 ema=5.1146 lr=9.94e-04 128.03 step/s eta=0.0min
  step 110/166 loss=3.5112 ema=4.3326 lr=9.39e-04 130.78 step/s eta=0.0min
  step 165/166 loss=4.0794 ema=3.9201 lr=8.31e-04 129.41 step/s eta=0.0min
  step 277/500 loss=3.3383 ema=2.9508 lr=5.17e-04 183.47 step/s eta=0.0min
  step 388/500 loss=1.7412 ema=2.5622 lr=2.22e-04 215.50 step/s eta=0.0min
  step 499/500 loss=3.0677 ema=2.4508 lr=1.00e-04 229.72 step/s eta=0.0min
ELC two-stage done: steps=500 tokens=512000 final_loss=1.6669
[Trial 12] Complete: final_loss=1.6669 best_loss=1.6418 wall_seconds=2.7s
Results saved to data/hp_search/results.jsonl
[Trial 13] Starting with config: {'trial_idx': 13, 'mask_prob_start': 0.3, 'mask_prob_end': 0.1, 'nhot_embeddings': True, 'optimizer': 'adamw', 'peak_lr': 0.0005, 'progressive_seq': True}
  step 55/166 loss=4.8773 ema=5.2971 lr=4.97e-04 240.28 step/s eta=0.0min
  step 110/166 loss=4.0624 ema=4.7086 lr=4.69e-04 245.46 step/s eta=0.0min
  step 165/166 loss=4.1379 ema=4.2414 lr=4.16e-04 248.55 step/s eta=0.0min
  step 277/500 loss=3.4706 ema=3.3453 lr=2.58e-04 192.68 step/s eta=0.0min
  step 388/500 loss=2.6084 ema=3.0516 lr=1.11e-04 169.25 step/s eta=0.0min
  step 499/500 loss=3.2148 ema=2.9457 lr=5.00e-05 163.51 step/s eta=0.0min
ELC two-stage done: steps=500 tokens=512000 final_loss=2.4909
[Trial 13] Complete: final_loss=2.4909 best_loss=2.4719 wall_seconds=2.7s
Results saved to data/hp_search/results.jsonl
[Trial 14] Starting with config: {'trial_idx': 14, 'mask_prob_start': 0.45, 'mask_prob_end': 0.1, 'nhot_embeddings': False, 'optimizer': 'adamw', 'peak_lr': 0.002, 'progressive_seq': False}
  step 55/166 loss=4.0517 ema=4.8765 lr=1.99e-03 147.09 step/s eta=0.0min
  step 110/166 loss=3.0784 ema=4.0985 lr=1.88e-03 149.07 step/s eta=0.0min
  step 165/166 loss=4.0501 ema=3.6499 lr=1.66e-03 148.71 step/s eta=0.0min
  step 277/500 loss=3.2316 ema=2.6061 lr=1.03e-03 151.04 step/s eta=0.0min
  step 388/500 loss=1.3814 ema=2.3015 lr=4.45e-04 150.54 step/s eta=0.0min
  step 499/500 loss=3.0053 ema=2.2445 lr=2.00e-04 150.23 step/s eta=0.0min
ELC two-stage done: steps=500 tokens=512000 final_loss=1.3369
[Trial 14] Complete: final_loss=1.3369 best_loss=1.3097 wall_seconds=3.3s
Results saved to data/hp_search/results.jsonl
[Trial 15] Starting with config: {'trial_idx': 15, 'mask_prob_start': 0.3, 'mask_prob_end': 0.15, 'nhot_embeddings': True, 'optimizer': 'muon', 'peak_lr': 0.002, 'progressive_seq': False}
unknown optimizer kind 'muon'; using plain AdamW
  step 55/166 loss=4.0517 ema=4.8765 lr=1.99e-03 145.41 step/s eta=0.0min
  step 110/166 loss=3.0784 ema=4.0985 lr=1.88e-03 148.48 step/s eta=0.0min
  step 165/166 loss=4.0501 ema=3.6499 lr=1.66e-03 148.54 step/s eta=0.0min
  step 277/500 loss=3.2316 ema=2.6061 lr=1.03e-03 150.14 step/s eta=0.0min
  step 388/500 loss=1.3814 ema=2.3015 lr=4.45e-04 150.84 step/s eta=0.0min
  step 499/500 loss=3.0053 ema=2.2445 lr=2.00e-04 150.42 step/s eta=0.0min
ELC two-stage done: steps=500 tokens=512000 final_loss=1.3369
[Trial 15] Complete: final_loss=1.3369 best_loss=1.3097 wall_seconds=3.3s
Results saved to data/hp_search/results.jsonl
Best config saved to data/hp_search/best_config.json

====================================================================================================
Hyperparameter Search Results (sorted by final loss)
====================================================================================================
Rank | Loss  | Opt   | LR    | Mask Start | Mask End | N-Hot | Prog | Trial | Time(s)
----------------------------------------------------------------------------------------------------
  1  | 1.337 | muon  | 2e-03 |       0.30 |     0.15 | True  | True |     4 |     1.5
  2  | 1.337 | adamw | 2e-03 |       0.40 |     0.10 | False | False |     5 |     1.6
  3  | 1.337 | adamw | 2e-03 |       0.45 |     0.15 | True  | True |     6 |     1.6
  4  | 1.337 | muon  | 2e-03 |       0.40 |     0.15 | False | False |     8 |     1.5
  5  | 1.337 | adamw | 2e-03 |       0.45 |     0.10 | False | False |    11 |     1.9
  6  | 1.337 | adamw | 2e-03 |       0.45 |     0.10 | False | False |    14 |     3.3
  7  | 1.337 | muon  | 2e-03 |       0.30 |     0.15 | True  | False |    15 |     3.3
  8  | 1.667 | adamw | 1e-03 |       0.30 |     0.15 | True  | True |     1 |     1.6
  9  | 1.667 | muon  | 1e-03 |       0.40 |     0.20 | True  | True |     2 |     1.5
 10  | 1.667 | muon  | 1e-03 |       0.30 |     0.15 | False | True |     7 |     1.6
 11  | 1.667 | adamw | 1e-03 |       0.40 |     0.10 | False | True |    10 |     1.6
 12  | 1.667 | adamw | 1e-03 |       0.30 |     0.15 | False | False |    12 |     2.7
 13  | 2.491 | adamw | 5e-04 |       0.45 |     0.10 | True  | True |     0 |     3.2
 14  | 2.491 | adamw | 5e-04 |       0.40 |     0.15 | False | False |     3 |     1.6
 15  | 2.491 | muon  | 5e-04 |       0.30 |     0.20 | True  | False |     9 |     1.5
 16  | 2.491 | adamw | 5e-04 |       0.30 |     0.10 | True  | True |    13 |     2.7
----------------------------------------------------------------------------------------------------

Best trial: #4
  Final loss: 1.3369
  Best loss:  1.3097
  Wall time:  1.5s

Best config:
  mask_prob_start: 0.3
  mask_prob_end: 0.15
  nhot_embeddings: True
  optimizer: muon
  peak_lr: 0.002
  progressive_seq: True
====================================================================================================

