uv run ruff check
All checks passed!
uv run mypy
Success: no issues found in 115 source files
uv run ruff format --check
321 files already formatted
uv run pytest --cov=psalm
============================= test session starts ==============================
platform linux -- Python 3.12.3, pytest-9.0.3, pluggy-1.6.0 -- /home/sharaths/projects/PSALM-integration/.venv/bin/python
cachedir: .pytest_cache
hypothesis profile 'default'
rootdir: /home/sharaths/projects/PSALM-integration
configfile: pyproject.toml
testpaths: tests
plugins: mock-3.15.1, cov-7.1.0, hypothesis-6.155.1, asyncio-1.4.0, anyio-4.13.0
asyncio: mode=Mode.STRICT, debug=False, asyncio_default_fixture_loop_scope=None, asyncio_default_test_loop_scope=function
collecting ... collected 651 items

tests/integration/test_h1_pipeline.py::test_runner_returns_required_metric_keys_for_paninian_arm PASSED [  0%]
tests/integration/test_h1_pipeline.py::test_runner_handles_dyck_and_none_arms PASSED [  0%]
tests/integration/test_nhot_embeddings_integration.py::test_build_nhot_matrix_from_spm PASSED [  0%]
tests/integration/test_nhot_embeddings_integration.py::test_nhot_embedding_with_encoder_smoke PASSED [  0%]
tests/integration/test_nhot_embeddings_integration.py::test_nhot_embedding_saves_and_loads PASSED [  0%]
tests/integration/test_nhot_embeddings_integration.py::test_encoder_with_and_without_nhot_produce_different_embeddings PASSED [  0%]
tests/integration/test_nhot_embeddings_integration.py::test_nhot_embeddings_preserve_training_properties PASSED [  1%]
tests/integration/test_samsadhani_live.py::test_generator_streams_annotated_sentences PASSED [  1%]
tests/integration/test_samsadhani_live.py::test_generator_is_deterministic_by_seed PASSED [  1%]
tests/integration/test_samsadhani_live.py::test_unreachable_container_raises_not_configured PASSED [  1%]
tests/integration/test_samsadhani_live.py::test_corpus_source_streams_when_available SKIPPED [  1%]
tests/integration/test_train_smoke.py::test_decoder_trains_and_loss_decreases PASSED [  1%]
tests/integration/test_train_smoke.py::test_packer_windows_are_correct_length PASSED [  1%]
tests/integration/test_train_smoke.py::test_aux_head_runs_for_arm_d PASSED [  2%]
tests/integration/test_two_phase_schedule.py::test_downstream_runs_full_budget_even_with_structural_phase PASSED [  2%]
tests/integration/test_two_phase_schedule.py::test_arms_without_structural_phase_skip_phase_one PASSED [  2%]
tests/integration/test_two_phase_schedule.py::test_downstream_loss_decreases PASSED [  2%]
tests/integration/test_two_phase_schedule.py::test_checkpoint_curve_is_recorded PASSED [  2%]
tests/integration/test_two_phase_schedule.py::test_matched_epoch_dose_scales_structural_steps PASSED [  2%]
tests/integration/test_two_phase_schedule.py::test_nl_token_cap_binds_when_smaller_than_max_steps PASSED [  3%]
tests/test_english_karaka_spacy.py::TestDepToKaraka::test_subject_to_karta PASSED [  3%]
tests/test_english_karaka_spacy.py::TestDepToKaraka::test_object_to_karma PASSED [  3%]
tests/test_english_karaka_spacy.py::TestDepToKaraka::test_verb_to_kriya PASSED [  3%]
tests/test_english_karaka_spacy.py::TestDepToKaraka::test_preposition_with_to_karana PASSED [  3%]
tests/test_english_karaka_spacy.py::TestDepToKaraka::test_preposition_in_to_adhikarana PASSED [  3%]
tests/test_english_karaka_spacy.py::TestDepToKaraka::test_preposition_from_to_apadana PASSED [  3%]
tests/test_english_karaka_spacy.py::TestDepToKaraka::test_adjective_to_visesana PASSED [  4%]
tests/test_english_karaka_spacy.py::TestDepToKaraka::test_determiner_to_separator PASSED [  4%]
tests/test_english_karaka_spacy.py::TestThirdPersonVerbBug::test_jumps_is_verb_not_modifier PASSED [  4%]
tests/test_english_karaka_spacy.py::TestThirdPersonVerbBug::test_runs_is_verb_not_modifier PASSED [  4%]
tests/test_english_karaka_spacy.py::TestThirdPersonVerbBug::test_flows_is_verb_not_modifier PASSED [  4%]
tests/test_english_karaka_spacy.py::TestThirdPersonVerbBug::test_eats_is_verb_not_modifier PASSED [  4%]
tests/test_english_karaka_spacy.py::TestBabyLMSentences::test_simple_svo PASSED [  5%]
tests/test_english_karaka_spacy.py::TestBabyLMSentences::test_intransitive PASSED [  5%]
tests/test_english_karaka_spacy.py::TestBabyLMSentences::test_with_instrument PASSED [  5%]
tests/test_english_karaka_spacy.py::TestBabyLMSentences::test_with_location PASSED [  5%]
tests/test_english_karaka_spacy.py::TestBabyLMSentences::test_multiple_adjectives PASSED [  5%]
tests/test_english_karaka_spacy.py::TestBabyLMSentences::test_with_recipient PASSED [  5%]
tests/test_english_karaka_spacy.py::TestBabyLMSentences::test_ablative PASSED [  5%]
tests/test_english_karaka_spacy.py::TestParseAndAssign::test_parse_and_assign_integration PASSED [  6%]
tests/test_english_karaka_spacy.py::TestParseAndAssign::test_handles_punctuation PASSED [  6%]
tests/test_english_karaka_spacy.py::TestRolesToDict::test_simple_conversion PASSED [  6%]
tests/test_english_karaka_spacy.py::TestRolesToDict::test_empty_list PASSED [  6%]
tests/unit/paribhasha/test_generator.py::TestParibhashaGeneratorDeterminism::test_same_seed_same_graph PASSED [  6%]
tests/unit/paribhasha/test_generator.py::TestParibhashaGeneratorDeterminism::test_different_seed_different_graph PASSED [  6%]
tests/unit/paribhasha/test_generator.py::TestParibhashaGeneratorValidity::test_every_stratum_graph_is_type_valid[atomic] PASSED [  7%]
tests/unit/paribhasha/test_generator.py::TestParibhashaGeneratorValidity::test_every_stratum_graph_is_type_valid[nested] PASSED [  7%]
tests/unit/paribhasha/test_generator.py::TestParibhashaGeneratorValidity::test_every_stratum_graph_is_type_valid[inference] PASSED [  7%]
tests/unit/paribhasha/test_generator.py::TestParibhashaGeneratorValidity::test_nested_depth_in_range PASSED [  7%]
tests/unit/paribhasha/test_generator.py::TestParibhashaGeneratorValidity::test_stream_reproducible PASSED [  7%]
tests/unit/paribhasha/test_generator.py::TestParibhashaGeneratorValidity::test_negative_n_raises PASSED [  7%]
tests/unit/paribhasha/test_relations_coverage.py::test_kriya_prakarata PASSED [  7%]
tests/unit/paribhasha/test_relations_coverage.py::test_visayata_abhava_object PASSED [  8%]
tests/unit/paribhasha/test_relations_coverage.py::test_samyogata_kriya_dravya PASSED [  8%]
tests/unit/paribhasha/test_relations_coverage.py::test_abhava_anuyogin_non_dravya_raises PASSED [  8%]
tests/unit/paribhasha/test_relations_coverage.py::test_samyogata_dravya_dravya PASSED [  8%]
tests/unit/paribhasha/test_relations_coverage.py::test_visesyata_invalid_qualifier_src PASSED [  8%]
tests/unit/paribhasha/test_relations_coverage.py::test_prakarata_kriya_invalid_dst PASSED [  8%]
tests/unit/paribhasha/test_relations_coverage.py::test_visesyata_samanya_invalid_dst PASSED [  9%]
tests/unit/paribhasha/test_relations_coverage.py::test_samyogata_invalid_dst PASSED [  9%]
tests/unit/paribhasha/test_relations_coverage.py::test_visesyata_guna_samanya PASSED [  9%]
tests/unit/paribhasha/test_relations_coverage.py::test_prakarata_kriya_target_guna PASSED [  9%]
tests/unit/paribhasha/test_relations_coverage.py::test_visayata_kriya_src_allowed PASSED [  9%]
tests/unit/paribhasha/test_relations_coverage.py::test_visayata_invalid_src_category PASSED [  9%]
tests/unit/paribhasha/test_relations_coverage.py::test_visayata_guna_src_invalid_dst PASSED [  9%]
tests/unit/paribhasha/test_renderer.py::TestRenderDualChannel::test_render_produces_ascii_and_iast PASSED [ 10%]
tests/unit/paribhasha/test_renderer.py::TestRenderDualChannel::test_ascii_iast_same_operator_structure PASSED [ 10%]
tests/unit/paribhasha/test_renderer.py::TestAsciiRoundTrip::test_atomic_prakarata_round_trip PASSED [ 10%]
tests/unit/paribhasha/test_renderer.py::TestAsciiRoundTrip::test_generated_atomic_round_trip[0] PASSED [ 10%]
tests/unit/paribhasha/test_renderer.py::TestAsciiRoundTrip::test_generated_atomic_round_trip[1] PASSED [ 10%]
tests/unit/paribhasha/test_renderer.py::TestAsciiRoundTrip::test_generated_atomic_round_trip[2] PASSED [ 10%]
tests/unit/paribhasha/test_renderer.py::TestAsciiRoundTrip::test_generated_atomic_round_trip[3] PASSED [ 11%]
tests/unit/paribhasha/test_renderer.py::TestAsciiRoundTrip::test_generated_atomic_round_trip[4] PASSED [ 11%]
tests/unit/paribhasha/test_renderer.py::TestAsciiRoundTrip::test_generated_atomic_round_trip[5] PASSED [ 11%]
tests/unit/paribhasha/test_renderer.py::TestAsciiRoundTrip::test_generated_atomic_round_trip[6] PASSED [ 11%]
tests/unit/paribhasha/test_renderer.py::TestAsciiRoundTrip::test_generated_atomic_round_trip[7] PASSED [ 11%]
tests/unit/paribhasha/test_renderer.py::TestAsciiRoundTrip::test_generated_atomic_round_trip[8] PASSED [ 11%]
tests/unit/paribhasha/test_renderer.py::TestAsciiRoundTrip::test_generated_atomic_round_trip[9] PASSED [ 11%]
tests/unit/paribhasha/test_renderer.py::TestAsciiRoundTrip::test_malformed_parse_raises PASSED [ 12%]
tests/unit/paribhasha/test_renderer.py::TestIastTransliteratesOperators::test_visayata_iast_diacritics PASSED [ 12%]
tests/unit/paribhasha/test_renderer_branches.py::test_abhava_flat_round_trip_lossless PASSED [ 12%]
tests/unit/paribhasha/test_renderer_branches.py::test_qualifier_survives_round_trip PASSED [ 12%]
tests/unit/paribhasha/test_renderer_branches.py::test_avacchedaka_edge_is_lossless PASSED [ 12%]
tests/unit/paribhasha/test_renderer_branches.py::test_category_clash_raises PASSED [ 12%]
tests/unit/paribhasha/test_renderer_branches.py::test_untyped_terminal_raises PASSED [ 13%]
tests/unit/paribhasha/test_renderer_branches.py::test_nested_component_rejected PASSED [ 13%]
tests/unit/paribhasha/test_renderer_branches.py::test_isolated_node_round_trip PASSED [ 13%]
tests/unit/paribhasha/test_renderer_coverage.py::test_from_schema_dict_round_trip PASSED [ 13%]
tests/unit/paribhasha/test_renderer_coverage.py::test_inference_render_parse PASSED [ 13%]
tests/unit/paribhasha/test_renderer_coverage.py::test_nested_without_abhava_round_trip PASSED [ 13%]
tests/unit/paribhasha/test_renderer_coverage.py::test_abhava_ascii_round_trip SKIPPED [ 13%]
tests/unit/paribhasha/test_renderer_coverage.py::test_avacchedaka_flat_round_trip PASSED [ 14%]
tests/unit/paribhasha/test_renderer_coverage.py::test_inference_suffix_preserved PASSED [ 14%]
tests/unit/paribhasha/test_renderer_coverage.py::test_isolated_node_and_inference_both_emitted PASSED [ 14%]
tests/unit/paribhasha/test_renderer_coverage.py::test_parse_errors PASSED [ 14%]
tests/unit/paribhasha/test_renderer_coverage.py::test_samyogata_round_trip SKIPPED [ 14%]
tests/unit/paribhasha/test_renderer_coverage.py::test_to_iast_operators PASSED [ 14%]
tests/unit/paribhasha/test_types.py::TestPrakarataConstraints::test_guna_qualifies_dravya PASSED [ 15%]
tests/unit/paribhasha/test_types.py::TestPrakarataConstraints::test_dravya_as_prakara_raises PASSED [ 15%]
tests/unit/paribhasha/test_types.py::TestVisayataConstraints::test_visayata_guna_dravya PASSED [ 15%]
tests/unit/paribhasha/test_types.py::TestVisayataConstraints::test_visayata_samanya_dst_raises PASSED [ 15%]
tests/unit/paribhasha/test_types.py::TestSamavayaConstraints::test_samavaya_dravya_pair PASSED [ 15%]
tests/unit/paribhasha/test_types.py::TestSamavayaConstraints::test_samavaya_non_dravya_raises PASSED [ 15%]
tests/unit/paribhasha/test_types.py::TestAbhavaConstraints::test_abhava_requires_anuyogin_and_pratiyogin PASSED [ 15%]
tests/unit/paribhasha/test_types.py::TestAbhavaConstraints::test_abhava_missing_pratiyogin_raises PASSED [ 16%]
tests/unit/paribhasha/test_types.py::TestAbhavaConstraints::test_validate_abhava_node_direct PASSED [ 16%]
tests/unit/paribhasha/test_types.py::TestAvacchedakaConstraints::test_avacchedaka_visesa_scopes_relation PASSED [ 16%]
tests/unit/paribhasha/test_types.py::TestAvacchedakaConstraints::test_avacchedaka_dravya_limiter_raises PASSED [ 16%]
tests/unit/paribhasha/test_types.py::TestGraphIntegrity::test_duplicate_node_ids_raises PASSED [ 16%]
tests/unit/paribhasha/test_types.py::TestGraphIntegrity::test_unknown_edge_endpoint_raises PASSED [ 16%]
tests/unit/paribhasha/test_types.py::TestGraphIntegrity::test_to_schema_dict_matches_aligned_pair PASSED [ 17%]
tests/unit/paribhasha/test_types_schema.py::test_from_schema_dict_with_label PASSED [ 17%]
tests/unit/shabdabodha/test_engine.py::TestCompileShabdabodha::test_transitive_karwA_karma PASSED [ 17%]
tests/unit/shabdabodha/test_engine.py::TestCompileShabdabodha::test_intransitive_with_adhikaraNa PASSED [ 17%]
tests/unit/shabdabodha/test_engine.py::TestCompileShabdabodha::test_oblique_transitive_karaNam PASSED [ 17%]
tests/unit/shabdabodha/test_engine.py::TestCompileShabdabodha::test_skip_empty_parse PASSED [ 17%]
tests/unit/shabdabodha/test_engine.py::TestCompileShabdabodha::test_aligned_record_meta PASSED [ 17%]
tests/unit/shabdabodha/test_engine.py::TestCompileShabdabodha::test_skip_unknown_karaka[hetu] PASSED [ 18%]
tests/unit/shabdabodha/test_engine.py::TestCompileShabdabodha::test_skip_unknown_karaka[samA] PASSED [ 18%]
tests/unit/shabdabodha/test_engine.py::TestFaithfulSemantics::test_sankhya_visesana_encodes_number PASSED [ 18%]
tests/unit/shabdabodha/test_engine.py::TestFaithfulSemantics::test_guna_instrument_qualifies_karta_by_prakarata PASSED [ 18%]
tests/unit/shabdabodha/test_engine.py::TestFaithfulSemantics::test_yogyata_skips_guna_karta PASSED [ 18%]
tests/unit/shabdabodha/test_engine.py::TestFaithfulSemantics::test_akanksa_skips_akarmaka_with_karma PASSED [ 18%]
tests/unit/shabdabodha/test_engine.py::TestFaithfulSemantics::test_akanksa_skips_missing_karta PASSED [ 19%]
tests/unit/shabdabodha/test_engine.py::TestFaithfulSemantics::test_obliques_have_distinct_qualified_shapes PASSED [ 19%]
tests/unit/shabdabodha/test_fixtures_integration.py::test_ci_fixture_coverage_at_least_80_percent PASSED [ 19%]
tests/unit/shabdabodha/test_fixtures_integration.py::test_every_ci_success_validates_against_schema PASSED [ 19%]
tests/unit/shabdabodha/test_fixtures_integration.py::test_transitive_visayata_present_in_every_success PASSED [ 19%]
tests/unit/shabdabodha/test_fixtures_integration.py::test_padartha_assignment_uses_multiple_categories PASSED [ 19%]
tests/unit/shabdabodha/test_schema.py::test_validate_aligned_record_helper PASSED [ 19%]
tests/unit/shabdabodha/test_schema.py::test_required_top_level_keys PASSED [ 20%]
tests/unit/shabdabodha/test_schema.py::test_meta_schema_version_const PASSED [ 20%]
tests/unit/shabdabodha/test_schema.py::test_graph_nodes_edges_schema PASSED [ 20%]
tests/unit/test_architecture_resolve.py::test_elc_architecture_names_resolve PASSED [ 20%]
tests/unit/test_architecture_resolve.py::test_elc_defaults_match_joint_vocab PASSED [ 20%]
tests/unit/test_architecture_resolve.py::test_unknown_architecture_raises PASSED [ 20%]
tests/unit/test_architecture_resolve.py::test_is_elc_architecture PASSED [ 21%]
tests/unit/test_architecture_resolve.py::test_joint_vocab_helpers PASSED [ 21%]
tests/unit/test_assembly.py::test_none_source_yields_no_items PASSED     [ 21%]
tests/unit/test_assembly.py::test_paninian_streams_requested_count PASSED [ 21%]
tests/unit/test_assembly.py::test_dyck_streams_unannotated PASSED        [ 21%]
tests/unit/test_assembly.py::test_karaka_aux_uses_same_input_stream_as_paninian PASSED [ 21%]
tests/unit/test_assembly.py::test_serialize_line_paninian_is_surface_form PASSED [ 21%]
tests/unit/test_assembly.py::test_serialize_line_dyck_is_text PASSED     [ 22%]
tests/unit/test_assembly.py::test_aux_targets_present_only_for_karaka_arm PASSED [ 22%]
tests/unit/test_assembly.py::test_aux_targets_prefer_gold_karaka_roles PASSED [ 22%]
tests/unit/test_assembly.py::test_lines_require_configured_generator PASSED [ 22%]
tests/unit/test_assembly.py::test_take_until_tokens_respects_budget PASSED [ 22%]
tests/unit/test_babylm_eval.py::test_no_mock_symbols_remain PASSED       [ 22%]
tests/unit/test_babylm_eval.py::test_smoke_eval_returns_numeric_scores PASSED [ 23%]
tests/unit/test_babylm_eval.py::test_smoke_eval_is_never_evidence_grade PASSED [ 23%]
tests/unit/test_babylm_eval.py::test_detect_pipeline_missing_without_install PASSED [ 23%]
tests/unit/test_babylm_eval.py::test_smoke_eval_writes_report PASSED     [ 23%]
tests/unit/test_babylm_eval.py::test_pll_model_protocol PASSED           [ 23%]
tests/unit/test_babylm_eval.py::test_minimal_pair_accuracy_is_zero_or_one PASSED [ 23%]
tests/unit/test_babylm_eval.py::TestOfficialVenue::test_ewok_is_an_official_task PASSED [ 23%]
tests/unit/test_babylm_eval.py::TestOfficialVenue::test_unknown_task_rejected PASSED [ 24%]
tests/unit/test_babylm_eval.py::TestOfficialVenue::test_causal_backend_rejected PASSED [ 24%]
tests/unit/test_babylm_eval.py::TestOfficialVenue::test_missing_pipeline_raises PASSED [ 24%]
tests/unit/test_babylm_eval.py::test_pll_minimal_pair_deterministic PASSED [ 24%]
tests/unit/test_babylm_fertility.py::test_count_fertility_tokens_per_word PASSED [ 24%]
tests/unit/test_babylm_fertility.py::test_paribhasha_transliteration_roundtrip_preserves_words PASSED [ 24%]
tests/unit/test_babylm_fertility.py::test_sample_paribhasha_lines_deterministic PASSED [ 25%]
tests/unit/test_babylm_joint_tokenizer.py::test_joint_train_and_fertility_ablation PASSED [ 25%]
tests/unit/test_babylm_manifest.py::test_count_words_whitespace PASSED   [ 25%]
tests/unit/test_babylm_manifest.py::test_strict_small_budget_ok PASSED   [ 25%]
tests/unit/test_babylm_manifest.py::test_strict_budget_exceeded_raises PASSED [ 25%]
tests/unit/test_babylm_manifest.py::test_negative_word_count_rejected PASSED [ 25%]
tests/unit/test_babylm_manifest.py::test_epoch_equivalent_words_helper PASSED [ 25%]
tests/unit/test_babylm_manifest_io.py::test_repo_manifests_validate[babylm-corpus-manifest-strict_small.yaml-strict_small-10000000] PASSED [ 26%]
tests/unit/test_babylm_manifest_io.py::test_repo_manifests_validate[babylm-corpus-manifest-strict.yaml-strict-100000000] PASSED [ 26%]
tests/unit/test_babylm_manifest_io.py::test_load_rejects_invalid_hash PASSED [ 26%]
tests/unit/test_babylm_models.py::test_builds_elc_pll_model PASSED       [ 26%]
tests/unit/test_babylm_models.py::test_elc_smoke_model_runs_pll PASSED   [ 26%]
tests/unit/test_cli.py::test_version PASSED                              [ 26%]
tests/unit/test_cli.py::test_config_show PASSED                          [ 27%]
tests/unit/test_cli.py::test_contract_check_not_closed_exits_nonzero PASSED [ 27%]
tests/unit/test_cli.py::test_contract_check_closed_with_signoff_exits_zero PASSED [ 27%]
tests/unit/test_cli_eval.py::test_eval_babylm_smoke_has_no_mock_flag PASSED [ 27%]
tests/unit/test_cli_eval.py::test_eval_babylm_smoke_elc PASSED           [ 27%]
tests/unit/test_cli_eval.py::test_eval_manifest_check PASSED             [ 27%]
tests/unit/test_closure_contract.py::TestTechnicalGate::test_satisfied_when_all_green_and_coverage_met PASSED [ 27%]
tests/unit/test_closure_contract.py::TestTechnicalGate::test_coverage_below_threshold_blocks PASSED [ 28%]
tests/unit/test_closure_contract.py::TestEmpiricalGate::test_positive_finding_meeting_threshold_satisfies PASSED [ 28%]
tests/unit/test_closure_contract.py::TestEmpiricalGate::test_below_threshold_requires_two_interventions PASSED [ 28%]
tests/unit/test_closure_contract.py::TestEmpiricalGate::test_below_threshold_with_two_interventions_can_satisfy PASSED [ 28%]
tests/unit/test_closure_contract.py::TestEmpiricalGate::test_null_finding_without_interventions_blocks PASSED [ 28%]
tests/unit/test_closure_contract.py::TestEmpiricalGate::test_pending_finding_blocks PASSED [ 28%]
tests/unit/test_closure_contract.py::TestEmpiricalGate::test_missing_interpretation_blocks PASSED [ 29%]
tests/unit/test_closure_contract.py::TestEmpiricalGate::test_intervention_numbering_must_be_unique_ascending PASSED [ 29%]
tests/unit/test_closure_contract.py::TestEmpiricalGate::test_lower_is_better_threshold PASSED [ 29%]
tests/unit/test_closure_contract.py::TestPhaseClosureReport::test_fully_satisfied_report_is_closed PASSED [ 29%]
tests/unit/test_closure_contract.py::TestPhaseClosureReport::test_closed_but_no_signoff_cannot_merge PASSED [ 29%]
tests/unit/test_closure_contract.py::TestPhaseClosureReport::test_signoff_allows_merge PASSED [ 29%]
tests/unit/test_closure_contract.py::TestPhaseClosureReport::test_outstanding_lists_blocked_layers PASSED [ 29%]
tests/unit/test_cogs_loader.py::test_load_all_gen PASSED                 [ 30%]
tests/unit/test_cogs_loader.py::test_structural_tier_filters_to_recursion PASSED [ 30%]
tests/unit/test_cogs_loader.py::test_lexical_tier_excludes_structural PASSED [ 30%]
tests/unit/test_cogs_loader.py::test_tiers_are_disjoint PASSED           [ 30%]
tests/unit/test_cogs_loader.py::test_missing_file_raises_without_download PASSED [ 30%]
tests/unit/test_cogs_loader.py::test_limit_applies_after_filter PASSED   [ 30%]
tests/unit/test_comparison_tests.py::TestMeanCI::test_mean_within_ci PASSED [ 31%]
tests/unit/test_comparison_tests.py::TestMeanCI::test_empty_raises PASSED [ 31%]
tests/unit/test_comparison_tests.py::TestPairedDifferences::test_computes_elementwise_difference PASSED [ 31%]
tests/unit/test_comparison_tests.py::TestPairedDifferences::test_unequal_length_raises PASSED [ 31%]
tests/unit/test_comparison_tests.py::TestPairedDifferences::test_empty_raises PASSED [ 31%]
tests/unit/test_comparison_tests.py::TestPairedBootstrap::test_mean_within_ci PASSED [ 31%]
tests/unit/test_comparison_tests.py::TestPairedBootstrap::test_empty_raises PASSED [ 31%]
tests/unit/test_comparison_tests.py::TestPairedBootstrap::test_matches_hand_checked_reference PASSED [ 32%]
tests/unit/test_comparison_tests.py::TestPairedPermutationTest::test_clear_paired_difference_is_significant PASSED [ 32%]
tests/unit/test_comparison_tests.py::TestPairedPermutationTest::test_no_difference_is_not_significant PASSED [ 32%]
tests/unit/test_comparison_tests.py::TestPairedPermutationTest::test_unequal_length_raises PASSED [ 32%]
tests/unit/test_comparison_tests.py::TestPairedPermutationTest::test_empty_arm_raises PASSED [ 32%]
tests/unit/test_comparison_tests.py::TestPairedPermutationTest::test_sign_flip_reference_two_seeds PASSED [ 32%]
tests/unit/test_comparison_tests.py::TestHolmBonferroni::test_corrects_family_wise_error PASSED [ 33%]
tests/unit/test_comparison_tests.py::TestHolmBonferroni::test_empty_family PASSED [ 33%]
tests/unit/test_comparison_tests.py::TestHolmBonferroni::test_step_down_stops_at_first_failure PASSED [ 33%]
tests/unit/test_config_loader.py::test_load_minimal_config_uses_defaults PASSED [ 33%]
tests/unit/test_config_loader.py::test_load_overrides_nested PASSED      [ 33%]
tests/unit/test_config_loader.py::test_config_hash_is_stable_and_sensitive PASSED [ 33%]
tests/unit/test_corpora_sources.py::test_local_source_streams_lines PASSED [ 33%]
tests/unit/test_corpora_sources.py::test_local_source_missing_file_raises PASSED [ 34%]
tests/unit/test_corpora_sources.py::test_hf_source_unprovisioned_raises PASSED [ 34%]
tests/unit/test_corpora_sources.py::test_known_sources_registry_licensing PASSED [ 34%]
tests/unit/test_crystallization_m1.py::test_property_map_matches_spike_expectations PASSED [ 34%]
tests/unit/test_crystallization_m1.py::test_lexicon_loads_and_lookup PASSED [ 34%]
tests/unit/test_crystallization_m1.py::test_domain_triples_are_entity_entity_and_generable PASSED [ 34%]
tests/unit/test_crystallization_m1.py::test_net_mapping_rate_meets_charter_in_bounded_domain PASSED [ 35%]
tests/unit/test_crystallization_m1.py::test_dense_triples_yield_many_frames PASSED [ 35%]
tests/unit/test_crystallization_m1.py::test_frame_from_triple_has_valid_structure PASSED [ 35%]
tests/unit/test_crystallization_m1.py::test_frame_enumeration_is_deterministic_and_large PASSED [ 35%]
tests/unit/test_crystallization_m1.py::test_run_milestone_1_skip_generation_mapping_only PASSED [ 35%]
tests/unit/test_crystallization_m1.py::test_stem_validation_alias_fallback PASSED [ 35%]
tests/unit/test_crystallization_m1.py::test_write_results_artifacts PASSED [ 35%]
tests/unit/test_crystallization_m1.py::test_crystallize_frames_when_generator_offline PASSED [ 36%]
tests/unit/test_crystallization_m1.py::test_run_milestone_1_with_mocked_generator PASSED [ 36%]
tests/unit/test_curation.py::test_policy_validates_max_per_template PASSED [ 36%]
tests/unit/test_curation.py::test_curate_dedups_exact_duplicates PASSED  [ 36%]
tests/unit/test_curation.py::test_curate_caps_per_template PASSED        [ 36%]
tests/unit/test_curation.py::test_curate_preserves_order PASSED          [ 36%]
tests/unit/test_curation.py::test_marginal_gains PASSED                  [ 37%]
tests/unit/test_curation.py::test_diversity_knee_finds_first_drop PASSED [ 37%]
tests/unit/test_curation.py::test_diversity_knee_no_drop_returns_full_length PASSED [ 37%]
tests/unit/test_curation.py::test_diversity_knee_rejects_negative_threshold PASSED [ 37%]
tests/unit/test_curation.py::test_coverage_fraction_clamped PASSED       [ 37%]
tests/unit/test_curation.py::test_coverage_fraction_rejects_nonpositive_target PASSED [ 37%]
tests/unit/test_device.py::TestRequireCuda::test_returns_cuda_when_available PASSED [ 37%]
tests/unit/test_device.py::TestRequireCuda::test_aborts_when_unavailable PASSED [ 38%]
tests/unit/test_device.py::TestResolveTrainingDevice::test_cuda_passes_through_when_available PASSED [ 38%]
tests/unit/test_device.py::TestResolveTrainingDevice::test_cuda_never_silently_downgrades PASSED [ 38%]
tests/unit/test_device.py::TestResolveTrainingDevice::test_explicit_cpu_is_allowed PASSED [ 38%]
tests/unit/test_device.py::TestResolveTrainingDevice::test_unknown_device_rejected PASSED [ 38%]
tests/unit/test_discrimination.py::test_swaps_main_verb_agent_and_theme_fillers PASSED [ 38%]
tests/unit/test_discrimination.py::test_swap_is_role_reversal_not_token_deletion PASSED [ 39%]
tests/unit/test_discrimination.py::test_returns_none_without_agent_theme_pair PASSED [ 39%]
tests/unit/test_discrimination.py::test_uses_first_event_with_both_roles PASSED [ 39%]
tests/unit/test_discrimination.py::test_identical_fillers_skipped PASSED [ 39%]
tests/unit/test_discrimination.py::test_distractor_rebinds_theme_to_other_entity PASSED [ 39%]
tests/unit/test_discrimination.py::test_distractor_none_when_no_other_entity PASSED [ 39%]
tests/unit/test_discrimination.py::test_corruptions_registry_exposes_both_operators PASSED [ 39%]
tests/unit/test_diversity.py::TestTypeTokenRatio::test_all_unique PASSED [ 40%]
tests/unit/test_diversity.py::TestTypeTokenRatio::test_all_same PASSED   [ 40%]
tests/unit/test_diversity.py::TestTypeTokenRatio::test_empty PASSED      [ 40%]
tests/unit/test_diversity.py::TestNgramEntropy::test_uniform_is_high PASSED [ 40%]
tests/unit/test_diversity.py::TestNgramEntropy::test_repetitive_is_low PASSED [ 40%]
tests/unit/test_diversity.py::TestNgramEntropy::test_single_ngram_is_zero PASSED [ 40%]
tests/unit/test_diversity.py::TestNgramEntropy::test_too_short PASSED    [ 41%]
tests/unit/test_diversity.py::TestNgramEntropy::test_bad_n PASSED        [ 41%]
tests/unit/test_diversity.py::TestPatternCoverage::test_full_coverage PASSED [ 41%]
tests/unit/test_diversity.py::TestPatternCoverage::test_partial_coverage PASSED [ 41%]
tests/unit/test_diversity.py::TestPatternCoverage::test_empty_targets PASSED [ 41%]
tests/unit/test_diversity.py::TestSummarize::test_bundle_keys PASSED     [ 41%]
tests/unit/test_diversity_gate.py::test_passes_on_diverse_corpus PASSED  [ 41%]
tests/unit/test_diversity_gate.py::test_fails_when_ttr_too_low PASSED    [ 42%]
tests/unit/test_diversity_gate.py::test_invalid_threshold_raises PASSED  [ 42%]
tests/unit/test_dyck.py::TestDyckConfig::test_rejects_bad_bracket_types PASSED [ 42%]
tests/unit/test_dyck.py::TestDyckConfig::test_rejects_bad_lengths PASSED [ 42%]
tests/unit/test_dyck.py::TestGeneration::test_single_process_is_balanced PASSED [ 42%]
tests/unit/test_dyck.py::TestGeneration::test_reproducible_with_seed PASSED [ 42%]
tests/unit/test_dyck.py::TestGeneration::test_different_seeds_differ PASSED [ 43%]
tests/unit/test_dyck.py::TestGeneration::test_respects_depth_bound PASSED [ 43%]
tests/unit/test_dyck.py::TestGeneration::test_empty_corpus PASSED        [ 43%]
tests/unit/test_dyck.py::TestGeneration::test_negative_n_raises PASSED   [ 43%]
tests/unit/test_dyck.py::TestGeneration::test_unbalanced_detected PASSED [ 43%]
tests/unit/test_dyck_match_real.py::TestMatchProvenance::test_no_proxy_and_real_source PASSED [ 43%]
tests/unit/test_dyck_match_real.py::TestMatchProvenance::test_match_within_recorded_eps PASSED [ 43%]
tests/unit/test_dyck_match_real.py::TestMatchReproducible::test_recompute_matches_targets_within_eps PASSED [ 44%]
tests/unit/test_dyck_match_real.py::TestBracketValidity::test_1e5_sequences_all_valid PASSED [ 44%]
tests/unit/test_dyck_match_real.py::TestStandalone::test_no_torch_imported PASSED [ 44%]
tests/unit/test_dyck_properties.py::TestHuReplicationConfig::test_pinned_hyperparameters PASSED [ 44%]
tests/unit/test_dyck_properties.py::TestDyckProperties::test_shuffle_valid_and_length_bounded PASSED [ 44%]
tests/unit/test_dyck_properties.py::TestDyckProperties::test_pure_dyck_balanced_and_depth_bounded PASSED [ 44%]
tests/unit/test_dyck_properties.py::TestDyckProperties::test_reproducible_under_seed PASSED [ 45%]
tests/unit/test_dyck_properties.py::TestDyckProperties::test_different_seeds_can_differ PASSED [ 45%]
tests/unit/test_dyck_properties.py::TestDyckProperties::test_hu_config_sample_valid PASSED [ 45%]
tests/unit/test_elc_config.py::test_param_count_includes_routing_and_blocks PASSED [ 45%]
tests/unit/test_elc_config.py::test_d_model_must_be_divisible_by_heads PASSED [ 45%]
tests/unit/test_elc_config.py::test_elc_s_preset_in_strict_small_band PASSED [ 45%]
tests/unit/test_elc_config.py::test_elc_m_preset_in_strict_band PASSED   [ 45%]
tests/unit/test_elc_config.py::test_presets_monotonic_and_mup_fields PASSED [ 46%]
tests/unit/test_elc_config.py::test_unknown_variant_raises PASSED        [ 46%]
tests/unit/test_elc_config.py::test_hybrid_objective_defaults PASSED     [ 46%]
tests/unit/test_elc_psalm.py::test_layer_routing_weights_shape_and_gradient_flow PASSED [ 46%]
tests/unit/test_elc_psalm.py::test_cpu_forward_backward_parity PASSED    [ 46%]
tests/unit/test_elc_psalm.py::test_mlm_and_clm_heads_produce_finite_losses PASSED [ 46%]
tests/unit/test_elc_psalm.py::test_hybrid_training_step_alternates PASSED [ 47%]
tests/unit/test_elc_psalm.py::test_pseudo_log_likelihood_shape_and_sanity PASSED [ 47%]
tests/unit/test_elc_trainer.py::test_architecture_resolves_to_trainable_encoder PASSED [ 47%]
tests/unit/test_elc_trainer.py::test_elc_training_smoke_checkpoint_roundtrip PASSED [ 47%]
tests/unit/test_elc_trainer.py::test_grad_clip_applied_after_backward PASSED [ 47%]
tests/unit/test_elc_trainer.py::test_bin_dataset_roundtrip PASSED        [ 47%]
tests/unit/test_elc_trainer.py::test_train_elc_two_stage_binary_path_parameter PASSED [ 47%]
tests/unit/test_eval_metrics.py::test_minimal_pair_accuracy_counts_good_above_bad PASSED [ 48%]
tests/unit/test_eval_metrics.py::test_minimal_pair_ties_do_not_count PASSED [ 48%]
tests/unit/test_eval_metrics.py::test_exact_match_accuracy PASSED        [ 48%]
tests/unit/test_eval_metrics.py::test_exact_match_length_mismatch_raises PASSED [ 48%]
tests/unit/test_eval_metrics.py::test_token_savings_positive_when_treatment_uses_fewer PASSED [ 48%]
tests/unit/test_eval_metrics.py::test_token_savings_zero_division_guarded PASSED [ 48%]
tests/unit/test_eval_metrics.py::test_decide_h1_positive_on_token_savings PASSED [ 49%]
tests/unit/test_eval_metrics.py::test_decide_h1_positive_on_compositional_gain_alone PASSED [ 49%]
tests/unit/test_eval_metrics.py::test_decide_h1_null_when_arms_equal PASSED [ 49%]
tests/unit/test_eval_metrics.py::test_decide_h1_gating_requires_min_seeds PASSED [ 49%]
tests/unit/test_eval_metrics.py::test_decide_h1_wiring_smoke_is_not_evidence PASSED [ 49%]
tests/unit/test_eval_metrics.py::test_decide_h1_rejects_mismatched_arm_lengths PASSED [ 49%]
tests/unit/test_expanded_lexicon.py::TestPolicy::test_karma_only_on_transitive PASSED [ 49%]
tests/unit/test_expanded_lexicon.py::TestPolicy::test_every_frame_has_karta_and_verb PASSED [ 50%]
tests/unit/test_expanded_lexicon.py::TestPolicy::test_dedup_unique_signatures PASSED [ 50%]
tests/unit/test_expanded_lexicon.py::TestDeterminism::test_same_seed_same_stream PASSED [ 50%]
tests/unit/test_expanded_lexicon.py::TestDeterminism::test_different_seed_differs PASSED [ 50%]
tests/unit/test_expanded_lexicon.py::TestBounds::test_n_zero PASSED      [ 50%]
tests/unit/test_expanded_lexicon.py::TestBounds::test_n_negative_raises PASSED [ 50%]
tests/unit/test_expanded_lexicon.py::TestLoad::test_load_roundtrip PASSED [ 50%]
tests/unit/test_expanded_lexicon.py::TestLoad::test_empty_lexicon_raises PASSED [ 51%]
tests/unit/test_experiment_models.py::TestExperimentArm::test_paninian_arm_is_h1_treatment PASSED [ 51%]
tests/unit/test_experiment_models.py::TestExperimentArm::test_dyck_control_is_not_treatment PASSED [ 51%]
tests/unit/test_experiment_models.py::TestExperimentArm::test_karaka_aux_arm_is_treatment PASSED [ 51%]
tests/unit/test_experiment_models.py::TestRunResult::test_metric_lookup PASSED [ 51%]
tests/unit/test_experiment_models.py::TestRunResult::test_metric_ci_flag PASSED [ 51%]
tests/unit/test_fixture_corpus.py::test_stream_yields_unique_texts PASSED [ 52%]
tests/unit/test_fixture_corpus.py::test_has_gold_parse_and_meta PASSED   [ 52%]
tests/unit/test_fixture_corpus.py::test_deterministic_by_seed PASSED     [ 52%]
tests/unit/test_fixture_corpus.py::test_frame_to_sentence_matches_enumerator PASSED [ 52%]
tests/unit/test_generator_contract.py::TestDyckContract::test_dyck_stream PASSED [ 52%]
tests/unit/test_generator_contract.py::TestJsonlContract::test_jsonl_stream PASSED [ 52%]
tests/unit/test_generator_contract.py::TestFixtureCorpusContract::test_frame_fixtures PASSED [ 52%]
tests/unit/test_generator_contract.py::TestSamsadhaniContract::test_mocked_stream_contract PASSED [ 53%]
tests/unit/test_generator_contract.py::test_vidyut_stream_contract PASSED [ 53%]
tests/unit/test_generators.py::TestDyckSentenceSource::test_implements_port PASSED [ 53%]
tests/unit/test_generators.py::TestDyckSentenceSource::test_streams_n_unannotated_sentences PASSED [ 53%]
tests/unit/test_generators.py::TestDyckSentenceSource::test_reproducible PASSED [ 53%]
tests/unit/test_generators.py::TestDyckSentenceSource::test_negative_raises PASSED [ 53%]
tests/unit/test_generators.py::TestSamsadhaniiGenerator::test_unreachable_container_is_not_configured PASSED [ 54%]
tests/unit/test_generators.py::TestSamsadhaniiGenerator::test_unreachable_stream_raises_actionable_error PASSED [ 54%]
tests/unit/test_generators.py::TestSamsadhaniiGenerator::test_negative_n_raises PASSED [ 54%]
tests/unit/test_graded_metrics.py::test_token_f1_perfect_and_zero PASSED [ 54%]
tests/unit/test_graded_metrics.py::test_token_f1_partial_credit PASSED   [ 54%]
tests/unit/test_graded_metrics.py::test_token_f1_rewards_partial_where_exact_match_is_zero PASSED [ 54%]
tests/unit/test_graded_metrics.py::test_length_binned_accuracy_buckets PASSED [ 54%]
tests/unit/test_graded_metrics.py::test_length_mismatch_raises PASSED    [ 55%]
tests/unit/test_hf_export.py::test_export_writes_hf_directory PASSED     [ 55%]
tests/unit/test_hp_search.py::test_search_space_sampling PASSED          [ 55%]
tests/unit/test_hp_search.py::test_results_jsonl_format PASSED           [ 55%]
tests/unit/test_hp_search.py::test_progressive_seq_schedule PASSED       [ 55%]
tests/unit/test_information_parity.py::TestAudit::test_all_six_pass PASSED [ 55%]
tests/unit/test_information_parity.py::TestAudit::test_relabel_fails_c1 PASSED [ 56%]
tests/unit/test_information_parity.py::TestAudit::test_partial_visayata_fails_c2 PASSED [ 56%]
tests/unit/test_information_parity.py::TestAudit::test_degenerate_templates_fail_c3 PASSED [ 56%]
tests/unit/test_information_parity.py::TestAudit::test_below_acceptance_target_fails_c4 PASSED [ 56%]
tests/unit/test_information_parity.py::TestAudit::test_saturated_venue_fails_c5 PASSED [ 56%]
tests/unit/test_information_parity.py::TestAudit::test_too_hard_venue_fails_c5 PASSED [ 56%]
tests/unit/test_information_parity.py::TestAudit::test_mock_path_present_fails_c6 PASSED [ 56%]
tests/unit/test_information_parity.py::TestScanMockCpuPaths::test_clean_source_has_no_hits PASSED [ 57%]
tests/unit/test_information_parity.py::TestScanMockCpuPaths::test_detects_mock_baseline PASSED [ 57%]
tests/unit/test_information_parity.py::TestScanMockCpuPaths::test_detects_runmode_mock_and_cpu_fallback PASSED [ 57%]
tests/unit/test_information_parity.py::TestScanMockCpuPaths::test_missing_file_skipped PASSED [ 57%]
tests/unit/test_jsonl_source.py::test_implements_port PASSED             [ 57%]
tests/unit/test_jsonl_source.py::test_streams_and_parses PASSED          [ 57%]
tests/unit/test_jsonl_source.py::test_deterministic_by_seed PASSED       [ 58%]
tests/unit/test_jsonl_source.py::test_cycles_when_requesting_more_than_cached PASSED [ 58%]
tests/unit/test_jsonl_source.py::test_missing_cache_raises PASSED        [ 58%]
tests/unit/test_jsonl_source.py::test_negative_raises PASSED             [ 58%]
tests/unit/test_karaka_frames.py::test_zero_yields_nothing PASSED        [ 58%]
tests/unit/test_karaka_frames.py::test_negative_raises PASSED            [ 58%]
tests/unit/test_karaka_frames.py::test_count_and_uniqueness PASSED       [ 58%]
tests/unit/test_karaka_frames.py::test_deterministic_by_seed PASSED      [ 59%]
tests/unit/test_karaka_frames.py::test_structure_shape_is_generator_ready PASSED [ 59%]
tests/unit/test_karaka_frames.py::test_oblique_karakas_are_enumerated PASSED [ 59%]
tests/unit/test_karaka_frames.py::test_distinct_role_sequences_exceed_two PASSED [ 59%]
tests/unit/test_karaka_frames.py::test_subject_object_distinct_in_transitive_frames PASSED [ 59%]
tests/unit/test_karaka_frames_hypothesis.py::test_enumerate_count_and_determinism PASSED [ 59%]
tests/unit/test_karaka_frames_hypothesis.py::test_oblique_signatures_unique_in_sample PASSED [ 60%]
tests/unit/test_karaka_frames_hypothesis.py::test_role_coverage_in_large_sample PASSED [ 60%]
tests/unit/test_karaka_frames_hypothesis.py::test_negative_n_rejected PASSED [ 60%]
tests/unit/test_knowledge_store.py::TestSqliteKnowledgeStore::test_add_and_get PASSED [ 60%]
tests/unit/test_knowledge_store.py::TestSqliteKnowledgeStore::test_search_by_substring PASSED [ 60%]
tests/unit/test_knowledge_store.py::TestSqliteKnowledgeStore::test_search_filters_by_tags PASSED [ 60%]
tests/unit/test_knowledge_store.py::TestSqliteKnowledgeStore::test_missing_returns_none PASSED [ 60%]
tests/unit/test_knowledge_store.py::TestSqliteKnowledgeStore::test_limit PASSED [ 61%]
tests/unit/test_leaderboard_levers.py::test_scheduled_mask_prob_endpoints_and_monotone PASSED [ 61%]
tests/unit/test_leaderboard_levers.py::test_progressive_seq_len_steps_up PASSED [ 61%]
tests/unit/test_leaderboard_levers.py::test_freq_informed_mask_preserves_expected_rate PASSED [ 61%]
tests/unit/test_leaderboard_levers.py::test_freq_informed_alpha_zero_matches_uniform_rate PASSED [ 61%]
tests/unit/test_leaderboard_levers.py::test_muon_reduces_quadratic_loss PASSED [ 61%]
tests/unit/test_leaderboard_levers.py::test_split_params_excludes_embeddings_and_head PASSED [ 62%]
tests/unit/test_leaderboard_levers.py::test_build_submission_optimizers_steps PASSED [ 62%]
tests/unit/test_leakage.py::test_disjoint_sets_pass PASSED               [ 62%]
tests/unit/test_leakage.py::test_overlap_detected PASSED                 [ 62%]
tests/unit/test_leakage.py::test_whitespace_normalized_overlap PASSED    [ 62%]
tests/unit/test_leakage.py::test_assert_disjoint_passes_silently PASSED  [ 62%]
tests/unit/test_leakage.py::test_assert_disjoint_fails_closed PASSED     [ 62%]
tests/unit/test_ledger.py::TestSqliteLedger::test_record_and_get_roundtrip PASSED [ 63%]
tests/unit/test_ledger.py::TestSqliteLedger::test_by_arm_filters PASSED  [ 63%]
tests/unit/test_ledger.py::TestSqliteLedger::test_all_runs PASSED        [ 63%]
tests/unit/test_ledger.py::TestSqliteLedger::test_missing_run_returns_none PASSED [ 63%]
tests/unit/test_ledger.py::TestSqliteLedger::test_idempotent_replace PASSED [ 63%]
tests/unit/test_licenses.py::test_known_license_lookup PASSED            [ 63%]
tests/unit/test_licenses.py::test_cc0_is_redistributable_without_attribution PASSED [ 64%]
tests/unit/test_licenses.py::test_unknown_license_defaults_to_forbidden PASSED [ 64%]
tests/unit/test_licenses.py::test_research_only_is_not_redistributable PASSED [ 64%]
tests/unit/test_licenses.py::test_source_manifest_rejects_negative_counts PASSED [ 64%]
tests/unit/test_licenses.py::test_assembly_clean_when_all_clean PASSED   [ 64%]
tests/unit/test_licenses.py::test_assembly_blocked_by_forbidden_source PASSED [ 64%]
tests/unit/test_matching.py::test_stat_distance_zero_for_identical PASSED [ 64%]
tests/unit/test_matching.py::test_stat_distance_missing_key_raises PASSED [ 65%]
tests/unit/test_matching.py::test_match_dyck_picks_closest_candidate PASSED [ 65%]
tests/unit/test_matching.py::test_match_dyck_empty_candidates_raises PASSED [ 65%]
tests/unit/test_matching.py::test_match_dyck_keeps_first_when_second_worse PASSED [ 65%]
tests/unit/test_matching.py::TestByteLengthHistogram::test_bins_must_be_positive PASSED [ 65%]
tests/unit/test_matching.py::TestByteLengthHistogram::test_empty_corpus_is_all_zero PASSED [ 65%]
tests/unit/test_matching.py::TestByteLengthHistogram::test_uniform_token_length_collapses_to_first_bin PASSED [ 66%]
tests/unit/test_matching.py::TestByteLengthHistogram::test_varying_lengths_normalize_to_one PASSED [ 66%]
tests/unit/test_matching.py::TestByteLengthDistance::test_zero_for_identical PASSED [ 66%]
tests/unit/test_matching.py::TestByteLengthDistance::test_handles_disjoint_keys PASSED [ 66%]
tests/unit/test_matching.py::TestAssertEquivalent::test_passes_on_default_keys_only PASSED [ 66%]
tests/unit/test_matching.py::TestAssertEquivalent::test_byte_path_can_fail PASSED [ 66%]
tests/unit/test_matching.py::TestAssertEquivalent::test_fails_when_default_distance_exceeds_threshold PASSED [ 66%]
tests/unit/test_matching_equivalence.py::test_equivalence_passes_on_synthetic_self_target PASSED [ 67%]
tests/unit/test_matching_equivalence.py::test_equivalence_fails_when_targets_diverge PASSED [ 67%]
tests/unit/test_matching_equivalence.py::test_match_dyck_with_byte_hist_supplement PASSED [ 67%]
tests/unit/test_matrix.py::test_default_matrix_has_eight_arms_a_through_h PASSED [ 67%]
tests/unit/test_matrix.py::test_decisive_pair_is_b_vs_c PASSED           [ 67%]
tests/unit/test_matrix.py::test_b_and_c_are_matched_on_budget_arch_and_corpus PASSED [ 67%]
tests/unit/test_matrix.py::test_low_budget_triplet_efg_is_matched PASSED [ 68%]
tests/unit/test_matrix.py::test_all_arms_share_param_count_and_corpus PASSED [ 68%]
tests/unit/test_matrix.py::test_verify_fairness_passes_for_default_matrix PASSED [ 68%]
tests/unit/test_matrix.py::test_verify_fairness_flags_mismatched_decisive_pair PASSED [ 68%]
tests/unit/test_matrix.py::test_seeds_default_to_at_least_three PASSED   [ 68%]
tests/unit/test_matrix.py::test_matrix_rejects_duplicate_arm_ids PASSED  [ 68%]
tests/unit/test_matrix.py::test_arm_lookup_unknown_raises PASSED         [ 68%]
tests/unit/test_matrix.py::test_run_plan_is_arms_times_seeds PASSED      [ 69%]
tests/unit/test_matrix.py::test_default_h1p_matrix_arms_and_decisive_pair PASSED [ 69%]
tests/unit/test_matrix.py::test_default_h1p_matrix_without_l1 PASSED     [ 69%]
tests/unit/test_model_config.py::test_param_count_matches_manual_formula PASSED [ 69%]
tests/unit/test_model_config.py::test_d_model_must_be_divisible_by_heads PASSED [ 69%]
tests/unit/test_model_config.py::test_presets_hit_named_sizes_within_tolerance PASSED [ 69%]
tests/unit/test_model_config.py::test_presets_are_monotonic_in_size PASSED [ 70%]
tests/unit/test_model_config.py::test_mup_fields_present_for_transfer PASSED [ 70%]
tests/unit/test_model_config.py::test_unknown_preset_raises PASSED       [ 70%]
tests/unit/test_model_config.py::test_ff_defaults_to_four_times_d_model PASSED [ 70%]
tests/unit/test_morfessor_nhot.py::TestMorfessorSegmenter::test_single_morpheme_word PASSED [ 70%]
tests/unit/test_morfessor_nhot.py::TestMorfessorSegmenter::test_inflectional_suffix_s PASSED [ 70%]
tests/unit/test_morfessor_nhot.py::TestMorfessorSegmenter::test_inflectional_suffix_ed PASSED [ 70%]
tests/unit/test_morfessor_nhot.py::TestMorfessorSegmenter::test_inflectional_suffix_ing PASSED [ 71%]
tests/unit/test_morfessor_nhot.py::TestMorfessorSegmenter::test_running_no_vowel_doubling PASSED [ 71%]
tests/unit/test_morfessor_nhot.py::TestMorfessorSegmenter::test_prefix_un PASSED [ 71%]
tests/unit/test_morfessor_nhot.py::TestMorfessorSegmenter::test_morpheme_order PASSED [ 71%]
tests/unit/test_morfessor_nhot.py::TestMorfessorSegmenter::test_multiple_affixes PASSED [ 71%]
tests/unit/test_morfessor_nhot.py::TestMorfessorSegmenter::test_morph_namedtuple PASSED [ 71%]
tests/unit/test_morfessor_nhot.py::TestMorfessorSegmenter::test_oov_word PASSED [ 72%]
tests/unit/test_morfessor_nhot.py::TestMorfessorVsHeuristic::test_running_vowel_doubling PASSED [ 72%]
tests/unit/test_morfessor_nhot.py::TestMorfessorVsHeuristic::test_prefix_integration PASSED [ 72%]
tests/unit/test_nhot_embeddings.py::test_nhot_dim_correct PASSED         [ 72%]
tests/unit/test_nhot_embeddings.py::test_build_nhot_matrix_shape PASSED  [ 72%]
tests/unit/test_nhot_embeddings.py::test_build_nhot_matrix_values_binary PASSED [ 72%]
tests/unit/test_nhot_embeddings.py::test_word_start_pieces_labeled PASSED [ 72%]
tests/unit/test_nhot_embeddings.py::test_continuation_pieces_labeled PASSED [ 73%]
tests/unit/test_nhot_embeddings.py::test_suffix_like_detection PASSED    [ 73%]
tests/unit/test_nhot_embeddings.py::test_nhot_embedding_shape PASSED     [ 73%]
tests/unit/test_nhot_embeddings.py::test_nhot_embedding_forward_backward PASSED [ 73%]
tests/unit/test_nhot_embeddings.py::test_nhot_embedding_from_path PASSED [ 73%]
tests/unit/test_nhot_embeddings.py::test_encoder_without_nhot_works PASSED [ 73%]
tests/unit/test_nhot_embeddings.py::test_encoder_with_nhot_forward_pass PASSED [ 74%]
tests/unit/test_nhot_embeddings.py::test_encoder_with_nhot_backward PASSED [ 74%]
tests/unit/test_nhot_embeddings.py::test_nhot_matrix_coverage PASSED     [ 74%]
tests/unit/test_nhot_embeddings.py::test_morpheme_types_exist PASSED     [ 74%]
tests/unit/test_nhot_embeddings.py::test_nhot_embedding_deterministic PASSED [ 74%]
tests/unit/test_nyaya_scaffold.py::TestNyayaInferenceUnit::test_from_nli_pair_builds_unit PASSED [ 74%]
tests/unit/test_nyaya_scaffold.py::TestNyayaInferenceUnit::test_to_text_contains_all_markers PASSED [ 74%]
tests/unit/test_nyaya_scaffold.py::TestNyayaInferenceUnit::test_to_text_separator_format PASSED [ 75%]
tests/unit/test_nyaya_scaffold.py::TestNyayaInferenceUnit::test_label_none_when_not_provided PASSED [ 75%]
tests/unit/test_nyaya_scaffold.py::TestNyayaInferenceUnit::test_invalid_label_ignored PASSED [ 75%]
tests/unit/test_nyaya_scaffold.py::TestNyayaInferenceUnit::test_nli_label_enum PASSED [ 75%]
tests/unit/test_nyaya_scaffold.py::TestTransformNLIDataset::test_transform_batch_with_default_keys PASSED [ 75%]
tests/unit/test_nyaya_scaffold.py::TestTransformNLIDataset::test_transform_preserves_original_fields PASSED [ 75%]
tests/unit/test_nyaya_scaffold.py::TestTransformNLIDataset::test_transform_with_custom_label_map PASSED [ 76%]
tests/unit/test_nyaya_scaffold.py::TestTransformNLIDataset::test_transform_with_missing_labels PASSED [ 76%]
tests/unit/test_nyaya_scaffold.py::TestTransformNLIDataset::test_transform_with_custom_keys PASSED [ 76%]
tests/unit/test_nyaya_scaffold.py::TestTransformNLIDataset::test_transform_batch_size_consistency PASSED [ 76%]
tests/unit/test_nyaya_scaffold.py::TestTransformNLIDataset::test_transform_default_label_map PASSED [ 76%]
tests/unit/test_nyaya_scaffold.py::TestNyayaFineTuneConfig::test_default_config PASSED [ 76%]
tests/unit/test_nyaya_scaffold.py::TestNyayaFineTuneConfig::test_custom_config PASSED [ 76%]
tests/unit/test_nyaya_scaffold.py::TestNyayaFineTuneConfig::test_config_with_all_tasks PASSED [ 77%]
tests/unit/test_nyaya_scaffold.py::TestApplyNyayaTransform::test_apply_transform_rte PASSED [ 77%]
tests/unit/test_nyaya_scaffold.py::TestApplyNyayaTransform::test_apply_transform_boolq PASSED [ 77%]
tests/unit/test_nyaya_scaffold.py::TestApplyNyayaTransform::test_apply_transform_mnli PASSED [ 77%]
tests/unit/test_nyaya_scaffold.py::TestNyayaClassificationHead::test_forward_pass_shape[2-2] PASSED [ 77%]
tests/unit/test_nyaya_scaffold.py::TestNyayaClassificationHead::test_forward_pass_shape[3-3] PASSED [ 77%]
tests/unit/test_nyaya_scaffold.py::TestNyayaClassificationHead::test_head_with_zero_dropout PASSED [ 78%]
tests/unit/test_nyaya_scaffold.py::TestNyayaClassificationHead::test_head_initialization PASSED [ 78%]
tests/unit/test_orchestrator.py::test_orchestrator_rejects_unfair_matrix PASSED [ 78%]
tests/unit/test_orchestrator.py::test_run_logs_every_arm_seed_to_ledger PASSED [ 78%]
tests/unit/test_orchestrator.py::test_decision_is_positive_when_b_beats_c PASSED [ 78%]
tests/unit/test_orchestrator.py::test_decision_is_null_on_tie PASSED     [ 78%]
tests/unit/test_paribhasha_source.py::test_paribhasha_source_streams_ascii_surface PASSED [ 78%]
tests/unit/test_paribhasha_source.py::test_assembler_paribhasha_arm PASSED [ 79%]
tests/unit/test_pramana_conversion.py::TestExtractLabelFromHetvabhasa::test_no_fallacy_detected_yields_entailment PASSED [ 79%]
tests/unit/test_pramana_conversion.py::TestExtractLabelFromHetvabhasa::test_fallacy_detected_yields_contradiction PASSED [ 79%]
tests/unit/test_pramana_conversion.py::TestExtractLabelFromHetvabhasa::test_empty_hetvabhasa_yields_neutral PASSED [ 79%]
tests/unit/test_pramana_conversion.py::TestExtractLabelFromHetvabhasa::test_case_insensitive_fallacy_detection PASSED [ 79%]
tests/unit/test_pramana_conversion.py::TestConvertPramanaExample::test_basic_conversion_structure PASSED [ 79%]
tests/unit/test_pramana_conversion.py::TestConvertPramanaExample::test_extracts_pratijña_as_hypothesis PASSED [ 80%]
tests/unit/test_pramana_conversion.py::TestConvertPramanaExample::test_extracts_hetu_as_premise PASSED [ 80%]
tests/unit/test_pramana_conversion.py::TestConvertPramanaExample::test_malformed_example_raises_error PASSED [ 80%]
tests/unit/test_pramana_conversion.py::TestConvertPramanaExample::test_missing_pancha_avayava_raises_error PASSED [ 80%]
tests/unit/test_pramana_conversion.py::TestConvertPramanaExample::test_label_from_hetvabhasa_applied PASSED [ 80%]
tests/unit/test_pramana_conversion.py::TestConvertPramanaJsonl::test_converts_multiple_examples PASSED [ 80%]
tests/unit/test_pramana_conversion.py::TestConvertPramanaJsonl::test_skips_malformed_lines PASSED [ 80%]
tests/unit/test_pramana_conversion.py::TestConvertPramanaJsonl::test_returns_list_of_dicts PASSED [ 81%]
tests/unit/test_pramana_conversion.py::TestPramanaFileIntegration::test_stage_0_converts_successfully PASSED [ 81%]
tests/unit/test_pramana_conversion.py::TestPramanaFileIntegration::test_stage_1_converts_successfully PASSED [ 81%]
tests/unit/test_pramana_conversion.py::TestPramanaFileIntegration::test_combined_stage_0_and_1_totals_75 PASSED [ 81%]
tests/unit/test_publishing.py::test_card_renders_frontmatter_and_sources PASSED [ 81%]
tests/unit/test_publishing.py::test_card_without_sources_is_explicit PASSED [ 81%]
tests/unit/test_publishing.py::test_publish_dry_run_writes_readme PASSED [ 82%]
tests/unit/test_publishing.py::test_publish_without_token_raises PASSED  [ 82%]
tests/unit/test_rope_embeddings.py::test_rope_applied_to_q_and_k_preserves_shape PASSED [ 82%]
tests/unit/test_rope_embeddings.py::test_rope_translation_invariance PASSED [ 82%]
tests/unit/test_rope_embeddings.py::test_rope_encoder_forward_backward PASSED [ 82%]
tests/unit/test_rope_embeddings.py::test_rope_mlm_and_clm PASSED         [ 82%]
tests/unit/test_rope_embeddings.py::test_absolute_position_encoding_regression PASSED [ 82%]
tests/unit/test_rope_embeddings.py::test_rope_vs_absolute_different_embeddings PASSED [ 83%]
tests/unit/test_rope_embeddings.py::test_head_dim_even_validation PASSED [ 83%]
tests/unit/test_samsadhani_hardening.py::test_dedup_skips_duplicate_surfaces PASSED [ 83%]
tests/unit/test_samsadhani_hardening.py::test_fail_closed_raises_capacity_error PASSED [ 83%]
tests/unit/test_samsadhani_hardening.py::test_stream_skips_items_without_gold_parse PASSED [ 83%]
tests/unit/test_samsadhani_hardening.py::test_diversity_metrics_keys PASSED [ 83%]
tests/unit/test_sandhi.py::test_normalize_collapses_whitespace_and_nfc PASSED [ 84%]
tests/unit/test_sandhi.py::test_normalize_strips_boundary_marker PASSED  [ 84%]
tests/unit/test_sandhi.py::test_mark_and_strip_round_trip PASSED         [ 84%]
tests/unit/test_sandhi.py::test_mark_drops_empty_segments PASSED         [ 84%]
tests/unit/test_sandhi.py::test_iast_aksharas_simple_cv PASSED           [ 84%]
tests/unit/test_sandhi.py::test_iast_aksharas_handles_diphthong_and_modifier PASSED [ 84%]
tests/unit/test_sandhi.py::test_iast_aksharas_trailing_consonant PASSED  [ 84%]
tests/unit/test_sandhi.py::test_sandhi_rate PASSED                       [ 85%]
tests/unit/test_sandhi.py::test_sandhi_rate_empty PASSED                 [ 85%]
tests/unit/test_scan_loader.py::test_parses_cached_pairs PASSED          [ 85%]
tests/unit/test_scan_loader.py::test_limit PASSED                        [ 85%]
tests/unit/test_scan_loader.py::test_missing_without_download_raises PASSED [ 85%]
tests/unit/test_scan_loader.py::test_unknown_split_raises PASSED         [ 85%]
tests/unit/test_scramble_source.py::test_scramble_preserves_token_multiset_and_drops_parse PASSED [ 86%]
tests/unit/test_scramble_source.py::test_scramble_is_deterministic_in_seed PASSED [ 86%]
tests/unit/test_scramble_source.py::test_single_word_sentence_passes_through PASSED [ 86%]
tests/unit/test_scramble_source.py::test_scramble_preserves_derivation_and_language PASSED [ 86%]
tests/unit/test_scramble_source.py::test_scramble_differs_per_sentence_index PASSED [ 86%]
tests/unit/test_scramble_source.py::test_scramble_never_identity_for_three_or_more_words PASSED [ 86%]
tests/unit/test_shabdabodha_aligned_source.py::test_aligned_fixture_streams_with_metadata PASSED [ 86%]
tests/unit/test_shabdabodha_aligned_source.py::test_assembly_aligned_lines_are_paribhasha_strings_not_sanskrit PASSED [ 87%]
tests/unit/test_shabdabodha_aligned_source.py::test_serialize_line_refuses_sanskrit_without_paribhasha_string PASSED [ 87%]
tests/unit/test_structured_masking.py::test_make_structured_mlm_mask_all_half_prob PASSED [ 87%]
tests/unit/test_structured_masking.py::test_make_structured_mlm_mask_zero_prob PASSED [ 87%]
tests/unit/test_structured_masking.py::test_make_structured_mlm_mask_respects_exclude_set PASSED [ 87%]
tests/unit/test_structured_masking.py::test_karaka_role_lookup_get_role_known PASSED [ 87%]
tests/unit/test_structured_masking.py::test_karaka_role_lookup_get_role_unknown PASSED [ 88%]
tests/unit/test_structured_masking.py::test_karaka_role_lookup_mask_probs_for_ids_all_known PASSED [ 88%]
tests/unit/test_structured_masking.py::test_karaka_role_lookup_mask_probs_for_ids_mixed PASSED [ 88%]
tests/unit/test_structured_masking.py::test_karaka_role_lookup_from_npy_and_save PASSED [ 88%]
tests/unit/test_structured_masking.py::test_karaka_role_lookup_empty PASSED [ 88%]
tests/unit/test_structured_masking.py::test_salience_transfer_record_batch_accumulation PASSED [ 88%]
tests/unit/test_structured_masking.py::test_salience_transfer_salience_weights PASSED [ 88%]
tests/unit/test_structured_masking.py::test_salience_transfer_save_and_load PASSED [ 89%]
tests/unit/test_structured_masking.py::test_salience_transfer_load_weights_missing_file PASSED [ 89%]
tests/unit/test_structured_masking.py::test_salience_transfer_load_weights_size_mismatch PASSED [ 89%]
tests/unit/test_structured_masking.py::test_structured_mask_config_default_disabled PASSED [ 89%]
tests/unit/test_structured_masking.py::test_structured_mask_config_mask_prob_at_step_no_decay PASSED [ 89%]
tests/unit/test_structured_masking.py::test_structured_mask_config_mask_prob_at_step_with_decay PASSED [ 89%]
tests/unit/test_structured_masking.py::test_hybrid_training_step_backward_compatible PASSED [ 90%]
tests/unit/test_structured_masking.py::test_hybrid_training_step_with_structured_masking_disabled PASSED [ 90%]
tests/unit/test_structured_masking.py::test_hybrid_training_step_with_structured_masking_enabled PASSED [ 90%]
tests/unit/test_tokenizer.py::test_spec_validates PASSED                 [ 90%]
tests/unit/test_tokenizer.py::test_spec_sandhi_symbol_added PASSED       [ 90%]
tests/unit/test_tokenizer.py::test_trainer_produces_usable_tokenizer PASSED [ 90%]
tests/unit/test_tokenizer.py::test_trainer_rejects_empty_corpus PASSED   [ 90%]
tests/unit/test_vidyut_aarch64.py::test_vidyut_version_documented PASSED [ 91%]
tests/unit/test_vidyut_aarch64.py::test_prakriya_import_and_one_derivation PASSED [ 91%]
tests/unit/test_vidyut_aarch64.py::test_generator_smoke_on_current_platform PASSED [ 91%]
tests/unit/test_vidyut_realizer.py::test_declension_matches_classical[nara-puM-karwA-naraH] PASSED [ 91%]
tests/unit/test_vidyut_realizer.py::test_declension_matches_classical[nara-puM-karma-naram] PASSED [ 91%]
tests/unit/test_vidyut_realizer.py::test_declension_matches_classical[nara-puM-karaNam-nareRa] PASSED [ 91%]
tests/unit/test_vidyut_realizer.py::test_declension_matches_classical[nara-puM-sampraxAnam-narAya] PASSED [ 92%]
tests/unit/test_vidyut_realizer.py::test_declension_matches_classical[nara-puM-aXikaraNam-nare] PASSED [ 92%]
tests/unit/test_vidyut_realizer.py::test_declension_matches_classical[vana-napuM-karma-vanam] PASSED [ 92%]
tests/unit/test_vidyut_realizer.py::test_declension_matches_classical[siwA-swrI-karwA-sitA] PASSED [ 92%]
tests/unit/test_vidyut_realizer.py::test_declension_matches_classical[naxI-swrI-karwA-nadI] PASSED [ 92%]
tests/unit/test_vidyut_realizer.py::test_declension_matches_classical[guru-puM-karma-gurum] PASSED [ 92%]
tests/unit/test_vidyut_realizer.py::test_conjugation_present_3sg[gam1-gacCati] PASSED [ 92%]
tests/unit/test_vidyut_realizer.py::test_conjugation_present_3sg[paW1-paWati] PASSED [ 93%]
tests/unit/test_vidyut_realizer.py::test_conjugation_present_3sg[KAx1-KAdati] PASSED [ 93%]
tests/unit/test_vidyut_realizer.py::test_conjugation_present_3sg[xfS1-paSyati] PASSED [ 93%]
tests/unit/test_vidyut_realizer.py::test_conjugation_present_3sg[BU1-Bavati] PASSED [ 93%]
tests/unit/test_vidyut_realizer.py::test_conjugation_present_3sg[vas1-vasati] PASSED [ 93%]
tests/unit/test_vidyut_realizer.py::test_conjugation_vacana_from_karta PASSED [ 93%]
tests/unit/test_vidyut_realizer.py::test_realize_transitive_frame_gold_parse PASSED [ 94%]
tests/unit/test_vidyut_realizer.py::test_realize_intransitive_frame PASSED [ 94%]
tests/unit/test_vidyut_realizer.py::test_transitivity_violation_detected_and_skipped PASSED [ 94%]
tests/unit/test_vidyut_realizer.py::test_enumerated_frames_have_no_transitivity_violations PASSED [ 94%]
tests/unit/test_vidyut_realizer.py::test_forward_sandhi_vowel_rules PASSED [ 94%]
tests/unit/test_vidyut_realizer.py::test_forward_sandhi_partial_on_consonant_junction PASSED [ 94%]
tests/unit/test_vidyut_realizer.py::test_forward_sandhi_single_and_empty PASSED [ 94%]
tests/unit/test_vidyut_realizer.py::test_stream_acceptance_rate_and_gold PASSED [ 95%]
tests/unit/test_vidyut_realizer.py::test_stream_realization_success_fraction PASSED [ 95%]
tests/unit/test_vidyut_realizer.py::test_unknown_stem_returns_none PASSED [ 95%]
tests/unit/test_vidyut_realizer.py::test_unknown_karaka_returns_none PASSED [ 95%]
tests/unit/test_vidyut_realizer.py::test_unknown_dhatu_and_lakara_return_none PASSED [ 95%]
tests/unit/test_vidyut_realizer.py::test_realize_without_sandhi_space_joins PASSED [ 95%]
tests/unit/test_vidyut_realizer.py::test_stream_bounds PASSED            [ 96%]
tests/unit/test_vidyut_sandhi.py::test_ach_sandhi_rules[na-asti-nAsti] PASSED [ 96%]
tests/unit/test_vidyut_sandhi.py::test_ach_sandhi_rules[vidyA-iti-vidyeti] PASSED [ 96%]
tests/unit/test_vidyut_sandhi.py::test_ach_sandhi_rules[sA-uvAca-sovAca] PASSED [ 96%]
tests/unit/test_vidyut_sandhi.py::test_ach_sandhi_rules[mahA-fzi-maharzi] PASSED [ 96%]
tests/unit/test_vidyut_sandhi.py::test_ach_sandhi_rules[tava-eva-tavEva] PASSED [ 96%]
tests/unit/test_vidyut_sandhi.py::test_ach_sandhi_rules[tava-ozWa-tavOzWa] PASSED [ 96%]
tests/unit/test_vidyut_sandhi.py::test_ach_sandhi_rules[iti-api-ityapi] PASSED [ 97%]
tests/unit/test_vidyut_sandhi.py::test_ach_sandhi_rules[maDu-atra-maDvatra] PASSED [ 97%]
tests/unit/test_vidyut_sandhi.py::test_ach_sandhi_rules[kartf-arTa-kartrarTa] PASSED [ 97%]
tests/unit/test_vidyut_sandhi.py::test_ach_sandhi_rules[agnI-iti-agnIti] PASSED [ 97%]
tests/unit/test_vidyut_sandhi.py::test_ach_sandhi_declines_ambiguous_or_nonvowel[naraH-gacCati] PASSED [ 97%]
tests/unit/test_vidyut_sandhi.py::test_ach_sandhi_declines_ambiguous_or_nonvowel[Palam-asti] PASSED [ 97%]
tests/unit/test_vidyut_sandhi.py::test_ach_sandhi_declines_ambiguous_or_nonvowel[te-agacCan] PASSED [ 98%]
tests/unit/test_vidyut_sandhi.py::test_ach_sandhi_declines_ambiguous_or_nonvowel[-asti] PASSED [ 98%]
tests/unit/test_vidyut_sandhi.py::test_ach_sandhi_declines_ambiguous_or_nonvowel[nara-] PASSED [ 98%]
tests/unit/test_vidyut_sandhi.py::test_forward_sandhi_mixed_modes PASSED [ 98%]
tests/unit/test_vidyut_sandhi.py::test_forward_sandhi_all_fused_is_full PASSED [ 98%]
tests/unit/test_vidyut_sandhi.py::test_transitivity_violation_for_each_akarmaka PASSED [ 98%]
tests/unit/test_vidyut_sandhi.py::test_no_violation_without_karma PASSED [ 98%]
tests/unit/test_vidyut_sandhi.py::test_config_defaults PASSED            [ 99%]
tests/unit/test_vidyut_source.py::test_generator_satisfies_port PASSED   [ 99%]
tests/unit/test_vidyut_source.py::test_stream_yields_annotated_forms_with_derivation PASSED [ 99%]
tests/unit/test_vidyut_source.py::test_stream_is_deterministic_given_seed PASSED [ 99%]
tests/unit/test_vidyut_source.py::test_stream_zero_is_empty PASSED       [ 99%]
tests/unit/test_vidyut_source.py::test_stream_negative_raises PASSED     [ 99%]
tests/unit/test_vidyut_source.py::test_derivation_can_be_disabled PASSED [100%]

=============================== warnings summary ===============================
tests/unit/test_structured_masking.py::test_salience_transfer_salience_weights
tests/unit/test_structured_masking.py::test_salience_transfer_save_and_load
  /home/sharaths/projects/PSALM-integration/src/psalm/infrastructure/ml/structured_masking.py:185: RuntimeWarning: invalid value encountered in divide
    freq = np.where(self.counts > 0, self.masked / self.counts, base_prob)

-- Docs: https://docs.pytest.org/en/stable/how-to/capture-warnings.html
================================ tests coverage ================================
_______________ coverage: platform linux, python 3.12.3-final-0 ________________

Name                                                                Stmts   Miss Branch BrPart  Cover   Missing
---------------------------------------------------------------------------------------------------------------
src/psalm/analysis/comparison_tests.py                                 70      1     14      0    99%   44
src/psalm/analysis/information_parity.py                               53      2      8      0    97%   57, 90
src/psalm/application/babylm/tokenizer_joint.py                        44      2      6      2    92%   31, 81
src/psalm/application/data/assembly.py                                 76      8     44      7    86%   109-111, 114, 118, 147, 150, 153->exit, 163
src/psalm/application/data/ports.py                                    22      0      4      2    92%   39->exit, 49->exit
src/psalm/application/data/publishing.py                               33      0      8      1    98%   76->exit
src/psalm/application/data/tokenizer.py                                35      0     16      4    92%   53->exit, 54->exit, 55->exit, 62->exit
src/psalm/application/experiments/orchestrator.py                      46      1     10      2    95%   81->79, 89
src/psalm/application/nyaya_scaffold.py                                64      1     14      1    97%   195
src/psalm/benchmarks/babylm_eval.py                                    95     12     22      5    82%   48->exit, 98, 157->160, 170, 229-248, 268-271
src/psalm/benchmarks/babylm_models.py                                  38      2      4      1    93%   40->43, 81-82
src/psalm/cli/eval.py                                                  42      7      8      2    78%   61->63, 64->exit, 71-81
src/psalm/cli/main.py                                                  53      3      8      2    92%   86-87, 93
src/psalm/cli/train.py                                                 41     25      6      0    34%   22, 31, 68-119
src/psalm/config/architecture.py                                       22      1     10      1    94%   51
src/psalm/config/loader.py                                             14      0      0      0   100%
src/psalm/config/settings.py                                           48      0      0      0   100%
src/psalm/domain/contracts/closure.py                                 138      4     42      1    97%   93, 146, 166, 185
src/psalm/domain/data/babylm_fertility.py                              60      4     16      4    89%   36->exit, 52, 64, 69, 84
src/psalm/domain/data/babylm_manifest.py                               69      7     16      5    86%   53, 57, 80, 91-92, 116, 121
src/psalm/domain/data/curation.py                                      41      0     18      0   100%
src/psalm/domain/data/diversity.py                                     40      0     18      0   100%
src/psalm/domain/data/diversity_gate.py                                29      0     10      0   100%
src/psalm/domain/data/dyck.py                                         119      8     46      9    90%   43, 45, 83, 96, 138->133, 140, 160, 163, 188
src/psalm/domain/data/expanded_lexicon.py                              89      1     22      0    99%   83
src/psalm/domain/data/fixture_corpus.py                                45     20     16      2    51%   30->32, 57, 69-71, 85-89, 101-114
src/psalm/domain/data/karaka_frames.py                                 63      0     38      0   100%
src/psalm/domain/data/licenses.py                                      41      0      2      0   100%
src/psalm/domain/data/matching.py                                      64      0     18      0   100%
src/psalm/domain/data/pramana_converter.py                             65      6     28      6    87%   119, 149, 173, 182, 194, 201
src/psalm/domain/data/sandhi.py                                        43      0     12      0   100%
src/psalm/domain/eval/discrimination.py                                46      1     24      2    96%   99->98, 106
src/psalm/domain/eval/go_no_go.py                                      41      1      8      0    98%   44
src/psalm/domain/eval/leakage.py                                       26      0      2      0   100%
src/psalm/domain/eval/metrics.py                                       52      6     26      6    85%   21, 31, 39, 41, 61, 76
src/psalm/domain/experiments/matrix.py                                 55      4     16      2    92%   245, 250-251, 253
src/psalm/domain/experiments/models.py                                 57      0      4      0   100%
src/psalm/domain/experiments/source_extensions.py                       3      3      0      0     0%   15-31
src/psalm/domain/linguistics/english_karaka_real.py                    66     12     44      4    78%   60, 78-87, 99, 111
src/psalm/domain/model/config.py                                       42      1      6      1    96%   44->46, 50
src/psalm/domain/model/elc_config.py                                   63      0      6      0   100%
src/psalm/domain/model/training.py                                     31      0      0      0   100%
src/psalm/domain/nyaya_generator.py                                   107    107     10      0     0%   14-556
src/psalm/infrastructure/babylm/manifest_io.py                         28      6      4      2    75%   34, 38, 45, 67-69
src/psalm/infrastructure/corpora/panini_toolkit.py                     40     16     10      2    52%   46, 58, 64-65, 68-69, 72-89
src/psalm/infrastructure/corpora/sources.py                            47      2      6      0    96%   66-67
src/psalm/infrastructure/crystallization/domain_triples.py            135      4     80      6    95%   60->57, 70, 93->92, 166, 168, 172
src/psalm/infrastructure/crystallization/entity_lexicon.py             42      4      4      0    87%   73-76
src/psalm/infrastructure/crystallization/frames.py                     87     13     40     10    82%   53, 57, 65, 83, 87, 91, 97, 124, 130-146, 222
src/psalm/infrastructure/crystallization/pipeline.py                  146     10     42     12    88%   112, 120, 152, 155, 173, 180, 184->183, 218, 273, 277, 349, 354->359
src/psalm/infrastructure/crystallization/relation_map.py               20      1      2      1    91%   94
src/psalm/infrastructure/crystallization/stem_validation.py            38      4     14      2    88%   15-16, 48, 87
src/psalm/infrastructure/data/pramana_loader.py                        46     10     14      2    70%   45, 55, 103-114
src/psalm/infrastructure/eval/cogs.py                                  51     13     18      5    74%   90-98, 105, 108, 134, 145
src/psalm/infrastructure/eval/scan.py                                  45     10     14      2    80%   54-62, 99
src/psalm/infrastructure/generators/corpus_from_grammar.py            185     63     18      0    60%   179-180, 184-192, 218-253, 280, 316, 366-367, 386-422, 452, 467-484, 519-524
src/psalm/infrastructure/generators/dyck_source.py                     14      0      4      0   100%
src/psalm/infrastructure/generators/jsonl_source.py                    40      3     18      3    90%   49, 71, 74
src/psalm/infrastructure/generators/paribhasha/generator.py            98      1     22      1    98%   58
src/psalm/infrastructure/generators/paribhasha/inference.py            43      5     10      4    83%   43-44, 47, 53, 60
src/psalm/infrastructure/generators/paribhasha/ontology.py              6      0      0      0   100%
src/psalm/infrastructure/generators/paribhasha/relations.py            72      2     54      3    96%   96, 109, 140->137
src/psalm/infrastructure/generators/paribhasha/renderer.py            136      4     52      4    96%   146-147, 152, 169->172, 174->176, 204
src/psalm/infrastructure/generators/paribhasha/shabdabodha.py         209     11     74      9    92%   121, 159, 179-180, 202->204, 260-265, 280->276, 327->330, 396, 400->403
src/psalm/infrastructure/generators/paribhasha/types.py                63      0      4      0   100%
src/psalm/infrastructure/generators/paribhasha_source.py               15      1      4      1    89%   29
src/psalm/infrastructure/generators/samsadhani.py                      75      4     20      3    93%   112-113, 145, 171, 187->exit
src/psalm/infrastructure/generators/scramble_source.py                 23      0      8      1    97%   38->42
src/psalm/infrastructure/generators/shabdabodha_aligned_source.py      17      0      2      0   100%
src/psalm/infrastructure/generators/vidyut_realizer.py                202     15     96     15    89%   168, 170, 180, 185, 236-237, 291, 317, 326, 346, 350, 369, 378, 386, 425->exit, 430
src/psalm/infrastructure/generators/vidyut_source.py                   50      1     14      1    97%   118
src/psalm/infrastructure/ledger/sqlite_ledger.py                       43      0      2      1    98%   45->47
src/psalm/infrastructure/morphology/english.py                         39     24     16      0    27%   129-187, 196-197
src/psalm/infrastructure/morphology/morfessor_segmenter.py             37      2      6      2    91%   64->exit, 104, 134
src/psalm/infrastructure/morphology/sanskrit.py                        49     34     22      0    21%   59-63, 76-114, 123-150, 171-183, 188-189
src/psalm/infrastructure/publishing/hf_publisher.py                    21      2      4      1    88%   52-53
src/psalm/infrastructure/storage/knowledge_store.py                    56      0     10      4    94%   42->exit, 43->exit, 44->exit, 66->68
src/psalm/infrastructure/tokenizer/sentencepiece_tokenizer.py          44      0      8      1    98%   71->69
---------------------------------------------------------------------------------------------------------------
TOTAL                                                                4553    515   1346    170    86%
Required test coverage of 80.0% reached. Total coverage: 86.42%
============ 648 passed, 3 skipped, 2 warnings in 609.09s (0:10:09) ============
GATE_EXIT=0
