uv run ruff check
B905 `zip()` without an explicit `strict=` parameter
  --> notebooks/demo_01_prabhasa_inference.ipynb:cell 5:22:30
   |
20 |         predictions = [
21 |             (tok.decode([tid.item()]), prob.item())
22 |             for tid, prob in zip(top_ids, top_probs)
   |                              ^^^^^^^^^^^^^^^^^^^^^^^
23 |         ]
24 |         results.append(predictions)
   |
help: Add explicit value for parameter `strict=`

B905 `zip()` without an explicit `strict=` parameter
  --> notebooks/demo_01_prabhasa_inference.ipynb:cell 7:12:43
   |
10 |     print(f"\nInput: {text!r}")
11 |     print(f"\nTokens ({len(tokens)} total):")
12 |     for i, (tok_str, tok_id) in enumerate(zip(tokens, ids)):
   |                                           ^^^^^^^^^^^^^^^^
13 |         marker = "[WD]" if tok_str.startswith("▁") else "[CT]"
14 |         clean = tok_str.replace("▁", "")
   |
help: Add explicit value for parameter `strict=`

F541 [*] f-string without any placeholders
  --> scripts/analyze_developmental_curve.py:87:15
   |
85 |     if not milestones:
86 |         print(f"[dev-curve] No milestone checkpoints found in {seed_dir}", flush=True)
87 |         print(f"[dev-curve] Expected pattern: elc_NM.pt (e.g., elc_1M.pt)", flush=True)
   |               ^^^^^^^^^^^^^^^^^^^^^^^^^^^^^^^^^^^^^^^^^^^^^^^^^^^^^^^^^^^^
88 |         sys.exit(1)
   |
help: Remove extraneous `f` prefix

F841 [*] Local variable `e` is assigned to but never used
   --> scripts/bench_attention_backends.py:112:59
    |
110 |             raise ValueError(f"Unknown backend: {backend_name}")
111 |         return out, True
112 |     except (RuntimeError, ImportError, AttributeError) as e:
    |                                                           ^
113 |         # Backend not available on this device/pytorch version
114 |         return None, False
    |
help: Remove assignment to unused variable `e`

C401 Unnecessary generator (rewrite as a set comprehension)
   --> scripts/bench_attention_backends.py:226:23
    |
224 |     print("-" * 100)
225 |
226 |     backends = sorted(set(r.backend for r in all_results))
    |                       ^^^^^^^^^^^^^^^^^^^^^^^^^^^^^^^^^^^
227 |     seq_lens = sorted(set(r.seq_len for r in all_results))
    |
help: Rewrite as a set comprehension

C401 Unnecessary generator (rewrite as a set comprehension)
   --> scripts/bench_attention_backends.py:227:23
    |
226 |     backends = sorted(set(r.backend for r in all_results))
227 |     seq_lens = sorted(set(r.seq_len for r in all_results))
    |                       ^^^^^^^^^^^^^^^^^^^^^^^^^^^^^^^^^^^
228 |
229 |     for seq_len in seq_lens:
    |
help: Rewrite as a set comprehension

I001 [*] Import block is un-sorted or un-formatted
  --> scripts/generate_dose_grammar.py:36:1
   |
34 |   sys.path.insert(0, str(Path(__file__).parent.parent / "src"))
35 |
36 | / from psalm.infrastructure.generators.corpus_from_grammar import (
37 | |     VidyutMorphologyEngine,
38 | |     VidyutEngineConfig,
39 | | )
40 | | from psalm.infrastructure.ml.bin_dataset import BinDataset
   | |__________________________________________________________^
   |
help: Organize imports

E731 Do not assign a `lambda` expression, use a `def`
   --> scripts/generate_dose_grammar.py:237:5
    |
235 |         print(f"Tokenizing with SentencePiece (vocab_size={vocab_size})...")
236 |
237 |     encode_fn = lambda s: sp.EncodeAsIds(s)
    |     ^^^^^^^^^^^^^^^^^^^^^^^^^^^^^^^^^^^^^^^
238 |
239 |     # Ensure output directory exists
    |
help: Rewrite `encode_fn` as a `def`

F541 [*] f-string without any placeholders
   --> scripts/generate_dose_grammar.py:370:11
    |
368 |     print(f"  Size on disk: {bin_path.stat().st_size / 1e6:.2f} MB")
369 |     print(f"\nTokenizer: {spm_path} (vocab_size=20000)")
370 |     print(f"\nDose corpus generation:")
    |           ^^^^^^^^^^^^^^^^^^^^^^^^^^^^
371 |     print(f"  Dhātus sampled:   {len(DHATUS_TO_GENERATE)}")
372 |     print(f"  Lakaras included: {len(LAKARAS_TO_GENERATE)}")
    |
help: Remove extraneous `f` prefix

F541 [*] f-string without any placeholders
   --> scripts/generate_dose_grammar.py:377:9
    |
375 |     print(f"  Total combinations: {len(DHATUS_TO_GENERATE) * len(LAKARAS_TO_GENERATE) * len(PURUSHAS) * len(VACANAS):,}")
376 |     print(
377 |         f"\nNote: Dose corpus is generated from grammar rules, not from corpus text."
    |         ^^^^^^^^^^^^^^^^^^^^^^^^^^^^^^^^^^^^^^^^^^^^^^^^^^^^^^^^^^^^^^^^^^^^^^^^^^^^^
378 |     )
379 |     print("It provides structured morphological diversity for pre-pretraining.")
    |
help: Remove extraneous `f` prefix

C401 Unnecessary generator (rewrite as a set comprehension)
  --> scripts/generate_nyaya_dataset.py:95:23
   |
93 |       Dict with diversity metrics
94 |     """
95 |     unique_premises = set(ex["premise"] for ex in nli_examples)
   |                       ^^^^^^^^^^^^^^^^^^^^^^^^^^^^^^^^^^^^^^^^^
96 |     unique_hypotheses = set(ex["hypothesis"] for ex in nli_examples)
   |
help: Rewrite as a set comprehension

C401 Unnecessary generator (rewrite as a set comprehension)
  --> scripts/generate_nyaya_dataset.py:96:25
   |
94 |     """
95 |     unique_premises = set(ex["premise"] for ex in nli_examples)
96 |     unique_hypotheses = set(ex["hypothesis"] for ex in nli_examples)
   |                         ^^^^^^^^^^^^^^^^^^^^^^^^^^^^^^^^^^^^^^^^^^^^
97 |
98 |     return {
   |
help: Rewrite as a set comprehension

F541 [*] f-string without any placeholders
   --> scripts/generate_nyaya_dataset.py:218:11
    |
216 |     # Check diversity BEFORE saving
217 |     diversity = check_diversity(nli_examples)
218 |     print(f"\n[nyaya_gen] DIVERSITY CHECK:")
    |           ^^^^^^^^^^^^^^^^^^^^^^^^^^^^^^^^^
219 |     print(f"  Total examples: {diversity['total_examples']}")
220 |     print(f"  Unique premises: {diversity['unique_premises']} ({diversity['premise_diversity_pct']:.1f}%)")
    |
help: Remove extraneous `f` prefix

F541 [*] f-string without any placeholders
   --> scripts/generate_nyaya_dataset.py:235:11
    |
234 |     # Print summary
235 |     print(f"\n=== Dataset Summary ===")
    |           ^^^^^^^^^^^^^^^^^^^^^^^^^^^^
236 |     print(f"Total examples: {len(pramana_examples)}")
237 |     print(f"Valid: {sum(1 for ex in pramana_examples if len(ex.hetvabhasa.fallacies_detected) == 0)}")
    |
help: Remove extraneous `f` prefix

F541 [*] f-string without any placeholders
   --> scripts/generate_nyaya_dataset.py:243:11
    |
241 |     print(f"\nPramana format: {pramana_path}")
242 |     print(f"NLI format: {nli_path}")
243 |     print(f"\nTo use with H2 fine-tune:")
    |           ^^^^^^^^^^^^^^^^^^^^^^^^^^^^^^
244 |     print(f"  uv run python scripts/run_nyaya_h2_finetune.py \\")
245 |     print(f"    --psalm-ckpt data/checkpoints/.../elc.pt \\")
    |
help: Remove extraneous `f` prefix

F541 [*] f-string without any placeholders
   --> scripts/generate_nyaya_dataset.py:244:11
    |
242 |     print(f"NLI format: {nli_path}")
243 |     print(f"\nTo use with H2 fine-tune:")
244 |     print(f"  uv run python scripts/run_nyaya_h2_finetune.py \\")
    |           ^^^^^^^^^^^^^^^^^^^^^^^^^^^^^^^^^^^^^^^^^^^^^^^^^^^^^^
245 |     print(f"    --psalm-ckpt data/checkpoints/.../elc.pt \\")
246 |     print(f"    --nli-data {nli_path}")
    |
help: Remove extraneous `f` prefix

F541 [*] f-string without any placeholders
   --> scripts/generate_nyaya_dataset.py:245:11
    |
243 |     print(f"\nTo use with H2 fine-tune:")
244 |     print(f"  uv run python scripts/run_nyaya_h2_finetune.py \\")
245 |     print(f"    --psalm-ckpt data/checkpoints/.../elc.pt \\")
    |           ^^^^^^^^^^^^^^^^^^^^^^^^^^^^^^^^^^^^^^^^^^^^^^^^^^
246 |     print(f"    --nli-data {nli_path}")
    |
help: Remove extraneous `f` prefix

F541 [*] f-string without any placeholders
  --> scripts/prepare_babylm_100m.py:64:15
   |
63 |     if verbose:
64 |         print(f"Loading BabyLM 2026 Strict dataset from HuggingFace...")
   |               ^^^^^^^^^^^^^^^^^^^^^^^^^^^^^^^^^^^^^^^^^^^^^^^^^^^^^^^^^
65 |
66 |     # Load the official dataset
   |
help: Remove extraneous `f` prefix

E731 Do not assign a `lambda` expression, use a `def`
   --> scripts/prepare_babylm_100m.py:176:5
    |
174 |         print(f"Tokenizing {text_path} -> {bin_path}...")
175 |
176 |     encode_fn = lambda s: sp.EncodeAsIds(s)
    |     ^^^^^^^^^^^^^^^^^^^^^^^^^^^^^^^^^^^^^^^
177 |
178 |     # Ensure output directory exists
    |
help: Rewrite `encode_fn` as a `def`

F401 [*] `numpy` imported but unused
   --> scripts/prepare_babylm_100m.py:214:21
    |
212 |     args = ap.parse_args()
213 |
214 |     import numpy as np  # Import here for the memmap count
    |                     ^^
215 |
216 |     # Paths
    |
help: Remove unused import: `numpy`

I001 [*] Import block is un-sorted or un-formatted
   --> scripts/run_nyaya_h2_finetune.py:124:5
    |
122 |   ) -> dict[str, object]:
123 |       """Fine-tune ELC-PSALM-S on NLI data with LoRA adapters."""
124 | /     import sentencepiece as spm
125 | |     from psalm.infrastructure.ml.elc_trainer import load_elc_checkpoint
    | |_______________________________________________________________________^
126 |
127 |       torch.manual_seed(seed)
    |
help: Organize imports

I001 [*] Import block is un-sorted or un-formatted
  --> scripts/test_nhot_morphology.py:12:1
   |
10 | """
11 |
12 | from psalm.infrastructure.morphology.english import EnglishMorphemeAnalyzer
   | ^^^^^^^^^^^^^^^^^^^^^^^^^^^^^^^^^^^^^^^^^^^^^^^^^^^^^^^^^^^^^^^^^^^^^^^^^^^
13 |
14 | def main() -> None:
   |
help: Organize imports

I001 [*] Import block is un-sorted or un-formatted
  --> scripts/train_submission_model.py:20:1
   |
18 |   """
19 |
20 | / from __future__ import annotations
21 | |
22 | | import argparse
23 | | import json
24 | | import time
25 | | import numpy as np
26 | | from collections import Counter
27 | | from pathlib import Path
28 | |
29 | | import sentencepiece as spm
30 | | import torch
31 | | from torch import nn
32 | |
33 | | from psalm.infrastructure.ml.elc_psalm import HybridObjective, make_mlm_mask
34 | | from psalm.infrastructure.ml.elc_trainer import (
35 | |     build_elc_encoder,
36 | |     cosine_warmup_lr,
37 | |     save_elc_checkpoint,
38 | | )
39 | | from psalm.infrastructure.ml.leaderboard_levers import (
40 | |     build_submission_optimizers,
41 | |     make_freq_informed_mlm_mask,
42 | |     progressive_seq_len,
43 | |     scheduled_mask_prob,
44 | | )
45 | | from psalm.infrastructure.ml.nhot_embeddings import NhotEmbedding, build_nhot_matrix
46 | | from psalm.infrastructure.ml.packing import TokenPacker
47 | | from psalm.infrastructure.ml.structured_masking import (
48 | |     KarakaRoleLookup,
49 | |     SalienceTransfer,
50 | |     StructuredMaskConfig,
51 | |     make_structured_mlm_mask,
52 | | )
   | |_^
53 |
54 |   SS = Path("data/corpora/strict_small")
   |
help: Organize imports

F401 [*] `spacy` imported but unused
   --> scripts/train_submission_model.py:315:20
    |
313 |             # Real kāraka lookup from spaCy dependency parsing (H1_MECHANISM, REAL)
314 |             print(f"Building real kāraka lookup (deprel mode) from {len(base)} sentences...", flush=True)
315 |             import spacy
    |                    ^^^^^
316 |
317 |             from psalm.infrastructure.ml.english_karaka_builder_spacy import (
    |
help: Remove unused import: `spacy`

F541 [*] f-string without any placeholders
   --> scripts/train_submission_model.py:533:15
    |
531 |     milestones = _BABYLM_MILESTONES if args.babylm_checkpoints else ()
532 |     if args.babylm_checkpoints:
533 |         print(f"BabyLM checkpoints: ON (milestones at 1M–10M every 1M, then every 10M)", flush=True)
    |               ^^^^^^^^^^^^^^^^^^^^^^^^^^^^^^^^^^^^^^^^^^^^^^^^^^^^^^^^^^^^^^^^^^^^^^^^^
534 |
535 |     t0 = time.time()
    |
help: Remove extraneous `f` prefix

I001 [*] Import block is un-sorted or un-formatted
  --> scripts/validate_prakriya_derivations.py:8:1
   |
 6 |   """
 7 |
 8 | / from __future__ import annotations
 9 | |
10 | | from psalm.infrastructure.generators.corpus_from_grammar import VidyutMorphologyEngine, VidyutEngineConfig
   | |__________________________________________________________________________________________________________^
   |
help: Organize imports

F401 [*] `psalm.infrastructure.generators.corpus_from_grammar.VidyutEngineConfig` imported but unused
  --> scripts/validate_prakriya_derivations.py:10:89
   |
 8 | from __future__ import annotations
 9 |
10 | from psalm.infrastructure.generators.corpus_from_grammar import VidyutMorphologyEngine, VidyutEngineConfig
   |                                                                                         ^^^^^^^^^^^^^^^^^^
   |
help: Remove unused import: `psalm.infrastructure.generators.corpus_from_grammar.VidyutEngineConfig`

F541 [*] f-string without any placeholders
   --> scripts/validate_vyutpattivada_derivations.py:102:19
    |
100 |         else:
101 |             graph = result.shabdabodha_graph
102 |             print(f"      ✓ SUCCESS: Graph generated")
    |                   ^^^^^^^^^^^^^^^^^^^^^^^^^^^^^^^^^^^
103 |             print(f"        - Nodes: {len(graph.nodes)} ({', '.join(n.label or n.id for n in graph.nodes)})")
104 |             print(
    |
help: Remove extraneous `f` prefix

C401 Unnecessary generator (rewrite as a set comprehension)
   --> scripts/validate_vyutpattivada_derivations.py:108:56
    |
106 |                 f"({', '.join(f'{e.sansa.value}' for e in graph.edges)})"
107 |             )
108 |             print(f"        - Node categories: {sorted(set(n.category.value for n in graph.nodes))}")
    |                                                        ^^^^^^^^^^^^^^^^^^^^^^^^^^^^^^^^^^^^^^^^^^
109 |
110 |         print()
    |
help: Rewrite as a set comprehension

F401 [*] `spacy` imported but unused
  --> src/psalm/domain/linguistics/english_karaka_real.py:23:8
   |
21 | from dataclasses import dataclass
22 |
23 | import spacy
   |        ^^^^^
24 | from spacy.tokens import Doc, Token
   |
help: Remove unused import: `spacy`

I001 [*] Import block is un-sorted or un-formatted
  --> src/psalm/domain/nyaya_generator.py:14:1
   |
12 |   """
13 |
14 | / from __future__ import annotations
15 | |
16 | | import random
17 | | from dataclasses import dataclass
18 | | from datetime import date
19 | | from enum import Enum
20 | | from typing import Literal
21 | |
22 | | from pramana.domain.models.nyaya_example import (
23 | |     DoubtType,
24 | |     ExampleMetadata,
25 | |     Hetvabhasa,
26 | |     HetvabhasaType,
27 | |     Nirnaya,
28 | |     NyayaExample,
29 | |     Pramana,
30 | |     PanchaAvayava,
31 | |     Samshaya,
32 | |     Tarka,
33 | | )
   | |_^
   |
help: Organize imports

F401 [*] `dataclasses.dataclass` imported but unused
  --> src/psalm/domain/nyaya_generator.py:17:25
   |
16 | import random
17 | from dataclasses import dataclass
   |                         ^^^^^^^^^
18 | from datetime import date
19 | from enum import Enum
   |
help: Remove unused import: `dataclasses.dataclass`

F401 [*] `enum.Enum` imported but unused
  --> src/psalm/domain/nyaya_generator.py:19:18
   |
17 | from dataclasses import dataclass
18 | from datetime import date
19 | from enum import Enum
   |                  ^^^^
20 | from typing import Literal
   |
help: Remove unused import: `enum.Enum`

F401 [*] `typing.Literal` imported but unused
  --> src/psalm/domain/nyaya_generator.py:20:20
   |
18 | from datetime import date
19 | from enum import Enum
20 | from typing import Literal
   |                    ^^^^^^^
21 |
22 | from pramana.domain.models.nyaya_example import (
   |
help: Remove unused import: `typing.Literal`

F541 [*] f-string without any placeholders
   --> src/psalm/domain/nyaya_generator.py:401:20
    |
399 |         upanaya = f"It is unproven that {paksha.lower()} {hetu}."
400 |
401 |         nigamana = f"Therefore, the inference is inconclusive."
    |                    ^^^^^^^^^^^^^^^^^^^^^^^^^^^^^^^^^^^^^^^^^^^^
402 |
403 |         return {
    |
help: Remove extraneous `f` prefix

F541 [*] f-string without any placeholders
   --> src/psalm/domain/nyaya_generator.py:435:20
    |
433 |         upanaya = f"{paksha.capitalize()} {hetu}."
434 |
435 |         nigamana = f"Therefore, the inference is indeterminate."
    |                    ^^^^^^^^^^^^^^^^^^^^^^^^^^^^^^^^^^^^^^^^^^^^^
436 |
437 |         return {
    |
help: Remove extraneous `f` prefix

B007 Loop control variable `i` not used within loop body
   --> src/psalm/domain/nyaya_generator.py:458:13
    |
456 |         n_fallacious = n - n_valid
457 |
458 |         for i in range(n_valid):
    |             ^
459 |             chain_data = self._generate_valid_chain()
460 |             example = self._chain_data_to_nyaya_example(chain_data, is_valid=True)
    |
help: Rename unused `i` to `_i`

B007 Loop control variable `i` not used within loop body
   --> src/psalm/domain/nyaya_generator.py:470:13
    |
468 |         ]
469 |
470 |         for i in range(n_fallacious):
    |             ^
471 |             gen_fn = self.rng.choice(fallacy_generators)
472 |             chain_data = gen_fn()
    |
help: Rename unused `i` to `_i`

F541 [*] f-string without any placeholders
   --> src/psalm/domain/nyaya_generator.py:525:29
    |
523 |             tarka = Tarka(
524 |                 hypothesis=f"Suppose {paksha.lower()} is not {sadhya}",
525 |                 consequence=f"The reasoning would still hold",
    |                             ^^^^^^^^^^^^^^^^^^^^^^^^^^^^^^^^^
526 |                 analysis="The argument does not conclusively establish the thesis",
527 |                 resolution="The inference is defective",
    |
help: Remove extraneous `f` prefix

I001 [*] Import block is un-sorted or un-formatted
  --> src/psalm/infrastructure/generators/__init__.py:3:1
   |
 1 |   """Phase-1–3 synthetic generators (Pāṇinian, Dyck, Paribhāṣā, PRABHĀSA)."""
 2 |
 3 | / from psalm.infrastructure.generators.corpus_from_grammar import (
 4 | |     CorpusFromGrammarConfig,
 5 | |     CorpusFromGrammarGenerator,
 6 | |     FrameType,
 7 | |     NavyaNyayaAugmenter,
 8 | |     NavyaNyayaAugmenterConfig,
 9 | |     ParibhashaRuleInterpreter,
10 | |     ParibhashaInterpreterConfig,
11 | |     PrabasaExample,
12 | |     ShabdabodhaAssembler,
13 | |     ShabdabodhaAssemblerConfig,
14 | |     ValidityLabel,
15 | |     VidyutEngineConfig,
16 | |     VidyutMorphologyEngine,
17 | |     VyutpattivadaEngine,
18 | |     VyutpattivadaEngineConfig,
19 | |     to_aligned_record,
20 | |     validate_aligned_record,
21 | | )
22 | | from psalm.infrastructure.generators.paribhasha import (
23 | |     ParibhashaGenerator,
24 | |     ParibhashaGeneratorConfig,
25 | |     ShabdabodhaGraph,
26 | |     Stratum,
27 | |     render_graph,
28 | |     validate_graph,
29 | | )
30 | | from psalm.infrastructure.generators.paribhasha_source import ParibhashaSentenceSource
   | |______________________________________________________________________________________^
31 |
32 |   __all__ = [
   |
help: Organize imports

I001 [*] Import block is un-sorted or un-formatted
   --> src/psalm/infrastructure/generators/corpus_from_grammar.py:218:9
    |
216 |             ValueError: if derivation fails or produces no results.
217 |         """
218 |         from vidyut.prakriya import Dhatu, Gana, Pada, Prayoga, Lakara, Purusha, Vacana
    |         ^^^^^^^^^^^^^^^^^^^^^^^^^^^^^^^^^^^^^^^^^^^^^^^^^^^^^^^^^^^^^^^^^^^^^^^^^^^^^^^
219 |
220 |         vyakarana = self._get_vyakarana()
    |
help: Organize imports

F401 [*] `pathlib.Path` imported but unused
  --> src/psalm/infrastructure/ml/english_karaka_builder_spacy.py:19:21
   |
17 | from __future__ import annotations
18 |
19 | from pathlib import Path
   |                     ^^^^
20 |
21 | import numpy as np
   |
help: Remove unused import: `pathlib.Path`

F401 [*] `numpy` imported but unused
  --> src/psalm/infrastructure/ml/english_karaka_builder_spacy.py:21:17
   |
19 | from pathlib import Path
20 |
21 | import numpy as np
   |                 ^^
22 | import sentencepiece as spm
23 | import spacy
   |
help: Remove unused import: `numpy`

F401 [*] `spacy.tokens.Doc` imported but unused
  --> src/psalm/infrastructure/ml/english_karaka_builder_spacy.py:24:26
   |
22 | import sentencepiece as spm
23 | import spacy
24 | from spacy.tokens import Doc
   |                          ^^^
25 |
26 | from psalm.domain.linguistics.english_karaka_real import (
   |
help: Remove unused import: `spacy.tokens.Doc`

I001 [*] Import block is un-sorted or un-formatted
  --> src/psalm/infrastructure/morphology/__init__.py:7:1
   |
 5 |   """
 6 |
 7 | / from __future__ import annotations
 8 | |
 9 | | from psalm.infrastructure.morphology.english import (
10 | |     EnglishMorphemeAnalyzer,
11 | |     Morpheme,
12 | |     segment_english_token,
13 | | )
14 | | from psalm.infrastructure.morphology.sanskrit import (
15 | |     SanskritMorphemeAnalyzer,
16 | |     SanskritMorpheme,
17 | |     analyze_sanskrit_token,
18 | | )
   | |_^
19 |
20 |   __all__ = [
   |
help: Organize imports

F401 [*] `contextlib` imported but unused
  --> src/psalm/infrastructure/morphology/sanskrit.py:16:8
   |
14 | from __future__ import annotations
15 |
16 | import contextlib
   |        ^^^^^^^^^^
17 | from dataclasses import dataclass
18 | from typing import NamedTuple
   |
help: Remove unused import: `contextlib`

I001 [*] Import block is un-sorted or un-formatted
  --> tests/unit/test_morfessor_nhot.py:6:1
   |
 4 |   """
 5 |
 6 | / from __future__ import annotations
 7 | |
 8 | | import pytest
 9 | |
10 | | from psalm.infrastructure.morphology.morfessor_segmenter import (
11 | |     Morph,
12 | |     MorfessorSegmenter,
13 | | )
   | |_^
   |
help: Organize imports

Found 47 errors.
[*] 36 fixable with the `--fix` option (11 hidden fixes can be enabled with the `--unsafe-fixes` option).
make: *** [Makefile:27: lint] Error 1
