CUDA: NVIDIA GB10 | torch 2.12.0+cu130
submission: doses=['A'] dose_tok=1498229 base_tok=13757590 | stage1=1 stage2=2798 total=2799 | muon=on mask=0.4->0.15 freq_alpha=0.5 pos_encoding=rope max_seq=192
...........................................................
....................................................N-hot embeddings: ON (vocab=20000, nhot_dim=10, d_model=768)
Building real kāraka lookup (deprel mode) from 1003813 sentences...
Kāraka lookup: deprel (spaCy) (727 kartā, 804 karma, 198 karaṇa, 1277 adhikaraṇa, 73 apādāna, 230 sampradāna, 2244 kriyā, 1031 viśeṣaṇa, 3221 separator)
Structured masking: ON (p=0.4→0.15)
BabyLM checkpoints: ON (milestones at 1M–10M every 1M, then every 10M)
/home/sharaths/projects/PSALM-integration/src/psalm/infrastructure/ml/structured_masking.py:185: RuntimeWarning: invalid value encountered in divide
  freq = np.where(self.counts > 0, self.masked / self.counts, base_prob)
Salience transfer: saved data/checkpoints/prabhasa_real_engines_v2/seed_0/salience_weights.npy (20000 entries)
  [CKPT-BabyLM] elc_1M.pt @ 1.00M words
  step 201/2799 loss=5.5922 ema=5.9303 lr=1.00e-03 seq=48 maskp=0.397 0.57 step/s
  [CKPT-BabyLM] elc_2M.pt @ 2.00M words
  [CKPT-BabyLM] elc_3M.pt @ 3.00M words
  step 401/2799 loss=6.6005 ema=4.0423 lr=9.83e-04 seq=48 maskp=0.388 0.57 step/s
  [CKPT-BabyLM] elc_4M.pt @ 4.00M words
  [CKPT-BabyLM] elc_5M.pt @ 5.00M words
  step 601/2799 loss=5.5799 ema=5.3401 lr=9.41e-04 seq=48 maskp=0.373 0.57 step/s
  [CKPT-BabyLM] elc_6M.pt @ 6.00M words
  [CKPT-BabyLM] elc_7M.pt @ 7.00M words
  step 801/2799 loss=4.8355 ema=4.8209 lr=8.78e-04 seq=48 maskp=0.353 0.57 step/s
  [CKPT-BabyLM] elc_8M.pt @ 8.00M words
  step 1001/2799 loss=4.5399 ema=3.5838 lr=7.95e-04 seq=48 maskp=0.329 0.57 step/s
  [CKPT-BabyLM] elc_9M.pt @ 9.00M words
  [CKPT-BabyLM] elc_10M.pt @ 10.00M words
  step 1201/2799 loss=4.7895 ema=4.8360 lr=6.99e-04 seq=96 maskp=0.303 0.55 step/s
  step 1401/2799 loss=4.5570 ema=4.4202 lr=5.95e-04 seq=96 maskp=0.275 0.51 step/s
  step 1601/2799 loss=3.2963 ema=3.2048 lr=4.87e-04 seq=96 maskp=0.247 0.50 step/s
  [CKPT-BabyLM] elc_20M.pt @ 20.00M words
  step 1801/2799 loss=4.3414 ema=4.4845 lr=3.84e-04 seq=96 maskp=0.221 0.49 step/s
  step 2001/2799 loss=4.0967 ema=4.1969 lr=2.90e-04 seq=96 maskp=0.197 0.49 step/s
  [CKPT-BabyLM] elc_30M.pt @ 30.02M words
  step 2201/2799 loss=2.9487 ema=2.9494 lr=2.10e-04 seq=192 maskp=0.177 0.46 step/s
  step 2401/2799 loss=4.0855 ema=4.1532 lr=1.50e-04 seq=192 maskp=0.162 0.44 step/s
  [CKPT-BabyLM] elc_40M.pt @ 40.03M words
  step 2601/2799 loss=3.5820 ema=3.9060 lr=1.13e-04 seq=192 maskp=0.153 0.43 step/s
  [CKPT-BabyLM] elc_50M.pt @ 50.03M words
DONE submission: steps=2799 words=52.5M final_loss=2.6153 best_loss=1.9901 wall=110.1min -> data/checkpoints/prabhasa_real_engines_v2/seed_0/elc.pt
