CUDA: NVIDIA GB10 | torch 2.12.0+cu130
submission: doses=['A'] dose_tok=1498229 base_tok=13757590 | stage1=1 stage2=2798 total=2799 | muon=on mask=0.4->0.15 freq_alpha=0.5 pos_encoding=rope max_seq=192
N-hot embeddings: ON (vocab=20000, nhot_dim=10, d_model=768)
Kāraka lookup: BPE-heuristic (10574 kartā, 2533 viśeṣaṇa, 6893 separator)
Structured masking: ON (p=0.4→0.15)
BabyLM checkpoints: ON (milestones at 1M–10M every 1M, then every 10M)
/home/sharaths/projects/PSALM-integration/src/psalm/infrastructure/ml/structured_masking.py:184: RuntimeWarning: invalid value encountered in divide
  freq = np.where(self.counts > 0, self.masked / self.counts, base_prob)
Salience transfer: saved data/checkpoints/prabhasa_b_ss_v07_rope/seed_0/salience_weights.npy (20000 entries)
  [CKPT-BabyLM] elc_1M.pt @ 1.00M words
  step 201/2799 loss=5.5021 ema=5.7212 lr=1.00e-03 seq=48 maskp=0.397 0.63 step/s
  [CKPT-BabyLM] elc_2M.pt @ 2.00M words
  [CKPT-BabyLM] elc_3M.pt @ 3.00M words
  step 401/2799 loss=5.9830 ema=3.8507 lr=9.83e-04 seq=48 maskp=0.388 0.62 step/s
  [CKPT-BabyLM] elc_4M.pt @ 4.00M words
  [CKPT-BabyLM] elc_5M.pt @ 5.00M words
  step 601/2799 loss=5.2350 ema=5.1792 lr=9.41e-04 seq=48 maskp=0.373 0.64 step/s
  [CKPT-BabyLM] elc_6M.pt @ 6.00M words
  [CKPT-BabyLM] elc_7M.pt @ 7.00M words
  step 801/2799 loss=4.8022 ema=4.6934 lr=8.78e-04 seq=48 maskp=0.353 0.66 step/s
  [CKPT-BabyLM] elc_8M.pt @ 8.00M words
  step 1001/2799 loss=4.1648 ema=3.4335 lr=7.95e-04 seq=48 maskp=0.329 0.71 step/s
  [CKPT-BabyLM] elc_9M.pt @ 9.00M words
  [CKPT-BabyLM] elc_10M.pt @ 10.00M words
  step 1201/2799 loss=4.6703 ema=4.7244 lr=6.99e-04 seq=96 maskp=0.303 0.74 step/s
  step 1401/2799 loss=4.4617 ema=4.3285 lr=5.95e-04 seq=96 maskp=0.275 0.74 step/s
  step 1601/2799 loss=3.1444 ema=3.0895 lr=4.87e-04 seq=96 maskp=0.247 0.74 step/s
  [CKPT-BabyLM] elc_20M.pt @ 20.00M words
  step 1801/2799 loss=4.3387 ema=4.4034 lr=3.84e-04 seq=96 maskp=0.221 0.74 step/s
  step 2001/2799 loss=4.1215 ema=4.1233 lr=2.90e-04 seq=96 maskp=0.197 0.74 step/s
  [CKPT-BabyLM] elc_30M.pt @ 30.02M words
  step 2201/2799 loss=2.8495 ema=2.8641 lr=2.10e-04 seq=192 maskp=0.177 0.71 step/s
  step 2401/2799 loss=4.1294 ema=4.1022 lr=1.50e-04 seq=192 maskp=0.162 0.67 step/s
  [CKPT-BabyLM] elc_40M.pt @ 40.03M words
  step 2601/2799 loss=3.6243 ema=3.8632 lr=1.13e-04 seq=192 maskp=0.153 0.63 step/s
  [CKPT-BabyLM] elc_50M.pt @ 50.03M words
DONE submission: steps=2799 words=52.5M final_loss=2.5086 best_loss=1.9468 wall=76.9min -> data/checkpoints/prabhasa_b_ss_v07_rope/seed_0/elc.pt
