CUDA: NVIDIA GB10 | torch 2.12.0+cu130
submission: doses=['A', 'B', 'C', 'D'] dose_tok=5992836 base_tok=13757590 | stage1=365 stage2=2798 total=3163 | muon=on mask=0.15->0.15 freq_alpha=0.5 max_seq=192
N-hot embeddings: ON (vocab=20000, nhot_dim=10, d_model=768)
Kāraka lookup: BPE-heuristic (10574 kartā, 2533 viśeṣaṇa, 6893 separator)
Structured masking: ON (p=0.15→0.15)
BabyLM checkpoints: ON (milestones at 1M–10M every 1M, then every 10M)
  [CKPT-BabyLM] elc_1M.pt @ 1.00M words
  step 200/3163 loss=15.7579 ema=7.5012 lr=1.00e-03 seq=48 maskp=0.150 0.68 step/s
  [CKPT-BabyLM] elc_2M.pt @ 2.00M words
  [CKPT-BabyLM] elc_3M.pt @ 3.00M words
/home/sharaths/projects/PSALM-integration/src/psalm/infrastructure/ml/structured_masking.py:184: RuntimeWarning: invalid value encountered in divide
  freq = np.where(self.counts > 0, self.masked / self.counts, base_prob)
Salience transfer: saved data/checkpoints/prabhasa_b_ss_r3_ep10_mask015/seed_0/salience_weights.npy (20000 entries)
  [CKPT-BabyLM] elc_4M.pt @ 4.00M words
  [CKPT-BabyLM] elc_5M.pt @ 5.00M words
  step 565/3163 loss=6.7083 ema=6.4896 lr=9.65e-04 seq=48 maskp=0.150 0.68 step/s
  [CKPT-BabyLM] elc_6M.pt @ 6.00M words
  step 765/3163 loss=6.5043 ema=4.2662 lr=9.20e-04 seq=48 maskp=0.150 0.70 step/s
  [CKPT-BabyLM] elc_7M.pt @ 7.00M words
  [CKPT-BabyLM] elc_8M.pt @ 8.00M words
  step 965/3163 loss=5.6198 ema=5.5395 lr=8.57e-04 seq=48 maskp=0.150 0.72 step/s
  [CKPT-BabyLM] elc_9M.pt @ 9.00M words
  [CKPT-BabyLM] elc_10M.pt @ 10.00M words
  step 1165/3163 loss=5.0353 ema=4.9114 lr=7.82e-04 seq=48 maskp=0.150 0.74 step/s
  step 1365/3163 loss=5.2467 ema=4.1205 lr=6.96e-04 seq=96 maskp=0.150 0.78 step/s
  step 1565/3163 loss=4.9738 ema=5.1359 lr=6.03e-04 seq=96 maskp=0.150 0.79 step/s
  [CKPT-BabyLM] elc_20M.pt @ 20.01M words
  step 1765/3163 loss=4.6804 ema=4.5562 lr=5.08e-04 seq=96 maskp=0.150 0.79 step/s
  step 1965/3163 loss=3.3348 ema=3.2815 lr=4.15e-04 seq=96 maskp=0.150 0.80 step/s
  step 2165/3163 loss=4.5215 ema=4.6348 lr=3.28e-04 seq=96 maskp=0.150 0.80 step/s
  [CKPT-BabyLM] elc_30M.pt @ 30.01M words
  step 2365/3163 loss=4.3705 ema=4.3212 lr=2.51e-04 seq=96 maskp=0.150 0.81 step/s
  step 2565/3163 loss=4.2850 ema=3.7364 lr=1.87e-04 seq=192 maskp=0.150 0.75 step/s
  [CKPT-BabyLM] elc_40M.pt @ 40.03M words
  step 2765/3163 loss=4.5366 ema=4.6651 lr=1.39e-04 seq=192 maskp=0.150 0.71 step/s
  [CKPT-BabyLM] elc_50M.pt @ 50.00M words
  step 2965/3163 loss=3.9981 ema=4.1491 lr=1.10e-04 seq=192 maskp=0.150 0.68 step/s
DONE submission: steps=3163 words=59.3M final_loss=2.7639 best_loss=1.8371 wall=79.8min -> data/checkpoints/prabhasa_b_ss_r3_ep10_mask015/seed_0/elc.pt
