CUDA: NVIDIA GB10 | torch 2.12.0+cu130
submission: doses=['A'] dose_tok=1498229 base_tok=13757590 | stage1=1 stage2=2798 total=2799 | muon=on mask=0.4->0.15 freq_alpha=0.5 max_seq=192
N-hot embeddings: ON (vocab=20000, nhot_dim=10, d_model=768)
Kāraka lookup: BPE-heuristic (10574 kartā, 2533 viśeṣaṇa, 6893 separator)
Structured masking: ON (p=0.4→0.15)
BabyLM checkpoints: ON (milestones at 1M–10M every 1M, then every 10M)
/home/sharaths/projects/PSALM-integration/src/psalm/infrastructure/ml/structured_masking.py:184: RuntimeWarning: invalid value encountered in divide
  freq = np.where(self.counts > 0, self.masked / self.counts, base_prob)
Salience transfer: saved data/checkpoints/prabhasa_b_ss_v06_puremlm/seed_0/salience_weights.npy (20000 entries)
  [CKPT-BabyLM] elc_1M.pt @ 1.00M words
  step 201/2799 loss=6.5436 ema=6.8140 lr=1.00e-03 seq=48 maskp=0.397 0.72 step/s
  [CKPT-BabyLM] elc_2M.pt @ 2.00M words
  [CKPT-BabyLM] elc_3M.pt @ 3.00M words
  step 401/2799 loss=6.3630 ema=4.3460 lr=9.83e-04 seq=48 maskp=0.388 0.74 step/s
  [CKPT-BabyLM] elc_4M.pt @ 4.00M words
  [CKPT-BabyLM] elc_5M.pt @ 5.00M words
  step 601/2799 loss=5.3366 ema=5.3824 lr=9.41e-04 seq=48 maskp=0.373 0.71 step/s
  [CKPT-BabyLM] elc_6M.pt @ 6.00M words
  [CKPT-BabyLM] elc_7M.pt @ 7.00M words
  step 801/2799 loss=4.8285 ema=4.9034 lr=8.78e-04 seq=48 maskp=0.353 0.71 step/s
  [CKPT-BabyLM] elc_8M.pt @ 8.00M words
  step 1001/2799 loss=4.3047 ema=3.7208 lr=7.95e-04 seq=48 maskp=0.329 0.70 step/s
  [CKPT-BabyLM] elc_9M.pt @ 9.00M words
  [CKPT-BabyLM] elc_10M.pt @ 10.00M words
  step 1201/2799 loss=5.5654 ema=5.5990 lr=6.99e-04 seq=96 maskp=0.303 0.67 step/s
  step 1401/2799 loss=4.6335 ema=4.6652 lr=5.95e-04 seq=96 maskp=0.275 0.63 step/s
  step 1601/2799 loss=3.3013 ema=3.3896 lr=4.87e-04 seq=96 maskp=0.247 0.65 step/s
  [CKPT-BabyLM] elc_20M.pt @ 20.00M words
  step 1801/2799 loss=4.4864 ema=4.4990 lr=3.84e-04 seq=96 maskp=0.221 0.66 step/s
  step 2001/2799 loss=4.1338 ema=4.2730 lr=2.90e-04 seq=96 maskp=0.197 0.68 step/s
  [CKPT-BabyLM] elc_30M.pt @ 30.02M words
  step 2201/2799 loss=4.2754 ema=4.2849 lr=2.10e-04 seq=192 maskp=0.177 0.67 step/s
  step 2401/2799 loss=4.6239 ema=5.1200 lr=1.50e-04 seq=192 maskp=0.162 0.64 step/s
  [CKPT-BabyLM] elc_40M.pt @ 40.03M words
  step 2601/2799 loss=3.8302 ema=4.1026 lr=1.13e-04 seq=192 maskp=0.153 0.62 step/s
  [CKPT-BabyLM] elc_50M.pt @ 50.03M words
DONE submission: steps=2799 words=52.5M final_loss=2.7154 best_loss=2.1646 wall=77.0min -> data/checkpoints/prabhasa_b_ss_v06_puremlm/seed_0/elc.pt
