CUDA: NVIDIA GB10 | torch 2.12.0+cu130
submission: doses=['A'] dose_tok=1498229 base_tok=13757590 | stage1=1 stage2=2798 total=2799 | muon=on mask=0.15->0.15 freq_alpha=0.5 max_seq=192
N-hot embeddings: ON (vocab=20000, nhot_dim=10, d_model=768)
Kāraka lookup: BPE-heuristic (10574 kartā, 2533 viśeṣaṇa, 6893 separator)
Structured masking: ON (p=0.15→0.15)
BabyLM checkpoints: ON (milestones at 1M–10M every 1M, then every 10M)
/home/sharaths/projects/PSALM-integration/src/psalm/infrastructure/ml/structured_masking.py:184: RuntimeWarning: invalid value encountered in divide
  freq = np.where(self.counts > 0, self.masked / self.counts, base_prob)
Salience transfer: saved data/checkpoints/prabhasa_b_ss_v03_englishonly/seed_0/salience_weights.npy (20000 entries)
  [CKPT-BabyLM] elc_1M.pt @ 1.00M words
  step 201/2799 loss=6.3102 ema=6.1909 lr=1.00e-03 seq=48 maskp=0.150 0.77 step/s
  [CKPT-BabyLM] elc_2M.pt @ 2.00M words
  [CKPT-BabyLM] elc_3M.pt @ 3.00M words
  step 401/2799 loss=6.2201 ema=4.0342 lr=9.83e-04 seq=48 maskp=0.150 0.87 step/s
  [CKPT-BabyLM] elc_4M.pt @ 4.00M words
  [CKPT-BabyLM] elc_5M.pt @ 5.00M words
  step 601/2799 loss=5.3961 ema=5.3545 lr=9.41e-04 seq=48 maskp=0.150 0.99 step/s
  [CKPT-BabyLM] elc_6M.pt @ 6.00M words
  [CKPT-BabyLM] elc_7M.pt @ 7.00M words
  step 801/2799 loss=4.9660 ema=4.8388 lr=8.78e-04 seq=48 maskp=0.150 1.07 step/s
  [CKPT-BabyLM] elc_8M.pt @ 8.00M words
  step 1001/2799 loss=4.3366 ema=3.5556 lr=7.95e-04 seq=48 maskp=0.150 1.12 step/s
  [CKPT-BabyLM] elc_9M.pt @ 9.00M words
  [CKPT-BabyLM] elc_10M.pt @ 10.00M words
  step 1201/2799 loss=5.6287 ema=5.3396 lr=6.99e-04 seq=96 maskp=0.150 1.11 step/s
  step 1401/2799 loss=4.8366 ema=4.7441 lr=5.95e-04 seq=96 maskp=0.150 1.06 step/s
  step 1601/2799 loss=3.3583 ema=3.2809 lr=4.87e-04 seq=96 maskp=0.150 1.03 step/s
  [CKPT-BabyLM] elc_20M.pt @ 20.00M words
  step 1801/2799 loss=4.5085 ema=4.6093 lr=3.84e-04 seq=96 maskp=0.150 1.00 step/s
  step 2001/2799 loss=4.2562 ema=4.2992 lr=2.90e-04 seq=96 maskp=0.150 0.98 step/s
  [CKPT-BabyLM] elc_30M.pt @ 30.02M words
  step 2201/2799 loss=4.2693 ema=3.6869 lr=2.10e-04 seq=192 maskp=0.150 0.92 step/s
  step 2401/2799 loss=5.2195 ema=4.9650 lr=1.50e-04 seq=192 maskp=0.150 0.85 step/s
  [CKPT-BabyLM] elc_40M.pt @ 40.03M words
  step 2601/2799 loss=3.9622 ema=4.1886 lr=1.13e-04 seq=192 maskp=0.150 0.79 step/s
  [CKPT-BabyLM] elc_50M.pt @ 50.03M words
DONE submission: steps=2799 words=52.5M final_loss=2.7603 best_loss=2.0941 wall=62.0min -> data/checkpoints/prabhasa_b_ss_v03_englishonly/seed_0/elc.pt
