CUDA: NVIDIA GB10 | torch 2.12.0+cu130
submission: doses=['A'] dose_tok=1498229 base_tok=13757590 | stage1=1 stage2=2798 total=2799 | muon=on mask=0.4->0.15 freq_alpha=0.5 pos_encoding=rope max_seq=192
...........................................................
....................................................N-hot embeddings: ON (vocab=20000, nhot_dim=10, d_model=768)
Building real kāraka lookup (deprel mode) from 1003813 sentences...
Kāraka lookup: deprel (spaCy) (727 kartā, 804 karma, 198 karaṇa, 1277 adhikaraṇa, 73 apādāna, 230 sampradāna, 2244 kriyā, 1031 viśeṣaṇa, 3221 separator)
Structured masking: ON (p=0.4→0.15)
BabyLM checkpoints: ON (milestones at 1M–10M every 1M, then every 10M)
/home/sharaths/projects/PSALM-integration/src/psalm/infrastructure/ml/structured_masking.py:184: RuntimeWarning: invalid value encountered in divide
  freq = np.where(self.counts > 0, self.masked / self.counts, base_prob)
Salience transfer: saved data/checkpoints/prabhasa_real_engines/seed_0/salience_weights.npy (20000 entries)
  [CKPT-BabyLM] elc_1M.pt @ 1.00M words
  step 201/2799 loss=5.4846 ema=5.8816 lr=1.00e-03 seq=48 maskp=0.397 1.23 step/s
  [CKPT-BabyLM] elc_2M.pt @ 2.00M words
  [CKPT-BabyLM] elc_3M.pt @ 3.00M words
  step 401/2799 loss=6.5147 ema=4.0001 lr=9.83e-04 seq=48 maskp=0.388 1.23 step/s
  [CKPT-BabyLM] elc_4M.pt @ 4.00M words
  [CKPT-BabyLM] elc_5M.pt @ 5.00M words
  step 601/2799 loss=5.5179 ema=5.3323 lr=9.41e-04 seq=48 maskp=0.373 1.23 step/s
  [CKPT-BabyLM] elc_6M.pt @ 6.00M words
  [CKPT-BabyLM] elc_7M.pt @ 7.00M words
  step 801/2799 loss=4.7317 ema=4.7851 lr=8.78e-04 seq=48 maskp=0.353 1.23 step/s
  [CKPT-BabyLM] elc_8M.pt @ 8.00M words
  step 1001/2799 loss=4.4510 ema=3.5435 lr=7.95e-04 seq=48 maskp=0.329 1.23 step/s
  [CKPT-BabyLM] elc_9M.pt @ 9.00M words
  [CKPT-BabyLM] elc_10M.pt @ 10.00M words
  step 1201/2799 loss=4.7683 ema=4.8294 lr=6.99e-04 seq=96 maskp=0.303 1.18 step/s
  step 1401/2799 loss=4.4903 ema=4.3827 lr=5.95e-04 seq=96 maskp=0.275 1.08 step/s
  step 1601/2799 loss=3.1882 ema=3.1623 lr=4.87e-04 seq=96 maskp=0.247 1.02 step/s
  [CKPT-BabyLM] elc_20M.pt @ 20.00M words
  step 1801/2799 loss=4.2690 ema=4.4748 lr=3.84e-04 seq=96 maskp=0.221 0.98 step/s
  step 2001/2799 loss=4.0219 ema=4.1636 lr=2.90e-04 seq=96 maskp=0.197 0.95 step/s
  [CKPT-BabyLM] elc_30M.pt @ 30.02M words
  step 2201/2799 loss=2.8675 ema=2.9105 lr=2.10e-04 seq=192 maskp=0.177 0.88 step/s
  step 2401/2799 loss=4.0271 ema=4.1433 lr=1.50e-04 seq=192 maskp=0.162 0.80 step/s
  [CKPT-BabyLM] elc_40M.pt @ 40.03M words
  step 2601/2799 loss=3.5022 ema=3.8775 lr=1.13e-04 seq=192 maskp=0.153 0.74 step/s
  [CKPT-BabyLM] elc_50M.pt @ 50.03M words
DONE submission: steps=2799 words=52.5M final_loss=2.5443 best_loss=1.9951 wall=67.2min -> data/checkpoints/prabhasa_real_engines/seed_0/elc.pt
