CUDA: NVIDIA GB10 | torch 2.12.0+cu130
submission: doses=['A'] dose_tok=1498229 base_tok=156834671 | stage1=1 stage2=31908 total=31909 | muon=on mask=0.4->0.15 freq_alpha=0.5 pos_encoding=rope max_seq=192
N-hot embeddings: ON (vocab=20000, nhot_dim=10, d_model=768)
Kāraka lookup: BPE-heuristic (10574 kartā, 2533 viśeṣaṇa, 6893 separator)
Structured masking: ON (p=0.4→0.15)
BabyLM checkpoints: ON (milestones at 1M–10M every 1M, then every 10M)
/home/sharaths/projects/PSALM-integration/src/psalm/infrastructure/ml/structured_masking.py:185: RuntimeWarning: invalid value encountered in divide
  freq = np.where(self.counts > 0, self.masked / self.counts, base_prob)
Salience transfer: saved data/checkpoints/prabhasa_b_s/seed_0/salience_weights.npy (20000 entries)
  [CKPT-BabyLM] elc_1M.pt @ 1.00M words
  step 201/31909 loss=5.0139 ema=5.2660 lr=1.05e-04 seq=48 maskp=0.400 1.22 step/s
  [CKPT-BabyLM] elc_2M.pt @ 2.00M words
  [CKPT-BabyLM] elc_3M.pt @ 3.00M words
  step 401/31909 loss=3.1681 ema=3.4245 lr=2.10e-04 seq=48 maskp=0.400 1.23 step/s
  [CKPT-BabyLM] elc_4M.pt @ 4.00M words
  [CKPT-BabyLM] elc_5M.pt @ 5.00M words
  step 601/31909 loss=2.7807 ema=3.0608 lr=3.14e-04 seq=48 maskp=0.400 1.23 step/s
  [CKPT-BabyLM] elc_6M.pt @ 6.00M words
  [CKPT-BabyLM] elc_7M.pt @ 7.00M words
  step 801/31909 loss=3.1064 ema=3.3003 lr=4.18e-04 seq=48 maskp=0.400 1.23 step/s
  [CKPT-BabyLM] elc_8M.pt @ 8.00M words
  step 1001/31909 loss=2.2194 ema=2.3363 lr=5.23e-04 seq=48 maskp=0.399 1.23 step/s
  [CKPT-BabyLM] elc_9M.pt @ 9.00M words
  [CKPT-BabyLM] elc_10M.pt @ 10.00M words
  step 1201/31909 loss=2.8427 ema=2.6684 lr=6.27e-04 seq=48 maskp=0.399 1.23 step/s
  step 1401/31909 loss=6.0691 ema=3.8519 lr=7.32e-04 seq=48 maskp=0.399 1.23 step/s
  step 1601/31909 loss=4.7512 ema=5.0938 lr=8.36e-04 seq=48 maskp=0.398 1.22 step/s
  step 1801/31909 loss=4.5744 ema=4.7805 lr=9.41e-04 seq=48 maskp=0.398 1.22 step/s
  step 2001/31909 loss=4.4288 ema=4.4721 lr=1.00e-03 seq=48 maskp=0.398 1.22 step/s
  step 2201/31909 loss=4.2664 ema=4.4502 lr=1.00e-03 seq=48 maskp=0.397 1.22 step/s
  [CKPT-BabyLM] elc_20M.pt @ 20.00M words
  step 2401/31909 loss=4.2131 ema=4.0894 lr=9.99e-04 seq=48 maskp=0.397 1.22 step/s
  step 2601/31909 loss=4.3319 ema=3.9915 lr=9.99e-04 seq=48 maskp=0.396 1.22 step/s
  step 2801/31909 loss=5.3169 ema=4.2579 lr=9.98e-04 seq=48 maskp=0.395 1.22 step/s
  step 3001/31909 loss=4.6923 ema=4.7124 lr=9.97e-04 seq=48 maskp=0.395 1.22 step/s
  step 3201/31909 loss=4.3197 ema=4.4816 lr=9.96e-04 seq=48 maskp=0.394 1.22 step/s
  [CKPT-BabyLM] elc_30M.pt @ 30.01M words
  step 3401/31909 loss=3.4431 ema=4.0725 lr=9.95e-04 seq=48 maskp=0.393 1.22 step/s
  step 3601/31909 loss=4.3698 ema=4.0864 lr=9.93e-04 seq=48 maskp=0.392 1.22 step/s
  step 3801/31909 loss=2.7815 ema=3.0170 lr=9.91e-04 seq=48 maskp=0.391 1.22 step/s
  step 4001/31909 loss=2.9393 ema=2.7568 lr=9.89e-04 seq=48 maskp=0.390 1.22 step/s
  step 4201/31909 loss=4.0975 ema=3.0137 lr=9.87e-04 seq=48 maskp=0.389 1.22 step/s
  step 4401/31909 loss=2.3685 ema=2.1802 lr=9.85e-04 seq=48 maskp=0.388 1.22 step/s
  [CKPT-BabyLM] elc_40M.pt @ 40.01M words
  step 4601/31909 loss=2.3543 ema=2.5185 lr=9.82e-04 seq=48 maskp=0.387 1.22 step/s
  step 4801/31909 loss=4.7912 ema=2.0871 lr=9.80e-04 seq=48 maskp=0.386 1.22 step/s
  step 5001/31909 loss=4.6332 ema=4.6175 lr=9.77e-04 seq=48 maskp=0.385 1.22 step/s
  step 5201/31909 loss=4.6642 ema=4.4420 lr=9.74e-04 seq=48 maskp=0.384 1.22 step/s
  step 5401/31909 loss=4.2377 ema=4.2764 lr=9.70e-04 seq=48 maskp=0.383 1.22 step/s
  [CKPT-BabyLM] elc_50M.pt @ 50.00M words
  step 5601/31909 loss=4.0497 ema=4.2559 lr=9.67e-04 seq=48 maskp=0.381 1.22 step/s
  step 5801/31909 loss=3.7717 ema=3.8699 lr=9.63e-04 seq=48 maskp=0.380 1.23 step/s
  step 6001/31909 loss=3.8055 ema=3.7910 lr=9.59e-04 seq=48 maskp=0.379 1.23 step/s
  step 6201/31909 loss=3.8269 ema=3.7651 lr=9.55e-04 seq=48 maskp=0.377 1.23 step/s
  step 6401/31909 loss=4.1717 ema=4.3189 lr=9.51e-04 seq=48 maskp=0.376 1.23 step/s
  step 6601/31909 loss=4.2294 ema=4.1426 lr=9.47e-04 seq=48 maskp=0.375 1.23 step/s
  [CKPT-BabyLM] elc_60M.pt @ 60.00M words
  step 6801/31909 loss=4.0416 ema=4.0702 lr=9.42e-04 seq=48 maskp=0.373 1.23 step/s
  step 7001/31909 loss=4.0127 ema=3.9589 lr=9.38e-04 seq=48 maskp=0.371 1.23 step/s
  step 7201/31909 loss=2.7954 ema=3.0287 lr=9.33e-04 seq=48 maskp=0.370 1.23 step/s
  step 7401/31909 loss=2.5748 ema=2.5605 lr=9.28e-04 seq=48 maskp=0.368 1.23 step/s
  step 7601/31909 loss=3.1451 ema=2.7693 lr=9.23e-04 seq=48 maskp=0.367 1.23 step/s
  step 7801/31909 loss=1.8785 ema=2.1699 lr=9.17e-04 seq=48 maskp=0.365 1.23 step/s
  [CKPT-BabyLM] elc_70M.pt @ 70.00M words
  step 8001/31909 loss=2.5429 ema=2.4869 lr=9.12e-04 seq=48 maskp=0.363 1.23 step/s
  step 8201/31909 loss=2.2831 ema=2.0163 lr=9.06e-04 seq=48 maskp=0.361 1.23 step/s
  step 8401/31909 loss=4.8024 ema=4.4034 lr=9.00e-04 seq=48 maskp=0.360 1.23 step/s
  step 8601/31909 loss=4.1184 ema=4.3030 lr=8.94e-04 seq=48 maskp=0.358 1.23 step/s
  step 8801/31909 loss=3.8552 ema=4.2246 lr=8.88e-04 seq=48 maskp=0.356 1.23 step/s
  [CKPT-BabyLM] elc_80M.pt @ 80.01M words
  step 9001/31909 loss=4.2210 ema=4.2474 lr=8.82e-04 seq=48 maskp=0.354 1.23 step/s
  step 9201/31909 loss=3.6641 ema=3.8117 lr=8.75e-04 seq=48 maskp=0.352 1.23 step/s
  step 9401/31909 loss=3.6758 ema=3.7115 lr=8.69e-04 seq=48 maskp=0.350 1.23 step/s
  step 9601/31909 loss=3.5345 ema=3.6828 lr=8.62e-04 seq=48 maskp=0.348 1.23 step/s
  step 9801/31909 loss=4.2050 ema=4.0861 lr=8.55e-04 seq=48 maskp=0.346 1.23 step/s
  step 10001/31909 loss=3.5646 ema=3.9370 lr=8.48e-04 seq=48 maskp=0.344 1.23 step/s
  [CKPT-BabyLM] elc_90M.pt @ 90.01M words
  step 10201/31909 loss=3.8118 ema=4.0992 lr=8.41e-04 seq=48 maskp=0.342 1.23 step/s
  step 10401/31909 loss=4.1144 ema=3.9448 lr=8.34e-04 seq=48 maskp=0.340 1.23 step/s
  step 10601/31909 loss=2.8269 ema=3.0454 lr=8.26e-04 seq=48 maskp=0.338 1.23 step/s
  step 10801/31909 loss=2.7200 ema=2.5416 lr=8.19e-04 seq=48 maskp=0.336 1.23 step/s
  step 11001/31909 loss=2.9911 ema=2.4987 lr=8.11e-04 seq=48 maskp=0.334 1.23 step/s
  [CKPT-BabyLM] elc_100M.pt @ 100.00M words
  step 11201/31909 loss=1.9723 ema=2.3418 lr=8.03e-04 seq=48 maskp=0.331 1.23 step/s
  step 11401/31909 loss=2.5597 ema=2.4696 lr=7.96e-04 seq=48 maskp=0.329 1.23 step/s
  step 11601/31909 loss=2.0325 ema=2.0056 lr=7.88e-04 seq=48 maskp=0.327 1.23 step/s
  step 11801/31909 loss=3.9917 ema=4.3084 lr=7.80e-04 seq=48 maskp=0.325 1.23 step/s
  step 12001/31909 loss=4.1281 ema=4.2985 lr=7.71e-04 seq=48 maskp=0.322 1.23 step/s
  step 12201/31909 loss=3.9605 ema=4.2279 lr=7.63e-04 seq=48 maskp=0.320 1.23 step/s
  [CKPT-BabyLM] elc_110M.pt @ 110.00M words
  step 12401/31909 loss=3.9759 ema=4.2171 lr=7.55e-04 seq=48 maskp=0.318 1.23 step/s
  step 12601/31909 loss=3.8668 ema=3.8183 lr=7.46e-04 seq=48 maskp=0.316 1.23 step/s
  step 12801/31909 loss=3.8091 ema=3.6733 lr=7.38e-04 seq=96 maskp=0.313 1.23 step/s
  step 13001/31909 loss=3.6823 ema=3.6408 lr=7.29e-04 seq=96 maskp=0.311 1.21 step/s
  [CKPT-BabyLM] elc_120M.pt @ 120.00M words
  step 13201/31909 loss=3.5079 ema=3.7072 lr=7.21e-04 seq=96 maskp=0.308 1.20 step/s
  step 13401/31909 loss=3.7126 ema=3.7629 lr=7.12e-04 seq=96 maskp=0.306 1.19 step/s
  step 13601/31909 loss=3.7949 ema=3.9271 lr=7.03e-04 seq=96 maskp=0.304 1.18 step/s
  [CKPT-BabyLM] elc_130M.pt @ 130.01M words
  step 13801/31909 loss=3.7688 ema=3.8276 lr=6.94e-04 seq=96 maskp=0.301 1.17 step/s
  step 14001/31909 loss=2.9683 ema=2.9980 lr=6.85e-04 seq=96 maskp=0.299 1.16 step/s
  step 14201/31909 loss=2.3030 ema=2.3911 lr=6.76e-04 seq=96 maskp=0.296 1.15 step/s
  [CKPT-BabyLM] elc_140M.pt @ 140.01M words
  step 14401/31909 loss=2.5252 ema=2.4370 lr=6.67e-04 seq=96 maskp=0.294 1.14 step/s
  step 14601/31909 loss=2.1007 ema=2.4587 lr=6.58e-04 seq=96 maskp=0.292 1.13 step/s
  [CKPT-BabyLM] elc_150M.pt @ 150.01M words
  step 14801/31909 loss=2.5443 ema=2.2081 lr=6.49e-04 seq=96 maskp=0.289 1.12 step/s
  step 15001/31909 loss=1.8647 ema=1.9074 lr=6.39e-04 seq=96 maskp=0.287 1.11 step/s
  step 15201/31909 loss=4.1914 ema=4.1576 lr=6.30e-04 seq=96 maskp=0.284 1.11 step/s
  [CKPT-BabyLM] elc_160M.pt @ 160.01M words
  step 15401/31909 loss=4.0138 ema=4.1634 lr=6.21e-04 seq=96 maskp=0.282 1.10 step/s
  step 15601/31909 loss=3.8765 ema=4.0448 lr=6.12e-04 seq=96 maskp=0.279 1.09 step/s
  step 15801/31909 loss=4.5313 ema=4.0186 lr=6.02e-04 seq=96 maskp=0.277 1.09 step/s
  [CKPT-BabyLM] elc_170M.pt @ 170.01M words
  step 16001/31909 loss=3.6919 ema=3.6874 lr=5.93e-04 seq=96 maskp=0.274 1.08 step/s
  step 16201/31909 loss=3.3939 ema=3.5363 lr=5.84e-04 seq=96 maskp=0.272 1.07 step/s
  step 16401/31909 loss=3.5770 ema=3.5507 lr=5.74e-04 seq=96 maskp=0.270 1.07 step/s
  [CKPT-BabyLM] elc_180M.pt @ 180.02M words
  step 16601/31909 loss=3.5988 ema=3.6524 lr=5.65e-04 seq=96 maskp=0.267 1.06 step/s
  step 16801/31909 loss=2.8951 ema=3.6380 lr=5.55e-04 seq=96 maskp=0.265 1.05 step/s
  step 17001/31909 loss=3.4374 ema=3.8115 lr=5.46e-04 seq=96 maskp=0.262 1.05 step/s
  [CKPT-BabyLM] elc_190M.pt @ 190.02M words
  step 17201/31909 loss=3.5808 ema=3.7653 lr=5.36e-04 seq=96 maskp=0.260 1.04 step/s
  step 17401/31909 loss=2.4069 ema=3.2129 lr=5.27e-04 seq=96 maskp=0.257 1.04 step/s
  [CKPT-BabyLM] elc_200M.pt @ 200.00M words
  step 17601/31909 loss=2.2392 ema=2.4431 lr=5.18e-04 seq=96 maskp=0.255 1.03 step/s
  step 17801/31909 loss=2.7029 ema=2.2474 lr=5.08e-04 seq=96 maskp=0.252 1.03 step/s
  step 18001/31909 loss=2.4450 ema=2.5776 lr=4.99e-04 seq=96 maskp=0.250 1.02 step/s
  step 18201/31909 loss=2.7354 ema=2.0370 lr=4.89e-04 seq=96 maskp=0.248 1.02 step/s
  step 18401/31909 loss=1.8561 ema=1.9632 lr=4.80e-04 seq=96 maskp=0.245 1.01 step/s
  step 18601/31909 loss=4.4101 ema=3.9804 lr=4.71e-04 seq=96 maskp=0.243 1.01 step/s
  step 18801/31909 loss=3.9838 ema=4.1091 lr=4.62e-04 seq=96 maskp=0.240 1.01 step/s
  step 19001/31909 loss=3.8657 ema=3.9978 lr=4.52e-04 seq=96 maskp=0.238 1.00 step/s
  step 19201/31909 loss=3.7223 ema=3.8260 lr=4.43e-04 seq=96 maskp=0.236 1.00 step/s
  step 19401/31909 loss=3.5155 ema=3.6287 lr=4.34e-04 seq=96 maskp=0.233 0.99 step/s
  step 19601/31909 loss=3.4874 ema=3.5158 lr=4.25e-04 seq=96 maskp=0.231 0.99 step/s
  step 19801/31909 loss=4.0779 ema=3.5245 lr=4.16e-04 seq=96 maskp=0.229 0.99 step/s
  step 20001/31909 loss=3.3932 ema=3.6775 lr=4.07e-04 seq=96 maskp=0.227 0.98 step/s
  step 20201/31909 loss=3.4646 ema=3.6435 lr=3.98e-04 seq=96 maskp=0.224 0.98 step/s
  step 20401/31909 loss=3.6451 ema=3.6706 lr=3.89e-04 seq=96 maskp=0.222 0.98 step/s
  step 20601/31909 loss=4.0117 ema=3.6562 lr=3.80e-04 seq=96 maskp=0.220 0.97 step/s
  step 20801/31909 loss=2.7716 ema=3.4511 lr=3.72e-04 seq=96 maskp=0.218 0.97 step/s
  step 21001/31909 loss=2.7188 ema=2.3263 lr=3.63e-04 seq=96 maskp=0.215 0.97 step/s
  step 21201/31909 loss=2.0168 ema=2.1700 lr=3.55e-04 seq=96 maskp=0.213 0.96 step/s
  step 21401/31909 loss=2.5560 ema=2.5544 lr=3.46e-04 seq=96 maskp=0.211 0.96 step/s
  step 21601/31909 loss=1.7734 ema=1.7898 lr=3.38e-04 seq=96 maskp=0.209 0.96 step/s
  step 21801/31909 loss=2.1774 ema=2.0409 lr=3.30e-04 seq=96 maskp=0.207 0.96 step/s
  step 22001/31909 loss=4.1531 ema=3.7003 lr=3.21e-04 seq=96 maskp=0.205 0.95 step/s
  step 22201/31909 loss=4.0052 ema=4.0756 lr=3.13e-04 seq=96 maskp=0.203 0.95 step/s
  step 22401/31909 loss=3.7514 ema=3.9752 lr=3.05e-04 seq=96 maskp=0.201 0.95 step/s
  step 22601/31909 loss=3.5331 ema=3.8491 lr=2.97e-04 seq=96 maskp=0.199 0.95 step/s
  step 22801/31909 loss=3.5608 ema=3.6306 lr=2.90e-04 seq=96 maskp=0.197 0.94 step/s
  step 23001/31909 loss=3.4721 ema=3.5067 lr=2.82e-04 seq=96 maskp=0.195 0.94 step/s
  step 23201/31909 loss=3.4094 ema=3.4522 lr=2.75e-04 seq=96 maskp=0.193 0.94 step/s
  step 23401/31909 loss=4.0032 ema=3.7141 lr=2.67e-04 seq=96 maskp=0.191 0.94 step/s
  step 23601/31909 loss=3.2231 ema=3.6599 lr=2.60e-04 seq=96 maskp=0.190 0.93 step/s
  step 23801/31909 loss=3.6747 ema=3.6831 lr=2.53e-04 seq=96 maskp=0.188 0.93 step/s
  step 24001/31909 loss=3.9545 ema=3.3477 lr=2.46e-04 seq=192 maskp=0.186 0.93 step/s
  step 24201/31909 loss=3.3925 ema=3.6489 lr=2.39e-04 seq=192 maskp=0.184 0.92 step/s
  step 24401/31909 loss=2.0451 ema=2.1543 lr=2.32e-04 seq=192 maskp=0.183 0.91 step/s
  step 24601/31909 loss=2.1551 ema=2.0454 lr=2.26e-04 seq=192 maskp=0.181 0.90 step/s
  step 24801/31909 loss=2.7896 ema=2.3748 lr=2.19e-04 seq=192 maskp=0.179 0.89 step/s
  step 25001/31909 loss=1.9271 ema=1.6945 lr=2.13e-04 seq=192 maskp=0.178 0.88 step/s
  step 25201/31909 loss=1.8144 ema=1.9801 lr=2.07e-04 seq=192 maskp=0.176 0.87 step/s
  step 25401/31909 loss=3.6098 ema=3.1700 lr=2.01e-04 seq=192 maskp=0.175 0.86 step/s
  step 25601/31909 loss=3.8559 ema=3.9720 lr=1.95e-04 seq=192 maskp=0.173 0.85 step/s
  step 25801/31909 loss=3.5430 ema=3.8705 lr=1.89e-04 seq=192 maskp=0.172 0.85 step/s
  step 26001/31909 loss=3.7665 ema=3.6982 lr=1.83e-04 seq=192 maskp=0.171 0.84 step/s
  step 26201/31909 loss=3.3408 ema=3.5994 lr=1.78e-04 seq=192 maskp=0.169 0.83 step/s
  step 26401/31909 loss=3.6265 ema=3.4300 lr=1.73e-04 seq=192 maskp=0.168 0.82 step/s
  step 26601/31909 loss=3.1533 ema=3.3607 lr=1.68e-04 seq=192 maskp=0.167 0.82 step/s
  step 26801/31909 loss=3.7690 ema=3.4791 lr=1.63e-04 seq=192 maskp=0.165 0.81 step/s
  step 27001/31909 loss=3.1787 ema=3.4478 lr=1.58e-04 seq=192 maskp=0.164 0.80 step/s
  step 27201/31909 loss=3.4944 ema=3.4885 lr=1.54e-04 seq=192 maskp=0.163 0.80 step/s
  step 27401/31909 loss=2.7796 ema=3.1205 lr=1.49e-04 seq=192 maskp=0.162 0.79 step/s
  step 27601/31909 loss=3.6279 ema=3.5645 lr=1.45e-04 seq=192 maskp=0.161 0.79 step/s
  step 27801/31909 loss=1.8660 ema=2.2264 lr=1.41e-04 seq=192 maskp=0.160 0.78 step/s
  step 28001/31909 loss=2.2393 ema=2.1173 lr=1.37e-04 seq=192 maskp=0.159 0.77 step/s
