CUDA: NVIDIA GB10 | torch 2.12.0+cu130
arm A seed 0: dose_tok=1498229 base_tok=13757590 | stage1=182 stage2=12595 total=12777 warmup=766 | batch=256 seq=128 peak_lr=0.001
  step 50/182 loss=7.8727 ema=9.1612 lr=6.53e-05 0.51 step/s eta=4.3min
  step 100/182 loss=5.9729 ema=7.8537 lr=1.31e-04 0.51 step/s eta=2.7min
  step 150/182 loss=5.6078 ema=7.1356 lr=1.96e-04 0.52 step/s eta=1.0min
  step 382/12777 loss=6.3901 ema=5.9906 lr=4.99e-04 0.52 step/s eta=396.8min
  step 582/12777 loss=5.9249 ema=6.2832 lr=7.60e-04 0.52 step/s eta=390.4min
  step 782/12777 loss=6.8614 ema=4.5663 lr=1.00e-03 0.52 step/s eta=384.0min
  step 982/12777 loss=4.9429 ema=5.6142 lr=9.99e-04 0.52 step/s eta=377.5min
  step 1182/12777 loss=2.9244 ema=4.0358 lr=9.97e-04 0.52 step/s eta=371.1min
  step 1382/12777 loss=4.5646 ema=5.0850 lr=9.94e-04 0.52 step/s eta=364.7min
  step 1582/12777 loss=3.7338 ema=4.1933 lr=9.90e-04 0.52 step/s eta=358.3min
  step 1782/12777 loss=5.2462 ema=5.0460 lr=9.84e-04 0.52 step/s eta=351.9min
  step 1982/12777 loss=4.8488 ema=5.0974 lr=9.77e-04 0.52 step/s eta=345.6min
  step 2182/12777 loss=5.7061 ema=4.5492 lr=9.70e-04 0.52 step/s eta=339.1min
  step 2382/12777 loss=5.2633 ema=5.0154 lr=9.60e-04 0.52 step/s eta=332.7min
  step 2582/12777 loss=3.0484 ema=3.0989 lr=9.50e-04 0.52 step/s eta=326.3min
  step 2782/12777 loss=4.3840 ema=4.3631 lr=9.39e-04 0.52 step/s eta=319.9min
  step 2982/12777 loss=2.7432 ema=3.1837 lr=9.27e-04 0.52 step/s eta=313.5min
  step 3182/12777 loss=4.3834 ema=4.4601 lr=9.13e-04 0.52 step/s eta=307.1min
  step 3382/12777 loss=3.4712 ema=3.7004 lr=8.99e-04 0.52 step/s eta=300.7min
  step 3582/12777 loss=4.8221 ema=4.6309 lr=8.83e-04 0.52 step/s eta=294.3min
  step 3782/12777 loss=4.3221 ema=4.7219 lr=8.67e-04 0.52 step/s eta=287.9min
  step 3982/12777 loss=5.5425 ema=4.1498 lr=8.50e-04 0.52 step/s eta=281.5min
  step 4182/12777 loss=4.9803 ema=4.6516 lr=8.32e-04 0.52 step/s eta=275.1min
  step 4382/12777 loss=2.6292 ema=2.8341 lr=8.13e-04 0.52 step/s eta=268.7min
  step 4582/12777 loss=4.1244 ema=4.0892 lr=7.94e-04 0.52 step/s eta=262.3min
  step 4782/12777 loss=2.7854 ema=2.9130 lr=7.74e-04 0.52 step/s eta=255.9min
  step 4982/12777 loss=3.8893 ema=4.1995 lr=7.53e-04 0.52 step/s eta=249.5min
  step 5182/12777 loss=3.1635 ema=3.3978 lr=7.32e-04 0.52 step/s eta=243.1min
  step 5382/12777 loss=4.8397 ema=4.3407 lr=7.10e-04 0.52 step/s eta=236.7min
  step 5582/12777 loss=4.1356 ema=4.4420 lr=6.88e-04 0.52 step/s eta=230.3min
  step 5782/12777 loss=5.1764 ema=3.8132 lr=6.65e-04 0.52 step/s eta=223.9min
  step 5982/12777 loss=4.6532 ema=4.3380 lr=6.42e-04 0.52 step/s eta=217.5min
  step 6182/12777 loss=2.5341 ema=2.5933 lr=6.19e-04 0.52 step/s eta=211.1min
  step 6382/12777 loss=3.6675 ema=3.8808 lr=5.96e-04 0.52 step/s eta=204.7min
  step 6582/12777 loss=2.4616 ema=2.6778 lr=5.72e-04 0.52 step/s eta=198.3min
  step 6782/12777 loss=3.8796 ema=3.9716 lr=5.49e-04 0.52 step/s eta=191.9min
  step 6982/12777 loss=2.5928 ema=3.1609 lr=5.25e-04 0.52 step/s eta=185.5min
  step 7182/12777 loss=4.5127 ema=4.0967 lr=5.02e-04 0.52 step/s eta=179.1min
  step 7382/12777 loss=4.3290 ema=4.1813 lr=4.79e-04 0.52 step/s eta=172.7min
  step 7582/12777 loss=3.8833 ema=3.5611 lr=4.55e-04 0.52 step/s eta=166.3min
  step 7782/12777 loss=4.4303 ema=4.0610 lr=4.33e-04 0.52 step/s eta=159.9min
  step 7982/12777 loss=2.4121 ema=2.4058 lr=4.10e-04 0.52 step/s eta=153.5min
  step 8182/12777 loss=3.4273 ema=3.6932 lr=3.88e-04 0.52 step/s eta=147.1min
  step 8382/12777 loss=2.3959 ema=2.4957 lr=3.66e-04 0.52 step/s eta=140.7min
  step 8582/12777 loss=3.6754 ema=3.7778 lr=3.45e-04 0.52 step/s eta=134.3min
  step 8782/12777 loss=2.5395 ema=2.9704 lr=3.24e-04 0.52 step/s eta=127.9min
  step 8982/12777 loss=4.3150 ema=3.8979 lr=3.04e-04 0.52 step/s eta=121.4min
  step 9182/12777 loss=3.9094 ema=3.9838 lr=2.85e-04 0.52 step/s eta=115.0min
  step 9382/12777 loss=3.7398 ema=3.3730 lr=2.66e-04 0.52 step/s eta=108.6min
  step 9582/12777 loss=4.2730 ema=3.8287 lr=2.48e-04 0.52 step/s eta=102.3min
  step 9782/12777 loss=2.4128 ema=2.2691 lr=2.31e-04 0.52 step/s eta=95.8min
  step 9982/12777 loss=3.6033 ema=3.5659 lr=2.15e-04 0.52 step/s eta=89.4min
  step 10182/12777 loss=2.3886 ema=2.3752 lr=2.00e-04 0.52 step/s eta=83.0min
  step 10382/12777 loss=3.6853 ema=3.6438 lr=1.86e-04 0.52 step/s eta=76.6min
  step 10582/12777 loss=2.1492 ema=2.8567 lr=1.72e-04 0.52 step/s eta=70.2min
  step 10782/12777 loss=4.3078 ema=3.7585 lr=1.60e-04 0.52 step/s eta=63.8min
  step 10982/12777 loss=3.7774 ema=3.8442 lr=1.49e-04 0.52 step/s eta=57.4min
  step 11182/12777 loss=4.4095 ema=3.2438 lr=1.39e-04 0.52 step/s eta=51.0min
  step 11382/12777 loss=3.8076 ema=3.6759 lr=1.30e-04 0.52 step/s eta=44.6min
  step 11582/12777 loss=2.2860 ema=2.1877 lr=1.22e-04 0.52 step/s eta=38.2min
  step 11782/12777 loss=3.3036 ema=3.4759 lr=1.15e-04 0.52 step/s eta=31.8min
  step 11982/12777 loss=1.9877 ema=2.3077 lr=1.10e-04 0.52 step/s eta=25.4min
  step 12182/12777 loss=3.5621 ema=3.5655 lr=1.05e-04 0.52 step/s eta=19.0min
  step 12382/12777 loss=2.1627 ema=2.8093 lr=1.02e-04 0.52 step/s eta=12.6min
  step 12582/12777 loss=4.1458 ema=3.6701 lr=1.01e-04 0.52 step/s eta=6.2min
DONE arm A seed 0: steps=12777 tokens=418676736 final_loss=3.8395 best_loss=1.4324 wall=408.9min -> data/checkpoints/recipe_v2/arm_A_seed_0/elc.pt
smoke PLL acc (4 pairs, NOT evidence): 0.750
