CUDA: NVIDIA GB10 | torch 2.12.0+cu130
submission: doses=['A', 'B', 'C', 'D'] dose_tok=5992836 base_tok=13757590 | stage1=274 stage2=1469 total=1743 | muon=on mask=0.3->0.15 freq_alpha=0.5 max_seq=256
N-hot embeddings: ON (vocab=20000, nhot_dim=10, d_model=768)
Kāraka lookup: BPE-heuristic (10574 kartā, 2533 viśeṣaṇa, 6893 separator)
Structured masking: ON (p=0.3→0.15)
=== Launching seed 1 → data/checkpoints/submission_compliant/seed_1 ===
BabyLM checkpoints: ON (milestones at 1M–10M every 1M, then every 10M)
CUDA: NVIDIA GB10 | torch 2.12.0+cu130
submission: doses=['A', 'B', 'C', 'D'] dose_tok=5992836 base_tok=13757590 | stage1=274 stage2=1469 total=1743 | muon=on mask=0.3->0.15 freq_alpha=0.5 max_seq=256
N-hot embeddings: ON (vocab=20000, nhot_dim=10, d_model=768)
Kāraka lookup: BPE-heuristic (10574 kartā, 2533 viśeṣaṇa, 6893 separator)
Structured masking: ON (p=0.3→0.15)
BabyLM checkpoints: ON (milestones at 1M–10M every 1M, then every 10M)
  [CKPT-BabyLM] elc_1M.pt @ 1.00M words
  [CKPT-BabyLM] elc_2M.pt @ 2.00M words
  step 200/1743 loss=14.1093 ema=10.0446 lr=1.99e-03 seq=64 maskp=0.295 0.37 step/s
  step 200/1743 loss=14.1093 ema=10.0446 lr=1.99e-03 seq=64 maskp=0.295 0.36 step/s
  [CKPT-BabyLM] elc_3M.pt @ 3.00M words
/home/sharaths/projects/PSALM-integration/src/psalm/infrastructure/ml/structured_masking.py:184: RuntimeWarning: invalid value encountered in divide
  freq = np.where(self.counts > 0, self.masked / self.counts, base_prob)
Salience transfer: saved data/checkpoints/submission_compliant/seed_1/salience_weights.npy (20000 entries)
  [CKPT-BabyLM] elc_4M.pt @ 4.00M words
  [CKPT-BabyLM] elc_5M.pt @ 5.00M words
  step 474/1743 loss=6.8768 ema=6.9501 lr=1.78e-03 seq=64 maskp=0.274 0.54 step/s
  [CKPT-BabyLM] elc_6M.pt @ 6.00M words
  [CKPT-BabyLM] elc_7M.pt @ 7.00M words
  [CKPT-BabyLM] elc_8M.pt @ 8.00M words
  step 674/1743 loss=5.2025 ema=5.9844 lr=1.52e-03 seq=64 maskp=0.251 0.55 step/s
  [CKPT-BabyLM] elc_9M.pt @ 9.01M words
  [CKPT-BabyLM] elc_10M.pt @ 10.01M words
  step 874/1743 loss=5.1493 ema=5.9250 lr=1.19e-03 seq=128 maskp=0.225 0.46 step/s
