CUDA: NVIDIA GB10 | torch 2.12.0+cu130
submission: doses=['A', 'B', 'C', 'D'] dose_tok=5992836 base_tok=13757590 | stage1=365 stage2=8396 total=8761 | muon=on mask=0.4->0.15 freq_alpha=0.5 max_seq=256
N-hot embeddings: ON (vocab=20000, nhot_dim=10, d_model=768)
Kāraka lookup: empty (all tokens → 'unknown'; role-stratified probs via base_prob)
Structured masking: ON (p=0.4→0.15)
  step 200/8761 loss=12.3771 ema=10.7936 lr=3.81e-04 seq=64 maskp=0.400 1.09 step/s
/home/sharaths/projects/PSALM-integration/src/psalm/infrastructure/ml/structured_masking.py:167: RuntimeWarning: invalid value encountered in divide
  freq = np.where(self.counts > 0, self.masked / self.counts, base_prob)
Salience transfer: saved data/checkpoints/submission/salience_weights.npy (20000 entries)
  step 565/8761 loss=7.2593 ema=6.7701 lr=1.00e-03 seq=64 maskp=0.397 1.08 step/s
  step 765/8761 loss=6.5108 ema=5.9588 lr=9.98e-04 seq=64 maskp=0.395 1.08 step/s
  step 965/8761 loss=6.4577 ema=5.8863 lr=9.94e-04 seq=64 maskp=0.393 1.08 step/s
  step 1165/8761 loss=6.6182 ema=5.7963 lr=9.87e-04 seq=64 maskp=0.389 1.08 step/s
  step 1365/8761 loss=6.7267 ema=5.1138 lr=9.77e-04 seq=64 maskp=0.385 1.08 step/s
  step 1565/8761 loss=3.6536 ema=3.9696 lr=9.65e-04 seq=64 maskp=0.381 1.08 step/s
  step 1765/8761 loss=3.3583 ema=4.1887 lr=9.51e-04 seq=64 maskp=0.376 1.08 step/s
  step 1965/8761 loss=4.3530 ema=4.6299 lr=9.34e-04 seq=64 maskp=0.370 1.08 step/s
  step 2165/8761 loss=4.7431 ema=5.0495 lr=9.15e-04 seq=64 maskp=0.364 1.08 step/s
  step 2365/8761 loss=5.4035 ema=4.8737 lr=8.94e-04 seq=64 maskp=0.358 1.08 step/s
  step 2565/8761 loss=4.2549 ema=4.4834 lr=8.71e-04 seq=64 maskp=0.351 1.08 step/s
  step 2765/8761 loss=4.5678 ema=4.5589 lr=8.46e-04 seq=64 maskp=0.343 1.08 step/s
  step 2965/8761 loss=5.0563 ema=4.5699 lr=8.19e-04 seq=64 maskp=0.336 1.08 step/s
  step 3165/8761 loss=5.0518 ema=4.1983 lr=7.91e-04 seq=64 maskp=0.328 1.08 step/s
  step 3365/8761 loss=3.1019 ema=3.6027 lr=7.61e-04 seq=64 maskp=0.320 1.08 step/s
  step 3565/8761 loss=4.8163 ema=4.7508 lr=7.30e-04 seq=128 maskp=0.311 1.07 step/s
  step 3765/8761 loss=5.8142 ema=5.5850 lr=6.98e-04 seq=128 maskp=0.302 1.03 step/s
  step 3965/8761 loss=6.2462 ema=6.1145 lr=6.65e-04 seq=128 maskp=0.294 1.00 step/s
  step 4165/8761 loss=7.0265 ema=6.0531 lr=6.32e-04 seq=128 maskp=0.285 0.97 step/s
  step 4365/8761 loss=6.1068 ema=5.8547 lr=5.98e-04 seq=128 maskp=0.276 0.95 step/s
  step 4565/8761 loss=6.3365 ema=6.0118 lr=5.64e-04 seq=128 maskp=0.267 0.93 step/s
  step 4765/8761 loss=6.7606 ema=5.9807 lr=5.29e-04 seq=128 maskp=0.258 0.91 step/s
  step 4965/8761 loss=6.6104 ema=5.6845 lr=4.95e-04 seq=128 maskp=0.249 0.89 step/s
  step 5165/8761 loss=5.4271 ema=5.0650 lr=4.61e-04 seq=128 maskp=0.240 0.88 step/s
  step 5365/8761 loss=5.4862 ema=5.3710 lr=4.28e-04 seq=128 maskp=0.232 0.87 step/s
  step 5565/8761 loss=5.7259 ema=5.8092 lr=3.95e-04 seq=128 maskp=0.224 0.86 step/s
  step 5765/8761 loss=6.4051 ema=6.0425 lr=3.63e-04 seq=128 maskp=0.215 0.85 step/s
  step 5965/8761 loss=6.8006 ema=5.7849 lr=3.33e-04 seq=128 maskp=0.208 0.84 step/s
  step 6165/8761 loss=5.7686 ema=5.3829 lr=3.03e-04 seq=128 maskp=0.200 0.83 step/s
  step 6365/8761 loss=6.0171 ema=5.3517 lr=2.75e-04 seq=128 maskp=0.193 0.82 step/s
  step 6565/8761 loss=5.8453 ema=5.1041 lr=2.49e-04 seq=128 maskp=0.187 0.82 step/s
  step 6765/8761 loss=6.4315 ema=4.9385 lr=2.24e-04 seq=256 maskp=0.181 0.78 step/s
  step 6965/8761 loss=5.0250 ema=4.4647 lr=2.02e-04 seq=256 maskp=0.175 0.75 step/s
  step 7165/8761 loss=4.5982 ema=4.7574 lr=1.81e-04 seq=256 maskp=0.170 0.73 step/s
  step 7365/8761 loss=4.8065 ema=5.1877 lr=1.62e-04 seq=256 maskp=0.165 0.70 step/s
  step 7565/8761 loss=5.8502 ema=5.6020 lr=1.46e-04 seq=256 maskp=0.161 0.68 step/s
  step 7765/8761 loss=6.3380 ema=5.4044 lr=1.32e-04 seq=256 maskp=0.158 0.67 step/s
  step 7965/8761 loss=5.7234 ema=5.1913 lr=1.21e-04 seq=256 maskp=0.155 0.65 step/s
  step 8165/8761 loss=5.6051 ema=5.1890 lr=1.12e-04 seq=256 maskp=0.153 0.64 step/s
  step 8365/8761 loss=6.0525 ema=5.1196 lr=1.05e-04 seq=256 maskp=0.151 0.62 step/s
  step 8565/8761 loss=6.1237 ema=4.7444 lr=1.01e-04 seq=256 maskp=0.150 0.61 step/s
DONE submission: steps=8761 final_loss=4.5256 best_loss=1.8786 wall=239.1min -> data/checkpoints/submission/elc.pt
