CUDA: NVIDIA GB10 | torch 2.12.0+cu130
submission: doses=['A', 'B', 'C', 'D'] dose_tok=5992836 base_tok=13757590 | stage1=274 stage2=1469 total=1743 | muon=on mask=0.3->0.15 freq_alpha=0.5 max_seq=256
N-hot embeddings: ON (vocab=20000, nhot_dim=10, d_model=768)
Kāraka lookup: BPE-heuristic (10574 kartā, 2533 viśeṣaṇa, 6893 separator)
Structured masking: ON (p=0.3→0.15)
  step 200/1743 loss=14.1093 ema=10.0446 lr=1.99e-03 seq=64 maskp=0.295 0.97 step/s
/home/sharaths/projects/PSALM-integration/src/psalm/infrastructure/ml/structured_masking.py:167: RuntimeWarning: invalid value encountered in divide
  freq = np.where(self.counts > 0, self.masked / self.counts, base_prob)
Salience transfer: saved data/checkpoints/submission_compliant/seed_0/salience_weights.npy (20000 entries)
  step 474/1743 loss=6.8768 ema=6.9501 lr=1.78e-03 seq=64 maskp=0.274 0.97 step/s
  step 674/1743 loss=5.2025 ema=5.9844 lr=1.52e-03 seq=64 maskp=0.251 0.97 step/s
  [CKPT] elc_8M.pt @ 8.26M words (step 694)
  step 874/1743 loss=5.1493 ema=5.9250 lr=1.19e-03 seq=128 maskp=0.225 0.80 step/s
  [CKPT] elc_13M.pt @ 13.28M words (step 906)
  step 1074/1743 loss=5.6566 ema=5.8273 lr=8.46e-04 seq=128 maskp=0.198 0.69 step/s
  [CKPT] elc_18M.pt @ 18.28M words (step 1116)
  step 1274/1743 loss=6.2231 ema=5.5289 lr=5.41e-04 seq=128 maskp=0.175 0.30 step/s
  [CKPT] elc_23M.pt @ 23.30M words (step 1317)
  [CKPT] elc_28M.pt @ 28.30M words (step 1422)
  step 1474/1743 loss=3.2556 ema=4.8450 lr=3.18e-04 seq=256 maskp=0.159 0.30 step/s
  [CKPT] elc_33M.pt @ 33.30M words (step 1527)
  [CKPT] elc_38M.pt @ 38.30M words (step 1632)
  step 1674/1743 loss=2.9605 ema=5.0547 lr=2.08e-04 seq=256 maskp=0.151 0.23 step/s
  [CKPT] elc_43M.pt @ 43.31M words (step 1737)
DONE submission: steps=1743 words=43.6M final_loss=6.4569 best_loss=1.8349 wall=110.3min -> data/checkpoints/submission_compliant/seed_0/elc.pt
